2025-09-04 20:23:15,220 - twister - INFO - Using Ninja..
2025-09-04 20:23:15,270 - twister - INFO - Zephyr version: v4.2.0-31-g663da2302b04
2025-09-04 20:23:15,272 - twister - DEBUG - Running cmake script /home/joeyw/zephyr-dev/zephyr/cmake/verify-toolchain.cmake
2025-09-04 20:23:15,272 - twister - DEBUG - Calling cmake: /usr/bin/cmake -DFORMAT=json -P /home/joeyw/zephyr-dev/zephyr/cmake/verify-toolchain.cmake
2025-09-04 20:23:15,389 - twister - DEBUG - Finished running /home/joeyw/zephyr-dev/zephyr/cmake/verify-toolchain.cmake
2025-09-04 20:23:15,389 - twister - INFO - Using 'zephyr' toolchain.
2025-09-04 20:23:16,144 - twister - DEBUG - Reading testsuite configuration files under /home/joeyw/zephyr-dev/apps/stm32h753zi_stepper/tests/unit...
2025-09-04 20:23:16,144 - twister - DEBUG - Found possible testsuite in /home/joeyw/zephyr-dev/apps/stm32h753zi_stepper/tests/unit
2025-09-04 20:23:16,146 - twister - DEBUG - No duplicates found.
2025-09-04 20:23:16,147 - twister - DEBUG - platform filter: ['native_sim']
2025-09-04 20:23:16,147 - twister - DEBUG -   vendor filter: []
2025-09-04 20:23:16,147 - twister - DEBUG -     arch_filter: None
2025-09-04 20:23:16,147 - twister - DEBUG -      tag_filter: None
2025-09-04 20:23:16,147 - twister - DEBUG -     exclude_tag: None
2025-09-04 20:23:16,147 - twister - DEBUG - Checking platform filter: ['native_sim']
2025-09-04 20:23:16,147 - twister - INFO - Building initial testsuite list...
2025-09-04 20:23:16,147 - twister - INFO - Writing JSON report /home/joeyw/zephyr-dev/twister-out/testplan.json
2025-09-04 20:23:16,159 - twister - INFO - JOBS: 4
2025-09-04 20:23:16,159 - twister - INFO - Adding tasks to the queue...
2025-09-04 20:23:16,159 - twister - DEBUG - adding native_sim/native/host/stm32h753zi_stepper.unit
2025-09-04 20:23:16,163 - twister - INFO - Added initial list of jobs to queue
2025-09-04 20:23:16,167 - twister - DEBUG - Launched 4 jobs
2025-09-04 20:23:16,173 - twister - DEBUG - Running cmake on /home/joeyw/zephyr-dev/apps/stm32h753zi_stepper/tests/unit for native_sim/native
2025-09-04 20:23:16,173 - twister - DEBUG - Calling cmake: /usr/bin/cmake -B/home/joeyw/zephyr-dev/twister-out/native_sim_native/host/stm32h753zi_stepper.unit -DTC_RUNID=eefe5eeb1e0ccc7a5a180efc62fcfc2d -DTC_NAME=stm32h753zi_stepper.unit -DCONFIG_COMPILER_WARNINGS_AS_ERRORS=y -DEXTRA_GEN_EDT_ARGS=--edtlib-Werror -GNinja -DPython3_EXECUTABLE=/home/joeyw/zephyr-dev/.venv/bin/python3 -DZEPHYR_TOOLCHAIN_VARIANT=host -S/home/joeyw/zephyr-dev/apps/stm32h753zi_stepper/tests/unit -DBOARD=native_sim/native
2025-09-04 20:23:19,135 - twister - DEBUG - Finished running cmake /home/joeyw/zephyr-dev/apps/stm32h753zi_stepper/tests/unit for native_sim/native in 2.96 seconds
2025-09-04 20:23:19,137 - twister - DEBUG - build test: native_sim/native/host/stm32h753zi_stepper.unit
2025-09-04 20:23:19,137 - twister - DEBUG - Building /home/joeyw/zephyr-dev/apps/stm32h753zi_stepper/tests/unit for native_sim/native
2025-09-04 20:23:19,137 - twister - DEBUG - Running /usr/bin/cmake --build /home/joeyw/zephyr-dev/twister-out/native_sim_native/host/stm32h753zi_stepper.unit
2025-09-04 20:23:20,298 - twister - DEBUG - Finished building /home/joeyw/zephyr-dev/apps/stm32h753zi_stepper/tests/unit for native_sim/native in 1.16 seconds
2025-09-04 20:23:20,298 - twister - DEBUG - Determine test cases for test instance: native_sim/native/host/stm32h753zi_stepper.unit
2025-09-04 20:23:20,298 - twister - DEBUG - Determine test cases for test suite: stm32h753zi_stepper.unit
2025-09-04 20:23:20,336 - twister - DEBUG - Test instance native_sim/native/host/stm32h753zi_stepper.unit already has 11 testcase(s) known: [<TestCase stm32h753zi_stepper.unit.stepper_models.persist_active with None>, <TestCase stm32h753zi_stepper.unit.l6470_codec.pack_run_frame_dev0 with None>, <TestCase stm32h753zi_stepper.unit.power_control_tests.power_state_hooks with None>, <TestCase stm32h753zi_stepper.unit.l6470_apply_model.program_core_params with None>, <TestCase stm32h753zi_stepper.unit.l6470_codec.build_get_status_tx_and_parse with None>, <TestCase stm32h753zi_stepper.unit.l6470_limits.run_rejects_high_speed with None>, <TestCase stm32h753zi_stepper.unit.l6470_limits.move_rejects_too_many_steps with None>, <TestCase stm32h753zi_stepper.unit.l6470_strict.run_frame_bytes with None>, <TestCase stm32h753zi_stepper.unit.l6470_codec.pack_move_frame_dev1 with None>, <TestCase stm32h753zi_stepper.unit.l6470_strict.move_frame_bytes with None>, <TestCase stm32h753zi_stepper.unit.stepper_models.switch_and_enforce with None>]
2025-09-04 20:23:20,336 - twister - DEBUG - Detected 10 Ztest case(s): [stm32h753zi_stepper.unit.l6470_codec.build_get_status_tx_and_parse, stm32h753zi_stepper.unit.l6470_codec.pack_move_frame_dev1, stm32h753zi_stepper.unit.l6470_codec.pack_run_frame_dev0, stm32h753zi_stepper.unit.l6470_limits.move_rejects_too_many_steps, stm32h753zi_stepper.unit.l6470_limits.run_rejects_high_speed, stm32h753zi_stepper.unit.stepper_models.persist_active, stm32h753zi_stepper.unit.stepper_models.switch_and_enforce, stm32h753zi_stepper.unit.l6470_strict.move_frame_bytes, stm32h753zi_stepper.unit.l6470_strict.run_frame_bytes, stm32h753zi_stepper.unit.l6470_apply_model.program_core_params] in /home/joeyw/zephyr-dev/twister-out/native_sim_native/host/stm32h753zi_stepper.unit/zephyr/zephyr.elf
2025-09-04 20:23:20,338 - twister - DEBUG - run test: native_sim/native/host/stm32h753zi_stepper.unit
2025-09-04 20:23:20,338 - twister - DEBUG - Reset instance status from 'passed' to None before run.
2025-09-04 20:23:20,338 - twister - DEBUG - Spawning process: /home/joeyw/zephyr-dev/twister-out/native_sim_native/host/stm32h753zi_stepper.unit/zephyr/zephyr.exe
in directory: /home/joeyw/zephyr-dev/twister-out/native_sim_native/host/stm32h753zi_stepper.unit
2025-09-04 20:23:20,339 - twister - DEBUG - Spawning BinaryHandler Thread for native_sim/native/host/stm32h753zi_stepper.unit
2025-09-04 20:23:20,340 - twister - DEBUG - OUTPUT: *** Booting Zephyr OS build v4.2.0-31-g663da2302b04 ***
2025-09-04 20:23:20,340 - twister - DEBUG - OUTPUT: Running TESTSUITE l6470_apply_model
2025-09-04 20:23:20,340 - twister - DEBUG - OUTPUT: ===================================================================
2025-09-04 20:23:20,341 - twister - DEBUG - OUTPUT: START - test_program_core_params
2025-09-04 20:23:20,341 - twister - DEBUG - OUTPUT: 
2025-09-04 20:23:20,341 - twister - DEBUG - OUTPUT:     Assertion failed at WEST_TOPDIR/apps/stm32h753zi_stepper/tests/unit/test_l6470_apply_model.c:53: l6470_apply_model_test_program_core_params: (cap_cnt >= 6 is false)
2025-09-04 20:23:20,341 - twister - DEBUG - OUTPUT: expected multiple register writes, got 0
2025-09-04 20:23:20,341 - twister - DEBUG - OUTPUT:  FAIL - test_program_core_params in 0.000 seconds
2025-09-04 20:23:20,341 - twister - DEBUG - OUTPUT: ===================================================================
2025-09-04 20:23:20,342 - twister - DEBUG - OUTPUT: TESTSUITE l6470_apply_model failed.
2025-09-04 20:23:20,342 - twister - DEBUG - OUTPUT: Running TESTSUITE l6470_codec
2025-09-04 20:23:20,342 - twister - DEBUG - OUTPUT: ===================================================================
2025-09-04 20:23:20,342 - twister - DEBUG - OUTPUT: START - test_build_get_status_tx_and_parse
2025-09-04 20:23:20,342 - twister - DEBUG - OUTPUT:  PASS - test_build_get_status_tx_and_parse in 0.000 seconds
2025-09-04 20:23:20,342 - twister - DEBUG - OUTPUT: ===================================================================
2025-09-04 20:23:20,342 - twister - DEBUG - OUTPUT: START - test_pack_move_frame_dev1
2025-09-04 20:23:20,343 - twister - DEBUG - OUTPUT:  PASS - test_pack_move_frame_dev1 in 0.000 seconds
2025-09-04 20:23:20,343 - twister - DEBUG - OUTPUT: ===================================================================
2025-09-04 20:23:20,343 - twister - DEBUG - OUTPUT: START - test_pack_run_frame_dev0
2025-09-04 20:23:20,343 - twister - DEBUG - OUTPUT:  PASS - test_pack_run_frame_dev0 in 0.000 seconds
2025-09-04 20:23:20,343 - twister - DEBUG - OUTPUT: ===================================================================
2025-09-04 20:23:20,343 - twister - DEBUG - OUTPUT: TESTSUITE l6470_codec succeeded
2025-09-04 20:23:20,343 - twister - DEBUG - OUTPUT: Running TESTSUITE l6470_limits
2025-09-04 20:23:20,343 - twister - DEBUG - OUTPUT: ===================================================================
2025-09-04 20:23:20,343 - twister - DEBUG - OUTPUT: START - test_move_rejects_too_many_steps
2025-09-04 20:23:20,343 - twister - DEBUG - OUTPUT: [00:00:00.000,000] [1;31m<err> l6470: Requested steps 8388608 exceeds configured max 8388607[0m
2025-09-04 20:23:20,344 - twister - DEBUG - OUTPUT:  PASS - test_move_rejects_too_many_steps in 0.000 seconds
2025-09-04 20:23:20,344 - twister - DEBUG - OUTPUT: ===================================================================
2025-09-04 20:23:20,344 - twister - DEBUG - OUTPUT: START - test_run_rejects_high_speed
2025-09-04 20:23:20,344 - twister - DEBUG - OUTPUT: [00:00:00.000,000] [1;31m<err> l6470: Requested speed 1300 exceeds model max 1200[0m
2025-09-04 20:23:20,344 - twister - DEBUG - OUTPUT:  PASS - test_run_rejects_high_speed in 0.000 seconds
2025-09-04 20:23:20,344 - twister - DEBUG - OUTPUT: ===================================================================
2025-09-04 20:23:20,344 - twister - DEBUG - OUTPUT: TESTSUITE l6470_limits succeeded
2025-09-04 20:23:20,344 - twister - DEBUG - OUTPUT: Running TESTSUITE l6470_strict
2025-09-04 20:23:20,345 - twister - DEBUG - OUTPUT: ===================================================================
2025-09-04 20:23:20,345 - twister - DEBUG - OUTPUT: START - test_move_frame_bytes
2025-09-04 20:23:20,345 - twister - DEBUG - OUTPUT:  PASS - test_move_frame_bytes in 0.000 seconds
2025-09-04 20:23:20,345 - twister - DEBUG - OUTPUT: ===================================================================
2025-09-04 20:23:20,345 - twister - DEBUG - OUTPUT: START - test_run_frame_bytes
2025-09-04 20:23:20,345 - twister - DEBUG - OUTPUT:  PASS - test_run_frame_bytes in 0.000 seconds
2025-09-04 20:23:20,345 - twister - DEBUG - OUTPUT: ===================================================================
2025-09-04 20:23:20,345 - twister - DEBUG - OUTPUT: TESTSUITE l6470_strict succeeded
2025-09-04 20:23:20,345 - twister - DEBUG - OUTPUT: Running TESTSUITE stepper_models
2025-09-04 20:23:20,345 - twister - DEBUG - OUTPUT: ===================================================================
2025-09-04 20:23:20,346 - twister - DEBUG - OUTPUT: START - test_persist_active
2025-09-04 20:23:20,346 - twister - DEBUG - OUTPUT: [00:00:00.000,000] [0m<inf> l6470: Active model for axis 1 set to 17HS3001-20B[0m
2025-09-04 20:23:20,346 - twister - DEBUG - OUTPUT: [00:00:00.000,000] [1;31m<err> l6470: Failed to persist active model indices: -2[0m
2025-09-04 20:23:20,346 - twister - DEBUG - OUTPUT: [00:00:00.000,000] [1;31m<err> l6470: Failed to persist active model indices: -2[0m
2025-09-04 20:23:20,346 - twister - DEBUG - OUTPUT:  PASS - test_persist_active in 0.000 seconds
2025-09-04 20:23:20,346 - twister - DEBUG - OUTPUT: ===================================================================
2025-09-04 20:23:20,346 - twister - DEBUG - OUTPUT: START - test_switch_and_enforce
2025-09-04 20:23:20,346 - twister - DEBUG - OUTPUT: [00:00:00.000,000] [0m<inf> l6470: Active model for axis 0 set to 17HS3001-20B[0m
2025-09-04 20:23:20,346 - twister - DEBUG - OUTPUT: [00:00:00.000,000] [1;31m<err> l6470: Failed to persist active model indices: -2[0m
2025-09-04 20:23:20,346 - twister - DEBUG - OUTPUT: [00:00:00.000,000] [1;31m<err> l6470: Requested speed 2200 exceeds model max 1200[0m
2025-09-04 20:23:20,347 - twister - DEBUG - OUTPUT: [00:00:00.000,000] [0m<inf> l6470: Active model for axis 0 set to NEMA23-HighTorque[0m
2025-09-04 20:23:20,347 - twister - DEBUG - OUTPUT: [00:00:00.000,000] [1;31m<err> l6470: Failed to persist active model indices: -2[0m
2025-09-04 20:23:20,347 - twister - DEBUG - OUTPUT: [00:00:00.000,000] [1;31m<err> l6470: Requested speed 3000 exceeds model max 2000[0m
2025-09-04 20:23:20,347 - twister - DEBUG - OUTPUT: [00:00:00.000,000] [0m<inf> l6470: RUN cmd sent to dev 0 dir=0 speed=1999[0m
2025-09-04 20:23:20,347 - twister - DEBUG - OUTPUT:  PASS - test_switch_and_enforce in 0.000 seconds
2025-09-04 20:23:20,347 - twister - DEBUG - OUTPUT: ===================================================================
2025-09-04 20:23:20,347 - twister - DEBUG - OUTPUT: TESTSUITE stepper_models succeeded
2025-09-04 20:23:20,347 - twister - DEBUG - OUTPUT: 
2025-09-04 20:23:20,347 - twister - DEBUG - OUTPUT: ------ TESTSUITE SUMMARY START ------
2025-09-04 20:23:20,348 - twister - DEBUG - OUTPUT: 
2025-09-04 20:23:20,348 - twister - DEBUG - OUTPUT: SUITE FAIL -   0.00% [l6470_apply_model]: pass = 0, fail = 1, skip = 0, total = 1 duration = 0.000 seconds
2025-09-04 20:23:20,348 - twister - DEBUG - OUTPUT:  - FAIL - [l6470_apply_model.test_program_core_params] duration = 0.000 seconds
2025-09-04 20:23:20,348 - twister - DEBUG - OUTPUT: 
2025-09-04 20:23:20,348 - twister - DEBUG - OUTPUT: SUITE PASS - 100.00% [l6470_codec]: pass = 3, fail = 0, skip = 0, total = 3 duration = 0.000 seconds
2025-09-04 20:23:20,348 - twister - DEBUG - OUTPUT:  - PASS - [l6470_codec.test_build_get_status_tx_and_parse] duration = 0.000 seconds
2025-09-04 20:23:20,348 - twister - DEBUG - OUTPUT:  - PASS - [l6470_codec.test_pack_move_frame_dev1] duration = 0.000 seconds
2025-09-04 20:23:20,348 - twister - DEBUG - OUTPUT:  - PASS - [l6470_codec.test_pack_run_frame_dev0] duration = 0.000 seconds
2025-09-04 20:23:20,348 - twister - DEBUG - OUTPUT: 
2025-09-04 20:23:20,349 - twister - DEBUG - OUTPUT: SUITE PASS - 100.00% [l6470_limits]: pass = 2, fail = 0, skip = 0, total = 2 duration = 0.000 seconds
2025-09-04 20:23:20,349 - twister - DEBUG - OUTPUT:  - PASS - [l6470_limits.test_move_rejects_too_many_steps] duration = 0.000 seconds
2025-09-04 20:23:20,349 - twister - DEBUG - OUTPUT:  - PASS - [l6470_limits.test_run_rejects_high_speed] duration = 0.000 seconds
2025-09-04 20:23:20,349 - twister - DEBUG - OUTPUT: 
2025-09-04 20:23:20,350 - twister - DEBUG - OUTPUT: SUITE PASS - 100.00% [l6470_strict]: pass = 2, fail = 0, skip = 0, total = 2 duration = 0.000 seconds
2025-09-04 20:23:20,350 - twister - DEBUG - OUTPUT:  - PASS - [l6470_strict.test_move_frame_bytes] duration = 0.000 seconds
2025-09-04 20:23:20,350 - twister - DEBUG - OUTPUT:  - PASS - [l6470_strict.test_run_frame_bytes] duration = 0.000 seconds
2025-09-04 20:23:20,350 - twister - DEBUG - OUTPUT: 
2025-09-04 20:23:20,350 - twister - DEBUG - OUTPUT: SUITE PASS - 100.00% [stepper_models]: pass = 2, fail = 0, skip = 0, total = 2 duration = 0.000 seconds
2025-09-04 20:23:20,350 - twister - DEBUG - OUTPUT:  - PASS - [stepper_models.test_persist_active] duration = 0.000 seconds
2025-09-04 20:23:20,350 - twister - DEBUG - OUTPUT:  - PASS - [stepper_models.test_switch_and_enforce] duration = 0.000 seconds
2025-09-04 20:23:20,350 - twister - DEBUG - OUTPUT: 
2025-09-04 20:23:20,350 - twister - DEBUG - OUTPUT: ------ TESTSUITE SUMMARY END ------
2025-09-04 20:23:20,351 - twister - DEBUG - OUTPUT: 
2025-09-04 20:23:20,351 - twister - DEBUG - OUTPUT: ===================================================================
2025-09-04 20:23:20,351 - twister - DEBUG - OUTPUT: RunID: eefe5eeb1e0ccc7a5a180efc62fcfc2d
2025-09-04 20:23:20,351 - twister - DEBUG - OUTPUT: PROJECT EXECUTION FAILED
2025-09-04 20:23:20,352 - twister - DEBUG - run status: native_sim/native/host/stm32h753zi_stepper.unit failed
2025-09-04 20:23:20,354 - twister - INFO - 1/1 native_sim/native         stm32h753zi_stepper.unit                           [31mFAILED[39m Failed (rc=1) (native 0.013s <host>)
2025-09-04 20:23:20,354 - twister - INFO - ---/home/joeyw/zephyr-dev/twister-out/native_sim_native/host/stm32h753zi_stepper.unit/handler.log---
2025-09-04 20:23:20,355 - twister - ERROR - *** Booting Zephyr OS build v4.2.0-31-g663da2302b04 ***
Running TESTSUITE l6470_apply_model
===================================================================
START - test_program_core_params

    Assertion failed at WEST_TOPDIR/apps/stm32h753zi_stepper/tests/unit/test_l6470_apply_model.c:53: l6470_apply_model_test_program_core_params: (cap_cnt >= 6 is false)
expected multiple register writes, got 0
 FAIL - test_program_core_params in 0.000 seconds
===================================================================
TESTSUITE l6470_apply_model failed.
Running TESTSUITE l6470_codec
===================================================================
START - test_build_get_status_tx_and_parse
 PASS - test_build_get_status_tx_and_parse in 0.000 seconds
===================================================================
START - test_pack_move_frame_dev1
 PASS - test_pack_move_frame_dev1 in 0.000 seconds
===================================================================
START - test_pack_run_frame_dev0
 PASS - test_pack_run_frame_dev0 in 0.000 seconds
===================================================================
TESTSUITE l6470_codec succeeded
Running TESTSUITE l6470_limits
===================================================================
START - test_move_rejects_too_many_steps
[00:00:00.000,000] <err> l6470: Requested steps 8388608 exceeds configured max 8388607
 PASS - test_move_rejects_too_many_steps in 0.000 seconds
===================================================================
START - test_run_rejects_high_speed
[00:00:00.000,000] <err> l6470: Requested speed 1300 exceeds model max 1200
 PASS - test_run_rejects_high_speed in 0.000 seconds
===================================================================
TESTSUITE l6470_limits succeeded
Running TESTSUITE l6470_strict
===================================================================
START - test_move_frame_bytes
 PASS - test_move_frame_bytes in 0.000 seconds
===================================================================
START - test_run_frame_bytes
 PASS - test_run_frame_bytes in 0.000 seconds
===================================================================
TESTSUITE l6470_strict succeeded
Running TESTSUITE stepper_models
===================================================================
START - test_persist_active
[00:00:00.000,000] <inf> l6470: Active model for axis 1 set to 17HS3001-20B
[00:00:00.000,000] <err> l6470: Failed to persist active model indices: -2
[00:00:00.000,000] <err> l6470: Failed to persist active model indices: -2
 PASS - test_persist_active in 0.000 seconds
===================================================================
START - test_switch_and_enforce
[00:00:00.000,000] <inf> l6470: Active model for axis 0 set to 17HS3001-20B
[00:00:00.000,000] <err> l6470: Failed to persist active model indices: -2
[00:00:00.000,000] <err> l6470: Requested speed 2200 exceeds model max 1200
[00:00:00.000,000] <inf> l6470: Active model for axis 0 set to NEMA23-HighTorque
[00:00:00.000,000] <err> l6470: Failed to persist active model indices: -2
[00:00:00.000,000] <err> l6470: Requested speed 3000 exceeds model max 2000
[00:00:00.000,000] <inf> l6470: RUN cmd sent to dev 0 dir=0 speed=1999
 PASS - test_switch_and_enforce in 0.000 seconds
===================================================================
TESTSUITE stepper_models succeeded

------ TESTSUITE SUMMARY START ------

SUITE FAIL -   0.00% [l6470_apply_model]: pass = 0, fail = 1, skip = 0, total = 1 duration = 0.000 seconds
 - FAIL - [l6470_apply_model.test_program_core_params] duration = 0.000 seconds

SUITE PASS - 100.00% [l6470_codec]: pass = 3, fail = 0, skip = 0, total = 3 duration = 0.000 seconds
 - PASS - [l6470_codec.test_build_get_status_tx_and_parse] duration = 0.000 seconds
 - PASS - [l6470_codec.test_pack_move_frame_dev1] duration = 0.000 seconds
 - PASS - [l6470_codec.test_pack_run_frame_dev0] duration = 0.000 seconds

SUITE PASS - 100.00% [l6470_limits]: pass = 2, fail = 0, skip = 0, total = 2 duration = 0.000 seconds
 - PASS - [l6470_limits.test_move_rejects_too_many_steps] duration = 0.000 seconds
 - PASS - [l6470_limits.test_run_rejects_high_speed] duration = 0.000 seconds

SUITE PASS - 100.00% [l6470_strict]: pass = 2, fail = 0, skip = 0, total = 2 duration = 0.000 seconds
 - PASS - [l6470_strict.test_move_frame_bytes] duration = 0.000 seconds
 - PASS - [l6470_strict.test_run_frame_bytes] duration = 0.000 seconds

SUITE PASS - 100.00% [stepper_models]: pass = 2, fail = 0, skip = 0, total = 2 duration = 0.000 seconds
 - PASS - [stepper_models.test_persist_active] duration = 0.000 seconds
 - PASS - [stepper_models.test_switch_and_enforce] duration = 0.000 seconds

------ TESTSUITE SUMMARY END ------

===================================================================
RunID: eefe5eeb1e0ccc7a5a180efc62fcfc2d
PROJECT EXECUTION FAILED

2025-09-04 20:23:20,355 - twister - INFO - ---/home/joeyw/zephyr-dev/twister-out/native_sim_native/host/stm32h753zi_stepper.unit/handler.log---
2025-09-04 20:23:20,359 - twister - INFO - 1 test scenarios (1 configurations) selected, 0 configurations filtered (0 by static filter, 0 at runtime).
2025-09-04 20:23:20,359 - twister - INFO - [31m0 of 1[39m executed test configurations passed (0.00%), 0 built (not run), [31m1[39m failed, 0 errored, with no warnings in 5.14 seconds.
2025-09-04 20:23:20,359 - twister - INFO - 9 of 10 executed test cases passed (90.00%), 1 failed on 1 out of total 1115 platforms (0.09%).
2025-09-04 20:23:20,359 - twister - INFO - [32m1[39m test configurations executed on platforms, [36m0[39m test configurations were only built.
2025-09-04 20:23:20,359 - twister - INFO - Saving reports...
2025-09-04 20:23:20,359 - twister - INFO - Writing JSON report /home/joeyw/zephyr-dev/twister-out/twister.json
2025-09-04 20:23:20,360 - twister - INFO - Writing xunit report /home/joeyw/zephyr-dev/twister-out/twister.xml...
2025-09-04 20:23:20,361 - twister - INFO - Writing xunit report /home/joeyw/zephyr-dev/twister-out/twister_report.xml...
2025-09-04 20:23:20,361 - twister - INFO - -+-+-+-+-+-+-+-+-+-+-+-+-+-+-+-+-+-+-+-+-+-+-+-+-+-+-+-+-+-+-+-+-+-+-+-+-+-+-+-+
2025-09-04 20:23:20,361 - twister - INFO - The following issues were found (showing the top 10 items):
2025-09-04 20:23:20,361 - twister - INFO - 1) stm32h753zi_stepper.unit on native_sim/native failed (Failed (rc=1))
2025-09-04 20:23:20,361 - twister - INFO - 
2025-09-04 20:23:20,361 - twister - INFO - To rerun the tests, call twister using the following commandline:
2025-09-04 20:23:20,361 - twister - INFO - west twister -p <PLATFORM> -s <TEST ID>, for example:
2025-09-04 20:23:20,361 - twister - INFO - 
2025-09-04 20:23:20,361 - twister - INFO - west twister -p native_sim/native -s stm32h753zi_stepper.unit
2025-09-04 20:23:20,361 - twister - INFO - or with west:
2025-09-04 20:23:20,361 - twister - INFO - west build -p -b native_sim/native apps/stm32h753zi_stepper/tests/unit -T stm32h753zi_stepper.unit
2025-09-04 20:23:20,361 - twister - INFO - -+-+-+-+-+-+-+-+-+-+-+-+-+-+-+-+-+-+-+-+-+-+-+-+-+-+-+-+-+-+-+-+-+-+-+-+-+-+-+-+
2025-09-04 20:23:20,361 - twister - INFO - Run completed
