{
    "environment":{
        "os":"posix",
        "zephyr_version":"v4.2.0-31-g663da2302b04",
        "toolchain":"zephyr",
        "commit_date":"2025-09-02T22:15:47-07:00",
        "run_date":"2025-09-04T20:40:54+00:00",
        "options":{
            "testsuite_root":[
                "/home/joeyw/zephyr-dev/apps/stm32h753zi_stepper/tests/unit"
            ],
            "inline_logs":true,
            "jobs":4,
            "no_clean":true,
            "platform":[
                "native_sim"
            ],
            "verbose":1
        }
    },
    "testsuites":[
        {
            "name":"stm32h753zi_stepper.unit",
            "arch":"posix",
            "platform":"native_sim/native",
            "path":"../apps/stm32h753zi_stepper/tests/unit",
            "run_id":"7526dc86f326426fbb87a4e471940d99",
            "runnable":true,
            "retries":0,
            "toolchain":"host",
            "status":"error",
            "log":"Loading Zephyr default modules (Zephyr base).\n-- Application: /home/joeyw/zephyr-dev/apps/stm32h753zi_stepper/tests/unit\n-- CMake version: 3.28.3\n-- Found Python3: /home/joeyw/zephyr-dev/.venv/bin/python3 (found suitable version \"3.12.3\", minimum required is \"3.10\") found components: Interpreter \n-- Cache files will be written to: /home/joeyw/.cache/zephyr\n-- Zephyr version: 4.2.0 (/home/joeyw/zephyr-dev/zephyr)\n-- Found west (found suitable version \"1.4.0\", minimum required is \"0.14.0\")\n-- Board: native_sim, qualifiers: native\n-- Found host-tools: zephyr 0.17.2 (/home/joeyw/zephyr-sdk-0.17.2)\n-- Found toolchain: host (gcc/ld)\n-- Found Dtc: /home/joeyw/zephyr-sdk-0.17.2/sysroots/x86_64-pokysdk-linux/usr/bin/dtc (found suitable version \"1.7.0\", minimum required is \"1.4.6\") \n-- Found BOARD.dts: /home/joeyw/zephyr-dev/zephyr/boards/native/native_sim/native_sim.dts\n-- Generated zephyr.dts: /home/joeyw/zephyr-dev/twister-out/native_sim_native/host/stm32h753zi_stepper.unit/zephyr/zephyr.dts\n-- Generated pickled edt: /home/joeyw/zephyr-dev/twister-out/native_sim_native/host/stm32h753zi_stepper.unit/zephyr/edt.pickle\n-- Generated devicetree_generated.h: /home/joeyw/zephyr-dev/twister-out/native_sim_native/host/stm32h753zi_stepper.unit/zephyr/include/generated/zephyr/devicetree_generated.h\n\nwarning: The choice symbol SETTINGS_FILE (defined at subsys/settings/Kconfig:75) was selected (set\n=y), but SETTINGS_NONE (defined at subsys/settings/Kconfig:112) ended up as the choice selection.\nSee http://docs.zephyrproject.org/latest/kconfig.html#CONFIG_SETTINGS_FILE and/or look up\nSETTINGS_FILE in the menuconfig/guiconfig interface. The Application Development Primer, Setting\nConfiguration Values, and Kconfig - Tips and Best Practices sections of the manual might be helpful\ntoo.\n\nParsing /home/joeyw/zephyr-dev/zephyr/Kconfig\nLoaded configuration '/home/joeyw/zephyr-dev/zephyr/boards/native/native_sim/native_sim_defconfig'\nMerged configuration '/home/joeyw/zephyr-dev/apps/stm32h753zi_stepper/tests/unit/prj.conf'\nMerged configuration '/home/joeyw/zephyr-dev/twister-out/native_sim_native/host/stm32h753zi_stepper.unit/zephyr/misc/generated/extra_kconfig_options.conf'\nConfiguration saved to '/home/joeyw/zephyr-dev/twister-out/native_sim_native/host/stm32h753zi_stepper.unit/zephyr/.config'\nKconfig header saved to '/home/joeyw/zephyr-dev/twister-out/native_sim_native/host/stm32h753zi_stepper.unit/zephyr/include/generated/zephyr/autoconf.h'\n-- Found GnuLd: /usr/bin/ld.bfd (found version \"2.42\") \n-- The C compiler identification is GNU 13.3.0\n-- The CXX compiler identification is GNU 13.3.0\n-- The ASM compiler identification is GNU\n-- Found assembler: /usr/bin/gcc\n-- Using ccache: /usr/bin/ccache\n-- Found gen_kobject_list: /home/joeyw/zephyr-dev/zephyr/scripts/build/gen_kobject_list.py\n-- Configuring done (2.8s)\n-- Generating done (0.0s)\nCMake Warning:\n  Manually-specified variables were not used by the project:\n\n    TC_NAME\n\n\n-- Build files have been written to: /home/joeyw/zephyr-dev/twister-out/native_sim_native/host/stm32h753zi_stepper.unit\n[1/111] Preparing syscall dependency handling\n\n[2/111] Generating include/generated/zephyr/version.h\n-- Zephyr version: 4.2.0 (/home/joeyw/zephyr-dev/zephyr), build: v4.2.0-31-g663da2302b04\n[3/111] Generating misc/generated/syscalls_subdirs.trigger\n[4/111] Generating misc/generated/syscalls.json, misc/generated/struct_tags.json\n[5/111] Generating include/generated/device-api-sections.ld, include/generated/device-api-sections.cmake\n[6/111] Generating include/generated/zephyr/syscall_dispatch.c, include/generated/zephyr/syscall_exports_llext.c, syscall_weakdefs_llext.c, include/generated/zephyr/syscall_list.h\n[7/111] Generating include/generated/zephyr/driver-validation.h\n[8/111] Generating include/generated/zephyr/kobj-types-enum.h, include/generated/zephyr/otype-to-str.h, include/generated/zephyr/otype-to-size.h\n[9/111] Building C object zephyr/CMakeFiles/offsets.dir/arch/posix/core/offsets/offsets.c.obj\n[10/111] Generating include/generated/zephyr/offsets.h\n[11/111] Building C object CMakeFiles/app.dir/test_l6470_strict_frames.c.obj\n[12/111] Building C object CMakeFiles/app.dir/test_stepper_models.c.obj\nFAILED: CMakeFiles/app.dir/test_stepper_models.c.obj \nccache /usr/bin/gcc -DKERNEL -DK_HEAP_MEM_POOL_SIZE=0 -DTC_RUNID=7526dc86f326426fbb87a4e471940d99 -D__ZEPHYR__=1 -I/home/joeyw/zephyr-dev/twister-out/native_sim_native/host/stm32h753zi_stepper.unit/zephyr/include/generated/zephyr -I/home/joeyw/zephyr-dev/zephyr/include -I/home/joeyw/zephyr-dev/twister-out/native_sim_native/host/stm32h753zi_stepper.unit/zephyr/include/generated -I/home/joeyw/zephyr-dev/zephyr/soc/native/inf_clock -I/home/joeyw/zephyr-dev/zephyr/boards/native/native_sim -I/home/joeyw/zephyr-dev/zephyr/scripts/native_simulator/common/src/include -I/home/joeyw/zephyr-dev/zephyr/scripts/native_simulator/native/src/include -I/home/joeyw/zephyr-dev/zephyr/subsys/testsuite/include -I/home/joeyw/zephyr-dev/zephyr/subsys/testsuite/coverage -I/home/joeyw/zephyr-dev/zephyr/subsys/testsuite/ztest/include -I/home/joeyw/zephyr-dev/zephyr/subsys/settings/include -I/home/joeyw/zephyr-dev/modules/hal/ti/mspm0/source/ti/devices/msp/. -I/home/joeyw/zephyr-dev/modules/hal/ti/mspm0/source/ti/devices/msp/m0p -I/home/joeyw/zephyr-dev/modules/hal/ti/mspm0/source/ti/devices/msp/peripherals -I/home/joeyw/zephyr-dev/modules/hal/ti/mspm0/source/ti/devices/msp/peripherals/m0p -I/home/joeyw/zephyr-dev/modules/hal/ti/mspm0/source/ti/devices/msp/peripherals/m0p/sysctl -I/home/joeyw/zephyr-dev/apps/stm32h753zi_stepper/tests/unit/../../src -I/home/joeyw/zephyr-dev/apps/stm32h753zi_stepper/tests/unit/../../build/generated -fno-strict-aliasing -Werror -Os -imacros /home/joeyw/zephyr-dev/twister-out/native_sim_native/host/stm32h753zi_stepper.unit/zephyr/include/generated/zephyr/autoconf.h -fno-common -g -gdwarf-4 -fdiagnostics-color=always -Wall -Wformat -Wformat-security -Wno-format-zero-length -Wdouble-promotion -Wno-pointer-sign -Wpointer-arith -Wexpansion-to-defined -Wno-unused-but-set-variable -Werror=implicit-int -fno-pic -fno-pie -fno-asynchronous-unwind-tables -fno-reorder-functions --param=min-pagesize=0 -fno-defer-pop -fmacro-prefix-map=/home/joeyw/zephyr-dev/apps/stm32h753zi_stepper/tests/unit=CMAKE_SOURCE_DIR -fmacro-prefix-map=/home/joeyw/zephyr-dev/zephyr=ZEPHYR_BASE -fmacro-prefix-map=/home/joeyw/zephyr-dev=WEST_TOPDIR -ffunction-sections -fdata-sections -m32 -msse2 -mfpmath=sse -fvisibility=hidden -fno-freestanding -std=c11 -MD -MT CMakeFiles/app.dir/test_stepper_models.c.obj -MF CMakeFiles/app.dir/test_stepper_models.c.obj.d -o CMakeFiles/app.dir/test_stepper_models.c.obj -c /home/joeyw/zephyr-dev/apps/stm32h753zi_stepper/tests/unit/test_stepper_models.c\n/home/joeyw/zephyr-dev/apps/stm32h753zi_stepper/tests/unit/test_stepper_models.c: In function stepper_models_test_switch_and_enforce:\n/home/joeyw/zephyr-dev/apps/stm32h753zi_stepper/tests/unit/test_stepper_models.c:39:9: error: the address of strict_spi_mock_register will always evaluate as true [-Werror=address]\n   39 |     if ((void *)strict_spi_mock_register) {\n      |         ^\ncc1: all warnings being treated as errors\n[13/111] Building C object CMakeFiles/app.dir/test_l6470_limits.c.obj\n[14/111] Building C object CMakeFiles/app.dir/strict_spi_mock.c.obj\n[15/111] Building C object CMakeFiles/app.dir/test_l6470_codec.c.obj\n[16/111] Building C object CMakeFiles/app.dir/home/joeyw/zephyr-dev/apps/stm32h753zi_stepper/src/stepper_models.c.obj\nFAILED: CMakeFiles/app.dir/home/joeyw/zephyr-dev/apps/stm32h753zi_stepper/src/stepper_models.c.obj \nccache /usr/bin/gcc -DKERNEL -DK_HEAP_MEM_POOL_SIZE=0 -DTC_RUNID=7526dc86f326426fbb87a4e471940d99 -D__ZEPHYR__=1 -I/home/joeyw/zephyr-dev/twister-out/native_sim_native/host/stm32h753zi_stepper.unit/zephyr/include/generated/zephyr -I/home/joeyw/zephyr-dev/zephyr/include -I/home/joeyw/zephyr-dev/twister-out/native_sim_native/host/stm32h753zi_stepper.unit/zephyr/include/generated -I/home/joeyw/zephyr-dev/zephyr/soc/native/inf_clock -I/home/joeyw/zephyr-dev/zephyr/boards/native/native_sim -I/home/joeyw/zephyr-dev/zephyr/scripts/native_simulator/common/src/include -I/home/joeyw/zephyr-dev/zephyr/scripts/native_simulator/native/src/include -I/home/joeyw/zephyr-dev/zephyr/subsys/testsuite/include -I/home/joeyw/zephyr-dev/zephyr/subsys/testsuite/coverage -I/home/joeyw/zephyr-dev/zephyr/subsys/testsuite/ztest/include -I/home/joeyw/zephyr-dev/zephyr/subsys/settings/include -I/home/joeyw/zephyr-dev/modules/hal/ti/mspm0/source/ti/devices/msp/. -I/home/joeyw/zephyr-dev/modules/hal/ti/mspm0/source/ti/devices/msp/m0p -I/home/joeyw/zephyr-dev/modules/hal/ti/mspm0/source/ti/devices/msp/peripherals -I/home/joeyw/zephyr-dev/modules/hal/ti/mspm0/source/ti/devices/msp/peripherals/m0p -I/home/joeyw/zephyr-dev/modules/hal/ti/mspm0/source/ti/devices/msp/peripherals/m0p/sysctl -I/home/joeyw/zephyr-dev/apps/stm32h753zi_stepper/tests/unit/../../src -I/home/joeyw/zephyr-dev/apps/stm32h753zi_stepper/tests/unit/../../build/generated -fno-strict-aliasing -Werror -Os -imacros /home/joeyw/zephyr-dev/twister-out/native_sim_native/host/stm32h753zi_stepper.unit/zephyr/include/generated/zephyr/autoconf.h -fno-common -g -gdwarf-4 -fdiagnostics-color=always -Wall -Wformat -Wformat-security -Wno-format-zero-length -Wdouble-promotion -Wno-pointer-sign -Wpointer-arith -Wexpansion-to-defined -Wno-unused-but-set-variable -Werror=implicit-int -fno-pic -fno-pie -fno-asynchronous-unwind-tables -fno-reorder-functions --param=min-pagesize=0 -fno-defer-pop -fmacro-prefix-map=/home/joeyw/zephyr-dev/apps/stm32h753zi_stepper/tests/unit=CMAKE_SOURCE_DIR -fmacro-prefix-map=/home/joeyw/zephyr-dev/zephyr=ZEPHYR_BASE -fmacro-prefix-map=/home/joeyw/zephyr-dev=WEST_TOPDIR -ffunction-sections -fdata-sections -m32 -msse2 -mfpmath=sse -fvisibility=hidden -fno-freestanding -std=c11 -MD -MT CMakeFiles/app.dir/home/joeyw/zephyr-dev/apps/stm32h753zi_stepper/src/stepper_models.c.obj -MF CMakeFiles/app.dir/home/joeyw/zephyr-dev/apps/stm32h753zi_stepper/src/stepper_models.c.obj.d -o CMakeFiles/app.dir/home/joeyw/zephyr-dev/apps/stm32h753zi_stepper/src/stepper_models.c.obj -c /home/joeyw/zephyr-dev/apps/stm32h753zi_stepper/src/stepper_models.c\nIn file included from /home/joeyw/zephyr-dev/zephyr/include/zephyr/device.h:13,\n                 from /home/joeyw/zephyr-dev/zephyr/include/zephyr/sw_isr_table.h:18,\n                 from /home/joeyw/zephyr-dev/zephyr/boards/native/native_sim/../common/irq/board_irq.h:11,\n                 from /home/joeyw/zephyr-dev/zephyr/boards/native/native_sim/board_irq.h:10,\n                 from /home/joeyw/zephyr-dev/zephyr/soc/native/inf_clock/soc_irq.h:10,\n                 from /home/joeyw/zephyr-dev/zephyr/include/zephyr/arch/posix/posix_soc_if.h:18,\n                 from /home/joeyw/zephyr-dev/zephyr/include/zephyr/arch/posix/asm_inline_gcc.h:29,\n                 from /home/joeyw/zephyr-dev/zephyr/include/zephyr/arch/posix/asm_inline.h:18,\n                 from /home/joeyw/zephyr-dev/zephyr/include/zephyr/arch/posix/arch.h:26,\n                 from /home/joeyw/zephyr-dev/zephyr/include/zephyr/arch/cpu.h:29,\n                 from /home/joeyw/zephyr-dev/zephyr/include/zephyr/sys/cbprintf_internal.h:17,\n                 from /home/joeyw/zephyr-dev/zephyr/include/zephyr/sys/cbprintf.h:124,\n                 from /home/joeyw/zephyr-dev/zephyr/include/zephyr/logging/log_msg.h:11,\n                 from /home/joeyw/zephyr-dev/zephyr/include/zephyr/logging/log_core.h:9,\n                 from /home/joeyw/zephyr-dev/zephyr/include/zephyr/logging/log.h:11,\n                 from /home/joeyw/zephyr-dev/apps/stm32h753zi_stepper/src/stepper_models.c:3:\n/home/joeyw/zephyr-dev/zephyr/include/zephyr/init.h:169:55: error: initialization of int (*)(void) from incompatible pointer type int (*)(const struct device *) [-Werror=incompatible-pointer-types]\n  169 |                 Z_INIT_ENTRY_NAME(name) = {.init_fn = (init_fn_), .dev = NULL}            \\\n      |                                                       ^\n/home/joeyw/zephyr-dev/zephyr/include/zephyr/init.h:151:9: note: in expansion of macro SYS_INIT_NAMED\n  151 |         SYS_INIT_NAMED(init_fn, init_fn, level, prio)\n      |         ^~~~~~~~~~~~~~\n/home/joeyw/zephyr-dev/apps/stm32h753zi_stepper/src/stepper_models.c:99:1: note: in expansion of macro SYS_INIT\n   99 | SYS_INIT(stepper_settings_init, APPLICATION, CONFIG_KERNEL_INIT_PRIORITY_DEFAULT);\n      | ^~~~~~~~\n/home/joeyw/zephyr-dev/zephyr/include/zephyr/init.h:169:55: note: (near initialization for __init_stepper_settings_init.init_fn)\n  169 |                 Z_INIT_ENTRY_NAME(name) = {.init_fn = (init_fn_), .dev = NULL}            \\\n      |                                                       ^\n/home/joeyw/zephyr-dev/zephyr/include/zephyr/init.h:151:9: note: in expansion of macro SYS_INIT_NAMED\n  151 |         SYS_INIT_NAMED(init_fn, init_fn, level, prio)\n      |         ^~~~~~~~~~~~~~\n/home/joeyw/zephyr-dev/apps/stm32h753zi_stepper/src/stepper_models.c:99:1: note: in expansion of macro SYS_INIT\n   99 | SYS_INIT(stepper_settings_init, APPLICATION, CONFIG_KERNEL_INIT_PRIORITY_DEFAULT);\n      | ^~~~~~~~\ncc1: all warnings being treated as errors\n[17/111] Building C object zephyr/CMakeFiles/zephyr.dir/lib/os/cbprintf_packaged.c.obj\n[18/111] Building C object zephyr/CMakeFiles/zephyr.dir/lib/os/clock.c.obj\n[19/111] Building C object CMakeFiles/app.dir/home/joeyw/zephyr-dev/apps/stm32h753zi_stepper/src/l6470.c.obj\n[20/111] Building C object zephyr/CMakeFiles/zephyr.dir/lib/os/printk.c.obj\n[21/111] Building C object zephyr/CMakeFiles/zephyr.dir/lib/heap/heap.c.obj\nninja: build stopped: subcommand failed.\nLoading Zephyr default modules (Zephyr base (cached)).\n-- Application: /home/joeyw/zephyr-dev/apps/stm32h753zi_stepper/tests/unit\n-- CMake version: 3.28.3\n-- Found Python3: /home/joeyw/zephyr-dev/.venv/bin/python (found suitable version \"3.12.3\", minimum required is \"3.10\") found components: Interpreter \n-- Cache files will be written to: /home/joeyw/.cache/zephyr\n-- Zephyr version: 4.2.0 (/home/joeyw/zephyr-dev/zephyr)\n-- Found west (found suitable version \"1.4.0\", minimum required is \"0.14.0\")\n-- Board: native_sim, qualifiers: native\n-- Found host-tools: zephyr 0.17.2 (/home/joeyw/zephyr-sdk-0.17.2)\n-- Found toolchain: host (gcc/ld)\n-- Found BOARD.dts: /home/joeyw/zephyr-dev/zephyr/boards/native/native_sim/native_sim.dts\n-- Generated zephyr.dts: /home/joeyw/zephyr-dev/twister-out/native_sim_native/host/stm32h753zi_stepper.unit/zephyr/zephyr.dts\n-- Generated pickled edt: /home/joeyw/zephyr-dev/twister-out/native_sim_native/host/stm32h753zi_stepper.unit/zephyr/edt.pickle\n-- Generated devicetree_generated.h: /home/joeyw/zephyr-dev/twister-out/native_sim_native/host/stm32h753zi_stepper.unit/zephyr/include/generated/zephyr/devicetree_generated.h\nParsing /home/joeyw/zephyr-dev/zephyr/Kconfig\nLoaded configuration '/home/joeyw/zephyr-dev/zephyr/boards/native/native_sim/native_sim_defconfig'\nMerged configuration '/home/joeyw/zephyr-dev/apps/stm32h753zi_stepper/tests/unit/prj.conf'\nMerged configuration '/home/joeyw/zephyr-dev/twister-out/native_sim_native/host/stm32h753zi_stepper.unit/zephyr/misc/generated/extra_kconfig_options.conf'\nNo change to configuration in '/home/joeyw/zephyr-dev/twister-out/native_sim_native/host/stm32h753zi_stepper.unit/zephyr/.config'\nNo change to Kconfig header in '/home/joeyw/zephyr-dev/twister-out/native_sim_native/host/stm32h753zi_stepper.unit/zephyr/include/generated/zephyr/autoconf.h'\n-- Using ccache: /usr/bin/ccache\n-- Found gen_kobject_list: /home/joeyw/zephyr-dev/zephyr/scripts/build/gen_kobject_list.py\n-- Configuring done (2.6s)\n-- Generating done (0.0s)\n-- Build files have been written to: /home/joeyw/zephyr-dev/twister-out/native_sim_native/host/stm32h753zi_stepper.unit\n[1/109] Generating misc/generated/syscalls_subdirs.trigger\n[2/109] Generating misc/generated/syscalls.json, misc/generated/struct_tags.json\n[3/109] Generating include/generated/device-api-sections.ld, include/generated/device-api-sections.cmake\n[4/109] Generating include/generated/zephyr/syscall_dispatch.c, include/generated/zephyr/syscall_exports_llext.c, syscall_weakdefs_llext.c, include/generated/zephyr/syscall_list.h\n[5/109] Generating include/generated/zephyr/driver-validation.h\n[6/109] Generating include/generated/zephyr/kobj-types-enum.h, include/generated/zephyr/otype-to-str.h, include/generated/zephyr/otype-to-size.h\n[7/109] Building C object zephyr/CMakeFiles/offsets.dir/arch/posix/core/offsets/offsets.c.obj\n[8/109] Generating include/generated/zephyr/offsets.h\n[9/109] Building C object CMakeFiles/app.dir/test_l6470_codec.c.obj\n[10/109] Building C object CMakeFiles/app.dir/test_l6470_limits.c.obj\n[11/109] Building C object CMakeFiles/app.dir/test_l6470_strict_frames.c.obj\n[12/109] Building C object CMakeFiles/app.dir/strict_spi_mock.c.obj\n[13/109] Building C object CMakeFiles/app.dir/home/joeyw/zephyr-dev/apps/stm32h753zi_stepper/src/l6470.c.obj\n[14/109] Building C object zephyr/CMakeFiles/zephyr.dir/lib/os/cbprintf_packaged.c.obj\n[15/109] Building C object zephyr/CMakeFiles/zephyr.dir/lib/os/clock.c.obj\n[16/109] Building C object zephyr/CMakeFiles/zephyr.dir/lib/os/printk.c.obj\n[17/109] Building C object zephyr/CMakeFiles/zephyr.dir/lib/heap/heap.c.obj\n[18/109] Building C object zephyr/CMakeFiles/zephyr.dir/lib/utils/dec.c.obj\n[19/109] Building C object zephyr/CMakeFiles/zephyr.dir/lib/os/thread_entry.c.obj\n[20/109] Building C object CMakeFiles/app.dir/test_stepper_models.c.obj\nFAILED: CMakeFiles/app.dir/test_stepper_models.c.obj \nccache /usr/bin/gcc -DKERNEL -DK_HEAP_MEM_POOL_SIZE=0 -DTC_RUNID=7526dc86f326426fbb87a4e471940d99 -D__ZEPHYR__=1 -I/home/joeyw/zephyr-dev/twister-out/native_sim_native/host/stm32h753zi_stepper.unit/zephyr/include/generated/zephyr -I/home/joeyw/zephyr-dev/zephyr/include -I/home/joeyw/zephyr-dev/twister-out/native_sim_native/host/stm32h753zi_stepper.unit/zephyr/include/generated -I/home/joeyw/zephyr-dev/zephyr/soc/native/inf_clock -I/home/joeyw/zephyr-dev/zephyr/boards/native/native_sim -I/home/joeyw/zephyr-dev/zephyr/scripts/native_simulator/common/src/include -I/home/joeyw/zephyr-dev/zephyr/scripts/native_simulator/native/src/include -I/home/joeyw/zephyr-dev/zephyr/subsys/testsuite/include -I/home/joeyw/zephyr-dev/zephyr/subsys/testsuite/coverage -I/home/joeyw/zephyr-dev/zephyr/subsys/testsuite/ztest/include -I/home/joeyw/zephyr-dev/zephyr/subsys/settings/include -I/home/joeyw/zephyr-dev/modules/hal/ti/mspm0/source/ti/devices/msp/. -I/home/joeyw/zephyr-dev/modules/hal/ti/mspm0/source/ti/devices/msp/m0p -I/home/joeyw/zephyr-dev/modules/hal/ti/mspm0/source/ti/devices/msp/peripherals -I/home/joeyw/zephyr-dev/modules/hal/ti/mspm0/source/ti/devices/msp/peripherals/m0p -I/home/joeyw/zephyr-dev/modules/hal/ti/mspm0/source/ti/devices/msp/peripherals/m0p/sysctl -I/home/joeyw/zephyr-dev/apps/stm32h753zi_stepper/tests/unit/../../src -I/home/joeyw/zephyr-dev/apps/stm32h753zi_stepper/tests/unit/../../build/generated -fno-strict-aliasing -Werror -Os -imacros /home/joeyw/zephyr-dev/twister-out/native_sim_native/host/stm32h753zi_stepper.unit/zephyr/include/generated/zephyr/autoconf.h -fno-common -g -gdwarf-4 -fdiagnostics-color=always -Wall -Wformat -Wformat-security -Wno-format-zero-length -Wdouble-promotion -Wno-pointer-sign -Wpointer-arith -Wexpansion-to-defined -Wno-unused-but-set-variable -Werror=implicit-int -fno-pic -fno-pie -fno-asynchronous-unwind-tables -fno-reorder-functions --param=min-pagesize=0 -fno-defer-pop -fmacro-prefix-map=/home/joeyw/zephyr-dev/apps/stm32h753zi_stepper/tests/unit=CMAKE_SOURCE_DIR -fmacro-prefix-map=/home/joeyw/zephyr-dev/zephyr=ZEPHYR_BASE -fmacro-prefix-map=/home/joeyw/zephyr-dev=WEST_TOPDIR -ffunction-sections -fdata-sections -m32 -msse2 -mfpmath=sse -fvisibility=hidden -fno-freestanding -std=c11 -MD -MT CMakeFiles/app.dir/test_stepper_models.c.obj -MF CMakeFiles/app.dir/test_stepper_models.c.obj.d -o CMakeFiles/app.dir/test_stepper_models.c.obj -c /home/joeyw/zephyr-dev/apps/stm32h753zi_stepper/tests/unit/test_stepper_models.c\n/home/joeyw/zephyr-dev/apps/stm32h753zi_stepper/tests/unit/test_stepper_models.c: In function stepper_models_test_switch_and_enforce:\n/home/joeyw/zephyr-dev/apps/stm32h753zi_stepper/tests/unit/test_stepper_models.c:39:9: error: the address of strict_spi_mock_register will always evaluate as true [-Werror=address]\n   39 |     if ((void *)strict_spi_mock_register) {\n      |         ^\ncc1: all warnings being treated as errors\n[21/109] Building C object zephyr/CMakeFiles/zephyr.dir/lib/os/assert.c.obj\n[22/109] Building C object zephyr/CMakeFiles/zephyr.dir/lib/os/cbprintf.c.obj\n[23/109] Building C object CMakeFiles/app.dir/home/joeyw/zephyr-dev/apps/stm32h753zi_stepper/src/stepper_models.c.obj\nFAILED: CMakeFiles/app.dir/home/joeyw/zephyr-dev/apps/stm32h753zi_stepper/src/stepper_models.c.obj \nccache /usr/bin/gcc -DKERNEL -DK_HEAP_MEM_POOL_SIZE=0 -DTC_RUNID=7526dc86f326426fbb87a4e471940d99 -D__ZEPHYR__=1 -I/home/joeyw/zephyr-dev/twister-out/native_sim_native/host/stm32h753zi_stepper.unit/zephyr/include/generated/zephyr -I/home/joeyw/zephyr-dev/zephyr/include -I/home/joeyw/zephyr-dev/twister-out/native_sim_native/host/stm32h753zi_stepper.unit/zephyr/include/generated -I/home/joeyw/zephyr-dev/zephyr/soc/native/inf_clock -I/home/joeyw/zephyr-dev/zephyr/boards/native/native_sim -I/home/joeyw/zephyr-dev/zephyr/scripts/native_simulator/common/src/include -I/home/joeyw/zephyr-dev/zephyr/scripts/native_simulator/native/src/include -I/home/joeyw/zephyr-dev/zephyr/subsys/testsuite/include -I/home/joeyw/zephyr-dev/zephyr/subsys/testsuite/coverage -I/home/joeyw/zephyr-dev/zephyr/subsys/testsuite/ztest/include -I/home/joeyw/zephyr-dev/zephyr/subsys/settings/include -I/home/joeyw/zephyr-dev/modules/hal/ti/mspm0/source/ti/devices/msp/. -I/home/joeyw/zephyr-dev/modules/hal/ti/mspm0/source/ti/devices/msp/m0p -I/home/joeyw/zephyr-dev/modules/hal/ti/mspm0/source/ti/devices/msp/peripherals -I/home/joeyw/zephyr-dev/modules/hal/ti/mspm0/source/ti/devices/msp/peripherals/m0p -I/home/joeyw/zephyr-dev/modules/hal/ti/mspm0/source/ti/devices/msp/peripherals/m0p/sysctl -I/home/joeyw/zephyr-dev/apps/stm32h753zi_stepper/tests/unit/../../src -I/home/joeyw/zephyr-dev/apps/stm32h753zi_stepper/tests/unit/../../build/generated -fno-strict-aliasing -Werror -Os -imacros /home/joeyw/zephyr-dev/twister-out/native_sim_native/host/stm32h753zi_stepper.unit/zephyr/include/generated/zephyr/autoconf.h -fno-common -g -gdwarf-4 -fdiagnostics-color=always -Wall -Wformat -Wformat-security -Wno-format-zero-length -Wdouble-promotion -Wno-pointer-sign -Wpointer-arith -Wexpansion-to-defined -Wno-unused-but-set-variable -Werror=implicit-int -fno-pic -fno-pie -fno-asynchronous-unwind-tables -fno-reorder-functions --param=min-pagesize=0 -fno-defer-pop -fmacro-prefix-map=/home/joeyw/zephyr-dev/apps/stm32h753zi_stepper/tests/unit=CMAKE_SOURCE_DIR -fmacro-prefix-map=/home/joeyw/zephyr-dev/zephyr=ZEPHYR_BASE -fmacro-prefix-map=/home/joeyw/zephyr-dev=WEST_TOPDIR -ffunction-sections -fdata-sections -m32 -msse2 -mfpmath=sse -fvisibility=hidden -fno-freestanding -std=c11 -MD -MT CMakeFiles/app.dir/home/joeyw/zephyr-dev/apps/stm32h753zi_stepper/src/stepper_models.c.obj -MF CMakeFiles/app.dir/home/joeyw/zephyr-dev/apps/stm32h753zi_stepper/src/stepper_models.c.obj.d -o CMakeFiles/app.dir/home/joeyw/zephyr-dev/apps/stm32h753zi_stepper/src/stepper_models.c.obj -c /home/joeyw/zephyr-dev/apps/stm32h753zi_stepper/src/stepper_models.c\nIn file included from /home/joeyw/zephyr-dev/zephyr/include/zephyr/device.h:13,\n                 from /home/joeyw/zephyr-dev/zephyr/include/zephyr/sw_isr_table.h:18,\n                 from /home/joeyw/zephyr-dev/zephyr/boards/native/native_sim/../common/irq/board_irq.h:11,\n                 from /home/joeyw/zephyr-dev/zephyr/boards/native/native_sim/board_irq.h:10,\n                 from /home/joeyw/zephyr-dev/zephyr/soc/native/inf_clock/soc_irq.h:10,\n                 from /home/joeyw/zephyr-dev/zephyr/include/zephyr/arch/posix/posix_soc_if.h:18,\n                 from /home/joeyw/zephyr-dev/zephyr/include/zephyr/arch/posix/asm_inline_gcc.h:29,\n                 from /home/joeyw/zephyr-dev/zephyr/include/zephyr/arch/posix/asm_inline.h:18,\n                 from /home/joeyw/zephyr-dev/zephyr/include/zephyr/arch/posix/arch.h:26,\n                 from /home/joeyw/zephyr-dev/zephyr/include/zephyr/arch/cpu.h:29,\n                 from /home/joeyw/zephyr-dev/zephyr/include/zephyr/sys/cbprintf_internal.h:17,\n                 from /home/joeyw/zephyr-dev/zephyr/include/zephyr/sys/cbprintf.h:124,\n                 from /home/joeyw/zephyr-dev/zephyr/include/zephyr/logging/log_msg.h:11,\n                 from /home/joeyw/zephyr-dev/zephyr/include/zephyr/logging/log_core.h:9,\n                 from /home/joeyw/zephyr-dev/zephyr/include/zephyr/logging/log.h:11,\n                 from /home/joeyw/zephyr-dev/apps/stm32h753zi_stepper/src/stepper_models.c:3:\n/home/joeyw/zephyr-dev/zephyr/include/zephyr/init.h:169:55: error: initialization of int (*)(void) from incompatible pointer type int (*)(const struct device *) [-Werror=incompatible-pointer-types]\n  169 |                 Z_INIT_ENTRY_NAME(name) = {.init_fn = (init_fn_), .dev = NULL}            \\\n      |                                                       ^\n/home/joeyw/zephyr-dev/zephyr/include/zephyr/init.h:151:9: note: in expansion of macro SYS_INIT_NAMED\n  151 |         SYS_INIT_NAMED(init_fn, init_fn, level, prio)\n      |         ^~~~~~~~~~~~~~\n/home/joeyw/zephyr-dev/apps/stm32h753zi_stepper/src/stepper_models.c:99:1: note: in expansion of macro SYS_INIT\n   99 | SYS_INIT(stepper_settings_init, APPLICATION, CONFIG_KERNEL_INIT_PRIORITY_DEFAULT);\n      | ^~~~~~~~\n/home/joeyw/zephyr-dev/zephyr/include/zephyr/init.h:169:55: note: (near initialization for __init_stepper_settings_init.init_fn)\n  169 |                 Z_INIT_ENTRY_NAME(name) = {.init_fn = (init_fn_), .dev = NULL}            \\\n      |                                                       ^\n/home/joeyw/zephyr-dev/zephyr/include/zephyr/init.h:151:9: note: in expansion of macro SYS_INIT_NAMED\n  151 |         SYS_INIT_NAMED(init_fn, init_fn, level, prio)\n      |         ^~~~~~~~~~~~~~\n/home/joeyw/zephyr-dev/apps/stm32h753zi_stepper/src/stepper_models.c:99:1: note: in expansion of macro SYS_INIT\n   99 | SYS_INIT(stepper_settings_init, APPLICATION, CONFIG_KERNEL_INIT_PRIORITY_DEFAULT);\n      | ^~~~~~~~\ncc1: all warnings being treated as errors\n[24/109] Building C object zephyr/CMakeFiles/zephyr.dir/lib/utils/hex.c.obj\n[25/109] Building C object zephyr/CMakeFiles/zephyr.dir/lib/os/sem.c.obj\n[26/109] Building C object zephyr/CMakeFiles/zephyr.dir/lib/utils/rb.c.obj\n[27/109] Building C object zephyr/CMakeFiles/zephyr.dir/lib/os/cbprintf_complete.c.obj\n[28/109] Building C object zephyr/CMakeFiles/zephyr.dir/lib/utils/timeutil.c.obj\n[29/109] Building C object zephyr/CMakeFiles/zephyr.dir/lib/utils/bitarray.c.obj\nninja: build stopped: subcommand failed.\nLoading Zephyr default modules (Zephyr base (cached)).\n-- Application: /home/joeyw/zephyr-dev/apps/stm32h753zi_stepper/tests/unit\n-- CMake version: 3.28.3\n-- Cache files will be written to: /home/joeyw/.cache/zephyr\n-- Zephyr version: 4.2.0 (/home/joeyw/zephyr-dev/zephyr)\n-- Found west (found suitable version \"1.4.0\", minimum required is \"0.14.0\")\n-- Board: native_sim, qualifiers: native\n-- Found host-tools: zephyr 0.17.2 (/home/joeyw/zephyr-sdk-0.17.2)\n-- Found toolchain: host (gcc/ld)\n-- Found BOARD.dts: /home/joeyw/zephyr-dev/zephyr/boards/native/native_sim/native_sim.dts\n-- Generated zephyr.dts: /home/joeyw/zephyr-dev/twister-out/native_sim_native/host/stm32h753zi_stepper.unit/zephyr/zephyr.dts\n-- Generated pickled edt: /home/joeyw/zephyr-dev/twister-out/native_sim_native/host/stm32h753zi_stepper.unit/zephyr/edt.pickle\n-- Generated devicetree_generated.h: /home/joeyw/zephyr-dev/twister-out/native_sim_native/host/stm32h753zi_stepper.unit/zephyr/include/generated/zephyr/devicetree_generated.h\nParsing /home/joeyw/zephyr-dev/zephyr/Kconfig\nLoaded configuration '/home/joeyw/zephyr-dev/twister-out/native_sim_native/host/stm32h753zi_stepper.unit/zephyr/.config'\nNo change to configuration in '/home/joeyw/zephyr-dev/twister-out/native_sim_native/host/stm32h753zi_stepper.unit/zephyr/.config'\nNo change to Kconfig header in '/home/joeyw/zephyr-dev/twister-out/native_sim_native/host/stm32h753zi_stepper.unit/zephyr/include/generated/zephyr/autoconf.h'\n-- Using ccache: /usr/bin/ccache\n-- Found gen_kobject_list: /home/joeyw/zephyr-dev/zephyr/scripts/build/gen_kobject_list.py\n-- Configuring done (2.5s)\n-- Generating done (0.0s)\n-- Build files have been written to: /home/joeyw/zephyr-dev/twister-out/native_sim_native/host/stm32h753zi_stepper.unit\n[1/106] Generating misc/generated/syscalls.json, misc/generated/struct_tags.json\n[2/83] Building C object zephyr/CMakeFiles/zephyr.dir/misc/generated/configs.c.obj\n[3/83] Building C object zephyr/CMakeFiles/zephyr.dir/subsys/logging/log_cache.c.obj\n[4/83] Building C object zephyr/CMakeFiles/zephyr.dir/lib/utils/ring_buffer.c.obj\n[5/83] Building C object zephyr/CMakeFiles/zephyr.dir/subsys/logging/backends/log_backend_native_posix.c.obj\n[6/83] Building C object CMakeFiles/app.dir/test_stepper_models.c.obj\nFAILED: CMakeFiles/app.dir/test_stepper_models.c.obj \nccache /usr/bin/gcc -DKERNEL -DK_HEAP_MEM_POOL_SIZE=0 -DTC_RUNID=7526dc86f326426fbb87a4e471940d99 -D__ZEPHYR__=1 -I/home/joeyw/zephyr-dev/twister-out/native_sim_native/host/stm32h753zi_stepper.unit/zephyr/include/generated/zephyr -I/home/joeyw/zephyr-dev/zephyr/include -I/home/joeyw/zephyr-dev/twister-out/native_sim_native/host/stm32h753zi_stepper.unit/zephyr/include/generated -I/home/joeyw/zephyr-dev/zephyr/soc/native/inf_clock -I/home/joeyw/zephyr-dev/zephyr/boards/native/native_sim -I/home/joeyw/zephyr-dev/zephyr/scripts/native_simulator/common/src/include -I/home/joeyw/zephyr-dev/zephyr/scripts/native_simulator/native/src/include -I/home/joeyw/zephyr-dev/zephyr/subsys/testsuite/include -I/home/joeyw/zephyr-dev/zephyr/subsys/testsuite/coverage -I/home/joeyw/zephyr-dev/zephyr/subsys/testsuite/ztest/include -I/home/joeyw/zephyr-dev/zephyr/subsys/settings/include -I/home/joeyw/zephyr-dev/modules/hal/ti/mspm0/source/ti/devices/msp/. -I/home/joeyw/zephyr-dev/modules/hal/ti/mspm0/source/ti/devices/msp/m0p -I/home/joeyw/zephyr-dev/modules/hal/ti/mspm0/source/ti/devices/msp/peripherals -I/home/joeyw/zephyr-dev/modules/hal/ti/mspm0/source/ti/devices/msp/peripherals/m0p -I/home/joeyw/zephyr-dev/modules/hal/ti/mspm0/source/ti/devices/msp/peripherals/m0p/sysctl -I/home/joeyw/zephyr-dev/apps/stm32h753zi_stepper/tests/unit/../../src -I/home/joeyw/zephyr-dev/apps/stm32h753zi_stepper/tests/unit/../../build/generated -fno-strict-aliasing -Werror -Os -imacros /home/joeyw/zephyr-dev/twister-out/native_sim_native/host/stm32h753zi_stepper.unit/zephyr/include/generated/zephyr/autoconf.h -fno-common -g -gdwarf-4 -fdiagnostics-color=always -Wall -Wformat -Wformat-security -Wno-format-zero-length -Wdouble-promotion -Wno-pointer-sign -Wpointer-arith -Wexpansion-to-defined -Wno-unused-but-set-variable -Werror=implicit-int -fno-pic -fno-pie -fno-asynchronous-unwind-tables -fno-reorder-functions --param=min-pagesize=0 -fno-defer-pop -fmacro-prefix-map=/home/joeyw/zephyr-dev/apps/stm32h753zi_stepper/tests/unit=CMAKE_SOURCE_DIR -fmacro-prefix-map=/home/joeyw/zephyr-dev/zephyr=ZEPHYR_BASE -fmacro-prefix-map=/home/joeyw/zephyr-dev=WEST_TOPDIR -ffunction-sections -fdata-sections -m32 -msse2 -mfpmath=sse -fvisibility=hidden -fno-freestanding -std=c11 -MD -MT CMakeFiles/app.dir/test_stepper_models.c.obj -MF CMakeFiles/app.dir/test_stepper_models.c.obj.d -o CMakeFiles/app.dir/test_stepper_models.c.obj -c /home/joeyw/zephyr-dev/apps/stm32h753zi_stepper/tests/unit/test_stepper_models.c\n/home/joeyw/zephyr-dev/apps/stm32h753zi_stepper/tests/unit/test_stepper_models.c: In function stepper_models_test_switch_and_enforce:\n/home/joeyw/zephyr-dev/apps/stm32h753zi_stepper/tests/unit/test_stepper_models.c:39:9: error: the address of strict_spi_mock_register will always evaluate as true [-Werror=address]\n   39 |     if ((void *)strict_spi_mock_register) {\n      |         ^\ncc1: all warnings being treated as errors\n[7/83] Building C object CMakeFiles/app.dir/home/joeyw/zephyr-dev/apps/stm32h753zi_stepper/src/stepper_models.c.obj\nFAILED: CMakeFiles/app.dir/home/joeyw/zephyr-dev/apps/stm32h753zi_stepper/src/stepper_models.c.obj \nccache /usr/bin/gcc -DKERNEL -DK_HEAP_MEM_POOL_SIZE=0 -DTC_RUNID=7526dc86f326426fbb87a4e471940d99 -D__ZEPHYR__=1 -I/home/joeyw/zephyr-dev/twister-out/native_sim_native/host/stm32h753zi_stepper.unit/zephyr/include/generated/zephyr -I/home/joeyw/zephyr-dev/zephyr/include -I/home/joeyw/zephyr-dev/twister-out/native_sim_native/host/stm32h753zi_stepper.unit/zephyr/include/generated -I/home/joeyw/zephyr-dev/zephyr/soc/native/inf_clock -I/home/joeyw/zephyr-dev/zephyr/boards/native/native_sim -I/home/joeyw/zephyr-dev/zephyr/scripts/native_simulator/common/src/include -I/home/joeyw/zephyr-dev/zephyr/scripts/native_simulator/native/src/include -I/home/joeyw/zephyr-dev/zephyr/subsys/testsuite/include -I/home/joeyw/zephyr-dev/zephyr/subsys/testsuite/coverage -I/home/joeyw/zephyr-dev/zephyr/subsys/testsuite/ztest/include -I/home/joeyw/zephyr-dev/zephyr/subsys/settings/include -I/home/joeyw/zephyr-dev/modules/hal/ti/mspm0/source/ti/devices/msp/. -I/home/joeyw/zephyr-dev/modules/hal/ti/mspm0/source/ti/devices/msp/m0p -I/home/joeyw/zephyr-dev/modules/hal/ti/mspm0/source/ti/devices/msp/peripherals -I/home/joeyw/zephyr-dev/modules/hal/ti/mspm0/source/ti/devices/msp/peripherals/m0p -I/home/joeyw/zephyr-dev/modules/hal/ti/mspm0/source/ti/devices/msp/peripherals/m0p/sysctl -I/home/joeyw/zephyr-dev/apps/stm32h753zi_stepper/tests/unit/../../src -I/home/joeyw/zephyr-dev/apps/stm32h753zi_stepper/tests/unit/../../build/generated -fno-strict-aliasing -Werror -Os -imacros /home/joeyw/zephyr-dev/twister-out/native_sim_native/host/stm32h753zi_stepper.unit/zephyr/include/generated/zephyr/autoconf.h -fno-common -g -gdwarf-4 -fdiagnostics-color=always -Wall -Wformat -Wformat-security -Wno-format-zero-length -Wdouble-promotion -Wno-pointer-sign -Wpointer-arith -Wexpansion-to-defined -Wno-unused-but-set-variable -Werror=implicit-int -fno-pic -fno-pie -fno-asynchronous-unwind-tables -fno-reorder-functions --param=min-pagesize=0 -fno-defer-pop -fmacro-prefix-map=/home/joeyw/zephyr-dev/apps/stm32h753zi_stepper/tests/unit=CMAKE_SOURCE_DIR -fmacro-prefix-map=/home/joeyw/zephyr-dev/zephyr=ZEPHYR_BASE -fmacro-prefix-map=/home/joeyw/zephyr-dev=WEST_TOPDIR -ffunction-sections -fdata-sections -m32 -msse2 -mfpmath=sse -fvisibility=hidden -fno-freestanding -std=c11 -MD -MT CMakeFiles/app.dir/home/joeyw/zephyr-dev/apps/stm32h753zi_stepper/src/stepper_models.c.obj -MF CMakeFiles/app.dir/home/joeyw/zephyr-dev/apps/stm32h753zi_stepper/src/stepper_models.c.obj.d -o CMakeFiles/app.dir/home/joeyw/zephyr-dev/apps/stm32h753zi_stepper/src/stepper_models.c.obj -c /home/joeyw/zephyr-dev/apps/stm32h753zi_stepper/src/stepper_models.c\nIn file included from /home/joeyw/zephyr-dev/zephyr/include/zephyr/device.h:13,\n                 from /home/joeyw/zephyr-dev/zephyr/include/zephyr/sw_isr_table.h:18,\n                 from /home/joeyw/zephyr-dev/zephyr/boards/native/native_sim/../common/irq/board_irq.h:11,\n                 from /home/joeyw/zephyr-dev/zephyr/boards/native/native_sim/board_irq.h:10,\n                 from /home/joeyw/zephyr-dev/zephyr/soc/native/inf_clock/soc_irq.h:10,\n                 from /home/joeyw/zephyr-dev/zephyr/include/zephyr/arch/posix/posix_soc_if.h:18,\n                 from /home/joeyw/zephyr-dev/zephyr/include/zephyr/arch/posix/asm_inline_gcc.h:29,\n                 from /home/joeyw/zephyr-dev/zephyr/include/zephyr/arch/posix/asm_inline.h:18,\n                 from /home/joeyw/zephyr-dev/zephyr/include/zephyr/arch/posix/arch.h:26,\n                 from /home/joeyw/zephyr-dev/zephyr/include/zephyr/arch/cpu.h:29,\n                 from /home/joeyw/zephyr-dev/zephyr/include/zephyr/sys/cbprintf_internal.h:17,\n                 from /home/joeyw/zephyr-dev/zephyr/include/zephyr/sys/cbprintf.h:124,\n                 from /home/joeyw/zephyr-dev/zephyr/include/zephyr/logging/log_msg.h:11,\n                 from /home/joeyw/zephyr-dev/zephyr/include/zephyr/logging/log_core.h:9,\n                 from /home/joeyw/zephyr-dev/zephyr/include/zephyr/logging/log.h:11,\n                 from /home/joeyw/zephyr-dev/apps/stm32h753zi_stepper/src/stepper_models.c:3:\n/home/joeyw/zephyr-dev/zephyr/include/zephyr/init.h:169:55: error: initialization of int (*)(void) from incompatible pointer type int (*)(const struct device *) [-Werror=incompatible-pointer-types]\n  169 |                 Z_INIT_ENTRY_NAME(name) = {.init_fn = (init_fn_), .dev = NULL}            \\\n      |                                                       ^\n/home/joeyw/zephyr-dev/zephyr/include/zephyr/init.h:151:9: note: in expansion of macro SYS_INIT_NAMED\n  151 |         SYS_INIT_NAMED(init_fn, init_fn, level, prio)\n      |         ^~~~~~~~~~~~~~\n/home/joeyw/zephyr-dev/apps/stm32h753zi_stepper/src/stepper_models.c:99:1: note: in expansion of macro SYS_INIT\n   99 | SYS_INIT(stepper_settings_init, APPLICATION, CONFIG_KERNEL_INIT_PRIORITY_DEFAULT);\n      | ^~~~~~~~\n/home/joeyw/zephyr-dev/zephyr/include/zephyr/init.h:169:55: note: (near initialization for __init_stepper_settings_init.init_fn)\n  169 |                 Z_INIT_ENTRY_NAME(name) = {.init_fn = (init_fn_), .dev = NULL}            \\\n      |                                                       ^\n/home/joeyw/zephyr-dev/zephyr/include/zephyr/init.h:151:9: note: in expansion of macro SYS_INIT_NAMED\n  151 |         SYS_INIT_NAMED(init_fn, init_fn, level, prio)\n      |         ^~~~~~~~~~~~~~\n/home/joeyw/zephyr-dev/apps/stm32h753zi_stepper/src/stepper_models.c:99:1: note: in expansion of macro SYS_INIT\n   99 | SYS_INIT(stepper_settings_init, APPLICATION, CONFIG_KERNEL_INIT_PRIORITY_DEFAULT);\n      | ^~~~~~~~\ncc1: all warnings being treated as errors\n[8/83] Building C object zephyr/CMakeFiles/zephyr.dir/subsys/logging/log_msg.c.obj\n[9/83] Building C object zephyr/CMakeFiles/zephyr.dir/subsys/logging/log_mgmt.c.obj\n[10/83] Building C object zephyr/CMakeFiles/zephyr.dir/subsys/tracing/tracing_none.c.obj\n[11/83] Building C object zephyr/CMakeFiles/zephyr.dir/subsys/logging/log_core.c.obj\n[12/83] Building C object zephyr/CMakeFiles/zephyr.dir/subsys/logging/log_output.c.obj\n[13/83] Building C object zephyr/CMakeFiles/zephyr.dir/subsys/settings/src/settings_init.c.obj\n[14/83] Building C object zephyr/CMakeFiles/zephyr.dir/subsys/settings/src/settings_store.c.obj\n[15/83] Building C object zephyr/CMakeFiles/zephyr.dir/subsys/settings/src/settings.c.obj\nninja: build stopped: subcommand failed.\nLoading Zephyr default modules (Zephyr base (cached)).\n-- Application: /home/joeyw/zephyr-dev/apps/stm32h753zi_stepper/tests/unit\n-- CMake version: 3.28.3\n-- Cache files will be written to: /home/joeyw/.cache/zephyr\n-- Zephyr version: 4.2.0 (/home/joeyw/zephyr-dev/zephyr)\n-- Found west (found suitable version \"1.4.0\", minimum required is \"0.14.0\")\n-- Board: native_sim, qualifiers: native\n-- Found host-tools: zephyr 0.17.2 (/home/joeyw/zephyr-sdk-0.17.2)\n-- Found toolchain: host (gcc/ld)\n-- Found BOARD.dts: /home/joeyw/zephyr-dev/zephyr/boards/native/native_sim/native_sim.dts\n-- Generated zephyr.dts: /home/joeyw/zephyr-dev/twister-out/native_sim_native/host/stm32h753zi_stepper.unit/zephyr/zephyr.dts\n-- Generated pickled edt: /home/joeyw/zephyr-dev/twister-out/native_sim_native/host/stm32h753zi_stepper.unit/zephyr/edt.pickle\n-- Generated devicetree_generated.h: /home/joeyw/zephyr-dev/twister-out/native_sim_native/host/stm32h753zi_stepper.unit/zephyr/include/generated/zephyr/devicetree_generated.h\nParsing /home/joeyw/zephyr-dev/zephyr/Kconfig\nLoaded configuration '/home/joeyw/zephyr-dev/twister-out/native_sim_native/host/stm32h753zi_stepper.unit/zephyr/.config'\nNo change to configuration in '/home/joeyw/zephyr-dev/twister-out/native_sim_native/host/stm32h753zi_stepper.unit/zephyr/.config'\nNo change to Kconfig header in '/home/joeyw/zephyr-dev/twister-out/native_sim_native/host/stm32h753zi_stepper.unit/zephyr/include/generated/zephyr/autoconf.h'\n-- Using ccache: /usr/bin/ccache\n-- Found gen_kobject_list: /home/joeyw/zephyr-dev/zephyr/scripts/build/gen_kobject_list.py\n-- Configuring done (2.5s)\n-- Generating done (0.0s)\n-- Build files have been written to: /home/joeyw/zephyr-dev/twister-out/native_sim_native/host/stm32h753zi_stepper.unit\n[1/103] Generating misc/generated/syscalls.json, misc/generated/struct_tags.json\n[2/71] Generating linker_zephyr_pre0.cmd\n[3/71] Building C object zephyr/CMakeFiles/zephyr.dir/subsys/settings/src/settings_none.c.obj\n[4/71] Building C object zephyr/CMakeFiles/zephyr_pre0.dir/misc/empty_file.c.obj\n[5/71] Building C object zephyr/arch/arch/posix/core/CMakeFiles/arch__posix__core.dir/posix_core_nsi.c.obj\n[6/71] Building C object zephyr/arch/arch/posix/core/CMakeFiles/arch__posix__core.dir/irq.c.obj\n[7/71] Building C object zephyr/arch/arch/posix/core/CMakeFiles/arch__posix__core.dir/cpuhalt.c.obj\n[8/71] Building C object zephyr/soc/soc/native/CMakeFiles/soc__native__inf_clock.dir/native_tasks.c.obj\n[9/71] Building C object zephyr/arch/arch/posix/core/CMakeFiles/arch__posix__core.dir/swap.c.obj\n[10/71] Building C object CMakeFiles/app.dir/home/joeyw/zephyr-dev/apps/stm32h753zi_stepper/src/stepper_models.c.obj\nFAILED: CMakeFiles/app.dir/home/joeyw/zephyr-dev/apps/stm32h753zi_stepper/src/stepper_models.c.obj \nccache /usr/bin/gcc -DKERNEL -DK_HEAP_MEM_POOL_SIZE=0 -DTC_RUNID=7526dc86f326426fbb87a4e471940d99 -D__ZEPHYR__=1 -I/home/joeyw/zephyr-dev/twister-out/native_sim_native/host/stm32h753zi_stepper.unit/zephyr/include/generated/zephyr -I/home/joeyw/zephyr-dev/zephyr/include -I/home/joeyw/zephyr-dev/twister-out/native_sim_native/host/stm32h753zi_stepper.unit/zephyr/include/generated -I/home/joeyw/zephyr-dev/zephyr/soc/native/inf_clock -I/home/joeyw/zephyr-dev/zephyr/boards/native/native_sim -I/home/joeyw/zephyr-dev/zephyr/scripts/native_simulator/common/src/include -I/home/joeyw/zephyr-dev/zephyr/scripts/native_simulator/native/src/include -I/home/joeyw/zephyr-dev/zephyr/subsys/testsuite/include -I/home/joeyw/zephyr-dev/zephyr/subsys/testsuite/coverage -I/home/joeyw/zephyr-dev/zephyr/subsys/testsuite/ztest/include -I/home/joeyw/zephyr-dev/zephyr/subsys/settings/include -I/home/joeyw/zephyr-dev/modules/hal/ti/mspm0/source/ti/devices/msp/. -I/home/joeyw/zephyr-dev/modules/hal/ti/mspm0/source/ti/devices/msp/m0p -I/home/joeyw/zephyr-dev/modules/hal/ti/mspm0/source/ti/devices/msp/peripherals -I/home/joeyw/zephyr-dev/modules/hal/ti/mspm0/source/ti/devices/msp/peripherals/m0p -I/home/joeyw/zephyr-dev/modules/hal/ti/mspm0/source/ti/devices/msp/peripherals/m0p/sysctl -I/home/joeyw/zephyr-dev/apps/stm32h753zi_stepper/tests/unit/../../src -I/home/joeyw/zephyr-dev/apps/stm32h753zi_stepper/tests/unit/../../build/generated -fno-strict-aliasing -Werror -Os -imacros /home/joeyw/zephyr-dev/twister-out/native_sim_native/host/stm32h753zi_stepper.unit/zephyr/include/generated/zephyr/autoconf.h -fno-common -g -gdwarf-4 -fdiagnostics-color=always -Wall -Wformat -Wformat-security -Wno-format-zero-length -Wdouble-promotion -Wno-pointer-sign -Wpointer-arith -Wexpansion-to-defined -Wno-unused-but-set-variable -Werror=implicit-int -fno-pic -fno-pie -fno-asynchronous-unwind-tables -fno-reorder-functions --param=min-pagesize=0 -fno-defer-pop -fmacro-prefix-map=/home/joeyw/zephyr-dev/apps/stm32h753zi_stepper/tests/unit=CMAKE_SOURCE_DIR -fmacro-prefix-map=/home/joeyw/zephyr-dev/zephyr=ZEPHYR_BASE -fmacro-prefix-map=/home/joeyw/zephyr-dev=WEST_TOPDIR -ffunction-sections -fdata-sections -m32 -msse2 -mfpmath=sse -fvisibility=hidden -fno-freestanding -std=c11 -MD -MT CMakeFiles/app.dir/home/joeyw/zephyr-dev/apps/stm32h753zi_stepper/src/stepper_models.c.obj -MF CMakeFiles/app.dir/home/joeyw/zephyr-dev/apps/stm32h753zi_stepper/src/stepper_models.c.obj.d -o CMakeFiles/app.dir/home/joeyw/zephyr-dev/apps/stm32h753zi_stepper/src/stepper_models.c.obj -c /home/joeyw/zephyr-dev/apps/stm32h753zi_stepper/src/stepper_models.c\nIn file included from /home/joeyw/zephyr-dev/zephyr/include/zephyr/device.h:13,\n                 from /home/joeyw/zephyr-dev/zephyr/include/zephyr/sw_isr_table.h:18,\n                 from /home/joeyw/zephyr-dev/zephyr/boards/native/native_sim/../common/irq/board_irq.h:11,\n                 from /home/joeyw/zephyr-dev/zephyr/boards/native/native_sim/board_irq.h:10,\n                 from /home/joeyw/zephyr-dev/zephyr/soc/native/inf_clock/soc_irq.h:10,\n                 from /home/joeyw/zephyr-dev/zephyr/include/zephyr/arch/posix/posix_soc_if.h:18,\n                 from /home/joeyw/zephyr-dev/zephyr/include/zephyr/arch/posix/asm_inline_gcc.h:29,\n                 from /home/joeyw/zephyr-dev/zephyr/include/zephyr/arch/posix/asm_inline.h:18,\n                 from /home/joeyw/zephyr-dev/zephyr/include/zephyr/arch/posix/arch.h:26,\n                 from /home/joeyw/zephyr-dev/zephyr/include/zephyr/arch/cpu.h:29,\n                 from /home/joeyw/zephyr-dev/zephyr/include/zephyr/sys/cbprintf_internal.h:17,\n                 from /home/joeyw/zephyr-dev/zephyr/include/zephyr/sys/cbprintf.h:124,\n                 from /home/joeyw/zephyr-dev/zephyr/include/zephyr/logging/log_msg.h:11,\n                 from /home/joeyw/zephyr-dev/zephyr/include/zephyr/logging/log_core.h:9,\n                 from /home/joeyw/zephyr-dev/zephyr/include/zephyr/logging/log.h:11,\n                 from /home/joeyw/zephyr-dev/apps/stm32h753zi_stepper/src/stepper_models.c:3:\n/home/joeyw/zephyr-dev/zephyr/include/zephyr/init.h:169:55: error: initialization of int (*)(void) from incompatible pointer type int (*)(const struct device *) [-Werror=incompatible-pointer-types]\n  169 |                 Z_INIT_ENTRY_NAME(name) = {.init_fn = (init_fn_), .dev = NULL}            \\\n      |                                                       ^\n/home/joeyw/zephyr-dev/zephyr/include/zephyr/init.h:151:9: note: in expansion of macro SYS_INIT_NAMED\n  151 |         SYS_INIT_NAMED(init_fn, init_fn, level, prio)\n      |         ^~~~~~~~~~~~~~\n/home/joeyw/zephyr-dev/apps/stm32h753zi_stepper/src/stepper_models.c:99:1: note: in expansion of macro SYS_INIT\n   99 | SYS_INIT(stepper_settings_init, APPLICATION, CONFIG_KERNEL_INIT_PRIORITY_DEFAULT);\n      | ^~~~~~~~\n/home/joeyw/zephyr-dev/zephyr/include/zephyr/init.h:169:55: note: (near initialization for __init_stepper_settings_init.init_fn)\n  169 |                 Z_INIT_ENTRY_NAME(name) = {.init_fn = (init_fn_), .dev = NULL}            \\\n      |                                                       ^\n/home/joeyw/zephyr-dev/zephyr/include/zephyr/init.h:151:9: note: in expansion of macro SYS_INIT_NAMED\n  151 |         SYS_INIT_NAMED(init_fn, init_fn, level, prio)\n      |         ^~~~~~~~~~~~~~\n/home/joeyw/zephyr-dev/apps/stm32h753zi_stepper/src/stepper_models.c:99:1: note: in expansion of macro SYS_INIT\n   99 | SYS_INIT(stepper_settings_init, APPLICATION, CONFIG_KERNEL_INIT_PRIORITY_DEFAULT);\n      | ^~~~~~~~\ncc1: all warnings being treated as errors\n[11/71] Building C object zephyr/arch/arch/posix/core/CMakeFiles/arch__posix__core.dir/fatal.c.obj\n[12/71] Building C object zephyr/soc/soc/native/CMakeFiles/soc__native__inf_clock.dir/native_remap.c.obj\n[13/71] Building C object zephyr/boards/native/native_sim/CMakeFiles/boards__native__native_sim.dir/cmdline.c.obj\n[14/71] Building C object CMakeFiles/app.dir/test_stepper_models.c.obj\nFAILED: CMakeFiles/app.dir/test_stepper_models.c.obj \nccache /usr/bin/gcc -DKERNEL -DK_HEAP_MEM_POOL_SIZE=0 -DTC_RUNID=7526dc86f326426fbb87a4e471940d99 -D__ZEPHYR__=1 -I/home/joeyw/zephyr-dev/twister-out/native_sim_native/host/stm32h753zi_stepper.unit/zephyr/include/generated/zephyr -I/home/joeyw/zephyr-dev/zephyr/include -I/home/joeyw/zephyr-dev/twister-out/native_sim_native/host/stm32h753zi_stepper.unit/zephyr/include/generated -I/home/joeyw/zephyr-dev/zephyr/soc/native/inf_clock -I/home/joeyw/zephyr-dev/zephyr/boards/native/native_sim -I/home/joeyw/zephyr-dev/zephyr/scripts/native_simulator/common/src/include -I/home/joeyw/zephyr-dev/zephyr/scripts/native_simulator/native/src/include -I/home/joeyw/zephyr-dev/zephyr/subsys/testsuite/include -I/home/joeyw/zephyr-dev/zephyr/subsys/testsuite/coverage -I/home/joeyw/zephyr-dev/zephyr/subsys/testsuite/ztest/include -I/home/joeyw/zephyr-dev/zephyr/subsys/settings/include -I/home/joeyw/zephyr-dev/modules/hal/ti/mspm0/source/ti/devices/msp/. -I/home/joeyw/zephyr-dev/modules/hal/ti/mspm0/source/ti/devices/msp/m0p -I/home/joeyw/zephyr-dev/modules/hal/ti/mspm0/source/ti/devices/msp/peripherals -I/home/joeyw/zephyr-dev/modules/hal/ti/mspm0/source/ti/devices/msp/peripherals/m0p -I/home/joeyw/zephyr-dev/modules/hal/ti/mspm0/source/ti/devices/msp/peripherals/m0p/sysctl -I/home/joeyw/zephyr-dev/apps/stm32h753zi_stepper/tests/unit/../../src -I/home/joeyw/zephyr-dev/apps/stm32h753zi_stepper/tests/unit/../../build/generated -fno-strict-aliasing -Werror -Os -imacros /home/joeyw/zephyr-dev/twister-out/native_sim_native/host/stm32h753zi_stepper.unit/zephyr/include/generated/zephyr/autoconf.h -fno-common -g -gdwarf-4 -fdiagnostics-color=always -Wall -Wformat -Wformat-security -Wno-format-zero-length -Wdouble-promotion -Wno-pointer-sign -Wpointer-arith -Wexpansion-to-defined -Wno-unused-but-set-variable -Werror=implicit-int -fno-pic -fno-pie -fno-asynchronous-unwind-tables -fno-reorder-functions --param=min-pagesize=0 -fno-defer-pop -fmacro-prefix-map=/home/joeyw/zephyr-dev/apps/stm32h753zi_stepper/tests/unit=CMAKE_SOURCE_DIR -fmacro-prefix-map=/home/joeyw/zephyr-dev/zephyr=ZEPHYR_BASE -fmacro-prefix-map=/home/joeyw/zephyr-dev=WEST_TOPDIR -ffunction-sections -fdata-sections -m32 -msse2 -mfpmath=sse -fvisibility=hidden -fno-freestanding -std=c11 -MD -MT CMakeFiles/app.dir/test_stepper_models.c.obj -MF CMakeFiles/app.dir/test_stepper_models.c.obj.d -o CMakeFiles/app.dir/test_stepper_models.c.obj -c /home/joeyw/zephyr-dev/apps/stm32h753zi_stepper/tests/unit/test_stepper_models.c\n/home/joeyw/zephyr-dev/apps/stm32h753zi_stepper/tests/unit/test_stepper_models.c: In function stepper_models_test_switch_and_enforce:\n/home/joeyw/zephyr-dev/apps/stm32h753zi_stepper/tests/unit/test_stepper_models.c:39:9: error: the address of strict_spi_mock_register will always evaluate as true [-Werror=address]\n   39 |     if ((void *)strict_spi_mock_register) {\n      |         ^\ncc1: all warnings being treated as errors\n[15/71] Building C object zephyr/arch/arch/posix/core/CMakeFiles/arch__posix__core.dir/thread.c.obj\n[16/71] Building C object zephyr/CMakeFiles/zephyr.dir/subsys/settings/src/settings_line.c.obj\n[17/71] Building C object zephyr/soc/soc/native/CMakeFiles/soc__native__inf_clock.dir/soc.c.obj\n[18/71] Building C object zephyr/boards/native/native_sim/CMakeFiles/boards__native__native_sim.dir/cpu_wait.c.obj\n[19/71] Building C object zephyr/boards/native/native_sim/CMakeFiles/boards__native__native_sim.dir/nsi_if.c.obj\nninja: build stopped: subcommand failed.\n",
            "reason":"Build failure - error: the address of strict_spi_mock_register will always evaluate as true [-Werror=address]",
            "execution_time":"0.00",
            "build_time":"3.01",
            "testcases":[
                {
                    "identifier":"stm32h753zi_stepper.unit.power_control_tests.power_state_hooks",
                    "execution_time":"0.00",
                    "status":"blocked",
                    "reason":"Build failure"
                },
                {
                    "identifier":"stm32h753zi_stepper.unit.stepper_models.persist_active",
                    "execution_time":"0.00",
                    "status":"blocked",
                    "reason":"Build failure"
                },
                {
                    "identifier":"stm32h753zi_stepper.unit.l6470_strict.run_frame_bytes",
                    "execution_time":"0.00",
                    "status":"blocked",
                    "reason":"Build failure"
                },
                {
                    "identifier":"stm32h753zi_stepper.unit.l6470_codec.pack_move_frame_dev1",
                    "execution_time":"0.00",
                    "status":"blocked",
                    "reason":"Build failure"
                },
                {
                    "identifier":"stm32h753zi_stepper.unit.l6470_codec.build_get_status_tx_and_parse",
                    "execution_time":"0.00",
                    "status":"blocked",
                    "reason":"Build failure"
                },
                {
                    "identifier":"stm32h753zi_stepper.unit.l6470_codec.pack_run_frame_dev0",
                    "execution_time":"0.00",
                    "status":"blocked",
                    "reason":"Build failure"
                },
                {
                    "identifier":"stm32h753zi_stepper.unit.stepper_models.switch_and_enforce",
                    "execution_time":"0.00",
                    "status":"blocked",
                    "reason":"Build failure"
                },
                {
                    "identifier":"stm32h753zi_stepper.unit.l6470_limits.run_rejects_high_speed",
                    "execution_time":"0.00",
                    "status":"blocked",
                    "reason":"Build failure"
                },
                {
                    "identifier":"stm32h753zi_stepper.unit.l6470_strict.move_frame_bytes",
                    "execution_time":"0.00",
                    "status":"blocked",
                    "reason":"Build failure"
                },
                {
                    "identifier":"stm32h753zi_stepper.unit.l6470_limits.move_rejects_too_many_steps",
                    "execution_time":"0.00",
                    "status":"blocked",
                    "reason":"Build failure"
                }
            ]
        }
    ]
}