2025-09-04 16:16:21,078 - twister - INFO - Using Ninja..
2025-09-04 16:16:21,131 - twister - INFO - Zephyr version: v4.2.0-31-g663da2302b04
2025-09-04 16:16:21,133 - twister - DEBUG - Running cmake script /home/joeyw/zephyr-dev/zephyr/cmake/verify-toolchain.cmake
2025-09-04 16:16:21,133 - twister - DEBUG - Calling cmake: /usr/bin/cmake -DFORMAT=json -P /home/joeyw/zephyr-dev/zephyr/cmake/verify-toolchain.cmake
2025-09-04 16:16:21,252 - twister - DEBUG - Finished running /home/joeyw/zephyr-dev/zephyr/cmake/verify-toolchain.cmake
2025-09-04 16:16:21,252 - twister - INFO - Using 'zephyr' toolchain.
2025-09-04 16:16:21,989 - twister - DEBUG - Reading testsuite configuration files under /home/joeyw/zephyr-dev/apps/stm32h753zi_stepper/tests/unit...
2025-09-04 16:16:21,989 - twister - DEBUG - Found possible testsuite in /home/joeyw/zephyr-dev/apps/stm32h753zi_stepper/tests/unit
2025-09-04 16:16:21,991 - twister - DEBUG - No duplicates found.
2025-09-04 16:16:21,992 - twister - DEBUG - platform filter: ['native_sim']
2025-09-04 16:16:21,992 - twister - DEBUG -   vendor filter: []
2025-09-04 16:16:21,992 - twister - DEBUG -     arch_filter: None
2025-09-04 16:16:21,992 - twister - DEBUG -      tag_filter: None
2025-09-04 16:16:21,992 - twister - DEBUG -     exclude_tag: None
2025-09-04 16:16:21,992 - twister - DEBUG - Checking platform filter: ['native_sim']
2025-09-04 16:16:21,992 - twister - INFO - Building initial testsuite list...
2025-09-04 16:16:21,992 - twister - INFO - Writing JSON report /home/joeyw/zephyr-dev/twister-out/testplan.json
2025-09-04 16:16:22,004 - twister - INFO - JOBS: 8
2025-09-04 16:16:22,005 - twister - INFO - Adding tasks to the queue...
2025-09-04 16:16:22,005 - twister - DEBUG - adding native_sim/native/host/stm32h753zi_stepper.unit
2025-09-04 16:16:22,006 - twister - INFO - Added initial list of jobs to queue
2025-09-04 16:16:22,014 - twister - DEBUG - Launched 8 jobs
2025-09-04 16:16:22,022 - twister - DEBUG - Running cmake on /home/joeyw/zephyr-dev/apps/stm32h753zi_stepper/tests/unit for native_sim/native
2025-09-04 16:16:22,023 - twister - DEBUG - Calling cmake: /usr/bin/cmake -B/home/joeyw/zephyr-dev/twister-out/native_sim_native/host/stm32h753zi_stepper.unit -DTC_RUNID=7526dc86f326426fbb87a4e471940d99 -DTC_NAME=stm32h753zi_stepper.unit -DCONFIG_COMPILER_WARNINGS_AS_ERRORS=y -DEXTRA_GEN_EDT_ARGS=--edtlib-Werror -GNinja -DPython3_EXECUTABLE=/home/joeyw/zephyr-dev/.venv/bin/python3 -DZEPHYR_TOOLCHAIN_VARIANT=host -S/home/joeyw/zephyr-dev/apps/stm32h753zi_stepper/tests/unit -DBOARD=native_sim/native
2025-09-04 16:16:24,988 - twister - DEBUG - Finished running cmake /home/joeyw/zephyr-dev/apps/stm32h753zi_stepper/tests/unit for native_sim/native in 2.96 seconds
2025-09-04 16:16:24,990 - twister - DEBUG - build test: native_sim/native/host/stm32h753zi_stepper.unit
2025-09-04 16:16:24,990 - twister - DEBUG - Building /home/joeyw/zephyr-dev/apps/stm32h753zi_stepper/tests/unit for native_sim/native
2025-09-04 16:16:24,991 - twister - DEBUG - Running /usr/bin/cmake --build /home/joeyw/zephyr-dev/twister-out/native_sim_native/host/stm32h753zi_stepper.unit
2025-09-04 16:16:25,669 - twister - INFO - 1/1 native_sim/native         stm32h753zi_stepper.unit                           [31mERROR[39m Build failure (native <host>)
2025-09-04 16:16:25,669 - twister - INFO - ----/home/joeyw/zephyr-dev/twister-out/native_sim_native/host/stm32h753zi_stepper.unit/build.log----
2025-09-04 16:16:25,670 - twister - ERROR - Loading Zephyr default modules (Zephyr base).
-- Application: /home/joeyw/zephyr-dev/apps/stm32h753zi_stepper/tests/unit
-- CMake version: 3.28.3
-- Found Python3: /home/joeyw/zephyr-dev/.venv/bin/python3 (found suitable version "3.12.3", minimum required is "3.10") found components: Interpreter 
-- Cache files will be written to: /home/joeyw/.cache/zephyr
-- Zephyr version: 4.2.0 (/home/joeyw/zephyr-dev/zephyr)
-- Found west (found suitable version "1.4.0", minimum required is "0.14.0")
-- Board: native_sim, qualifiers: native
-- Found host-tools: zephyr 0.17.2 (/home/joeyw/zephyr-sdk-0.17.2)
-- Found toolchain: host (gcc/ld)
-- Found Dtc: /home/joeyw/zephyr-sdk-0.17.2/sysroots/x86_64-pokysdk-linux/usr/bin/dtc (found suitable version "1.7.0", minimum required is "1.4.6") 
-- Found BOARD.dts: /home/joeyw/zephyr-dev/zephyr/boards/native/native_sim/native_sim.dts
-- Generated zephyr.dts: /home/joeyw/zephyr-dev/twister-out/native_sim_native/host/stm32h753zi_stepper.unit/zephyr/zephyr.dts
-- Generated pickled edt: /home/joeyw/zephyr-dev/twister-out/native_sim_native/host/stm32h753zi_stepper.unit/zephyr/edt.pickle
-- Generated devicetree_generated.h: /home/joeyw/zephyr-dev/twister-out/native_sim_native/host/stm32h753zi_stepper.unit/zephyr/include/generated/zephyr/devicetree_generated.h

warning: The choice symbol SETTINGS_FILE (defined at subsys/settings/Kconfig:75) was selected (set
=y), but SETTINGS_NONE (defined at subsys/settings/Kconfig:112) ended up as the choice selection.
See http://docs.zephyrproject.org/latest/kconfig.html#CONFIG_SETTINGS_FILE and/or look up
SETTINGS_FILE in the menuconfig/guiconfig interface. The Application Development Primer, Setting
Configuration Values, and Kconfig - Tips and Best Practices sections of the manual might be helpful
too.

Parsing /home/joeyw/zephyr-dev/zephyr/Kconfig
Loaded configuration '/home/joeyw/zephyr-dev/zephyr/boards/native/native_sim/native_sim_defconfig'
Merged configuration '/home/joeyw/zephyr-dev/apps/stm32h753zi_stepper/tests/unit/prj.conf'
Merged configuration '/home/joeyw/zephyr-dev/twister-out/native_sim_native/host/stm32h753zi_stepper.unit/zephyr/misc/generated/extra_kconfig_options.conf'
Configuration saved to '/home/joeyw/zephyr-dev/twister-out/native_sim_native/host/stm32h753zi_stepper.unit/zephyr/.config'
Kconfig header saved to '/home/joeyw/zephyr-dev/twister-out/native_sim_native/host/stm32h753zi_stepper.unit/zephyr/include/generated/zephyr/autoconf.h'
-- Found GnuLd: /usr/bin/ld.bfd (found version "2.42") 
-- The C compiler identification is GNU 13.3.0
-- The CXX compiler identification is GNU 13.3.0
-- The ASM compiler identification is GNU
-- Found assembler: /usr/bin/gcc
-- Using ccache: /usr/bin/ccache
-- Found gen_kobject_list: /home/joeyw/zephyr-dev/zephyr/scripts/build/gen_kobject_list.py
-- Configuring done (2.8s)
-- Generating done (0.0s)
CMake Warning:
  Manually-specified variables were not used by the project:

    TC_NAME


-- Build files have been written to: /home/joeyw/zephyr-dev/twister-out/native_sim_native/host/stm32h753zi_stepper.unit
[1/111] Preparing syscall dependency handling

[2/111] Generating include/generated/zephyr/version.h
-- Zephyr version: 4.2.0 (/home/joeyw/zephyr-dev/zephyr), build: v4.2.0-31-g663da2302b04
[3/111] Generating misc/generated/syscalls_subdirs.trigger
[4/111] Generating misc/generated/syscalls.json, misc/generated/struct_tags.json
[5/111] Generating include/generated/device-api-sections.ld, include/generated/device-api-sections.cmake
[6/111] Generating include/generated/zephyr/syscall_dispatch.c, include/generated/zephyr/syscall_exports_llext.c, syscall_weakdefs_llext.c, include/generated/zephyr/syscall_list.h
[7/111] Generating include/generated/zephyr/driver-validation.h
[8/111] Generating include/generated/zephyr/kobj-types-enum.h, include/generated/zephyr/otype-to-str.h, include/generated/zephyr/otype-to-size.h
[9/111] Building C object zephyr/CMakeFiles/offsets.dir/arch/posix/core/offsets/offsets.c.obj
[10/111] Generating include/generated/zephyr/offsets.h
[11/111] Building C object CMakeFiles/app.dir/test_l6470_strict_frames.c.obj
[12/111] Building C object CMakeFiles/app.dir/test_stepper_models.c.obj
FAILED: CMakeFiles/app.dir/test_stepper_models.c.obj 
ccache /usr/bin/gcc -DKERNEL -DK_HEAP_MEM_POOL_SIZE=0 -DTC_RUNID=7526dc86f326426fbb87a4e471940d99 -D__ZEPHYR__=1 -I/home/joeyw/zephyr-dev/twister-out/native_sim_native/host/stm32h753zi_stepper.unit/zephyr/include/generated/zephyr -I/home/joeyw/zephyr-dev/zephyr/include -I/home/joeyw/zephyr-dev/twister-out/native_sim_native/host/stm32h753zi_stepper.unit/zephyr/include/generated -I/home/joeyw/zephyr-dev/zephyr/soc/native/inf_clock -I/home/joeyw/zephyr-dev/zephyr/boards/native/native_sim -I/home/joeyw/zephyr-dev/zephyr/scripts/native_simulator/common/src/include -I/home/joeyw/zephyr-dev/zephyr/scripts/native_simulator/native/src/include -I/home/joeyw/zephyr-dev/zephyr/subsys/testsuite/include -I/home/joeyw/zephyr-dev/zephyr/subsys/testsuite/coverage -I/home/joeyw/zephyr-dev/zephyr/subsys/testsuite/ztest/include -I/home/joeyw/zephyr-dev/zephyr/subsys/settings/include -I/home/joeyw/zephyr-dev/modules/hal/ti/mspm0/source/ti/devices/msp/. -I/home/joeyw/zephyr-dev/modules/hal/ti/mspm0/source/ti/devices/msp/m0p -I/home/joeyw/zephyr-dev/modules/hal/ti/mspm0/source/ti/devices/msp/peripherals -I/home/joeyw/zephyr-dev/modules/hal/ti/mspm0/source/ti/devices/msp/peripherals/m0p -I/home/joeyw/zephyr-dev/modules/hal/ti/mspm0/source/ti/devices/msp/peripherals/m0p/sysctl -I/home/joeyw/zephyr-dev/apps/stm32h753zi_stepper/tests/unit/../../src -I/home/joeyw/zephyr-dev/apps/stm32h753zi_stepper/tests/unit/../../build/generated -fno-strict-aliasing -Werror -Os -imacros /home/joeyw/zephyr-dev/twister-out/native_sim_native/host/stm32h753zi_stepper.unit/zephyr/include/generated/zephyr/autoconf.h -fno-common -g -gdwarf-4 -fdiagnostics-color=always -Wall -Wformat -Wformat-security -Wno-format-zero-length -Wdouble-promotion -Wno-pointer-sign -Wpointer-arith -Wexpansion-to-defined -Wno-unused-but-set-variable -Werror=implicit-int -fno-pic -fno-pie -fno-asynchronous-unwind-tables -fno-reorder-functions --param=min-pagesize=0 -fno-defer-pop -fmacro-prefix-map=/home/joeyw/zephyr-dev/apps/stm32h753zi_stepper/tests/unit=CMAKE_SOURCE_DIR -fmacro-prefix-map=/home/joeyw/zephyr-dev/zephyr=ZEPHYR_BASE -fmacro-prefix-map=/home/joeyw/zephyr-dev=WEST_TOPDIR -ffunction-sections -fdata-sections -m32 -msse2 -mfpmath=sse -fvisibility=hidden -fno-freestanding -std=c11 -MD -MT CMakeFiles/app.dir/test_stepper_models.c.obj -MF CMakeFiles/app.dir/test_stepper_models.c.obj.d -o CMakeFiles/app.dir/test_stepper_models.c.obj -c /home/joeyw/zephyr-dev/apps/stm32h753zi_stepper/tests/unit/test_stepper_models.c
/home/joeyw/zephyr-dev/apps/stm32h753zi_stepper/tests/unit/test_stepper_models.c: In function â€˜stepper_models_test_switch_and_enforceâ€™:
/home/joeyw/zephyr-dev/apps/stm32h753zi_stepper/tests/unit/test_stepper_models.c:39:9: error: the address of â€˜strict_spi_mock_registerâ€™ will always evaluate as â€˜trueâ€™ [-Werror=address]
   39 |     if ((void *)strict_spi_mock_register) {
      |         ^
cc1: all warnings being treated as errors
[13/111] Building C object CMakeFiles/app.dir/test_l6470_limits.c.obj
[14/111] Building C object CMakeFiles/app.dir/strict_spi_mock.c.obj
[15/111] Building C object CMakeFiles/app.dir/test_l6470_codec.c.obj
[16/111] Building C object CMakeFiles/app.dir/home/joeyw/zephyr-dev/apps/stm32h753zi_stepper/src/stepper_models.c.obj
FAILED: CMakeFiles/app.dir/home/joeyw/zephyr-dev/apps/stm32h753zi_stepper/src/stepper_models.c.obj 
ccache /usr/bin/gcc -DKERNEL -DK_HEAP_MEM_POOL_SIZE=0 -DTC_RUNID=7526dc86f326426fbb87a4e471940d99 -D__ZEPHYR__=1 -I/home/joeyw/zephyr-dev/twister-out/native_sim_native/host/stm32h753zi_stepper.unit/zephyr/include/generated/zephyr -I/home/joeyw/zephyr-dev/zephyr/include -I/home/joeyw/zephyr-dev/twister-out/native_sim_native/host/stm32h753zi_stepper.unit/zephyr/include/generated -I/home/joeyw/zephyr-dev/zephyr/soc/native/inf_clock -I/home/joeyw/zephyr-dev/zephyr/boards/native/native_sim -I/home/joeyw/zephyr-dev/zephyr/scripts/native_simulator/common/src/include -I/home/joeyw/zephyr-dev/zephyr/scripts/native_simulator/native/src/include -I/home/joeyw/zephyr-dev/zephyr/subsys/testsuite/include -I/home/joeyw/zephyr-dev/zephyr/subsys/testsuite/coverage -I/home/joeyw/zephyr-dev/zephyr/subsys/testsuite/ztest/include -I/home/joeyw/zephyr-dev/zephyr/subsys/settings/include -I/home/joeyw/zephyr-dev/modules/hal/ti/mspm0/source/ti/devices/msp/. -I/home/joeyw/zephyr-dev/modules/hal/ti/mspm0/source/ti/devices/msp/m0p -I/home/joeyw/zephyr-dev/modules/hal/ti/mspm0/source/ti/devices/msp/peripherals -I/home/joeyw/zephyr-dev/modules/hal/ti/mspm0/source/ti/devices/msp/peripherals/m0p -I/home/joeyw/zephyr-dev/modules/hal/ti/mspm0/source/ti/devices/msp/peripherals/m0p/sysctl -I/home/joeyw/zephyr-dev/apps/stm32h753zi_stepper/tests/unit/../../src -I/home/joeyw/zephyr-dev/apps/stm32h753zi_stepper/tests/unit/../../build/generated -fno-strict-aliasing -Werror -Os -imacros /home/joeyw/zephyr-dev/twister-out/native_sim_native/host/stm32h753zi_stepper.unit/zephyr/include/generated/zephyr/autoconf.h -fno-common -g -gdwarf-4 -fdiagnostics-color=always -Wall -Wformat -Wformat-security -Wno-format-zero-length -Wdouble-promotion -Wno-pointer-sign -Wpointer-arith -Wexpansion-to-defined -Wno-unused-but-set-variable -Werror=implicit-int -fno-pic -fno-pie -fno-asynchronous-unwind-tables -fno-reorder-functions --param=min-pagesize=0 -fno-defer-pop -fmacro-prefix-map=/home/joeyw/zephyr-dev/apps/stm32h753zi_stepper/tests/unit=CMAKE_SOURCE_DIR -fmacro-prefix-map=/home/joeyw/zephyr-dev/zephyr=ZEPHYR_BASE -fmacro-prefix-map=/home/joeyw/zephyr-dev=WEST_TOPDIR -ffunction-sections -fdata-sections -m32 -msse2 -mfpmath=sse -fvisibility=hidden -fno-freestanding -std=c11 -MD -MT CMakeFiles/app.dir/home/joeyw/zephyr-dev/apps/stm32h753zi_stepper/src/stepper_models.c.obj -MF CMakeFiles/app.dir/home/joeyw/zephyr-dev/apps/stm32h753zi_stepper/src/stepper_models.c.obj.d -o CMakeFiles/app.dir/home/joeyw/zephyr-dev/apps/stm32h753zi_stepper/src/stepper_models.c.obj -c /home/joeyw/zephyr-dev/apps/stm32h753zi_stepper/src/stepper_models.c
In file included from /home/joeyw/zephyr-dev/zephyr/include/zephyr/device.h:13,
                 from /home/joeyw/zephyr-dev/zephyr/include/zephyr/sw_isr_table.h:18,
                 from /home/joeyw/zephyr-dev/zephyr/boards/native/native_sim/../common/irq/board_irq.h:11,
                 from /home/joeyw/zephyr-dev/zephyr/boards/native/native_sim/board_irq.h:10,
                 from /home/joeyw/zephyr-dev/zephyr/soc/native/inf_clock/soc_irq.h:10,
                 from /home/joeyw/zephyr-dev/zephyr/include/zephyr/arch/posix/posix_soc_if.h:18,
                 from /home/joeyw/zephyr-dev/zephyr/include/zephyr/arch/posix/asm_inline_gcc.h:29,
                 from /home/joeyw/zephyr-dev/zephyr/include/zephyr/arch/posix/asm_inline.h:18,
                 from /home/joeyw/zephyr-dev/zephyr/include/zephyr/arch/posix/arch.h:26,
                 from /home/joeyw/zephyr-dev/zephyr/include/zephyr/arch/cpu.h:29,
                 from /home/joeyw/zephyr-dev/zephyr/include/zephyr/sys/cbprintf_internal.h:17,
                 from /home/joeyw/zephyr-dev/zephyr/include/zephyr/sys/cbprintf.h:124,
                 from /home/joeyw/zephyr-dev/zephyr/include/zephyr/logging/log_msg.h:11,
                 from /home/joeyw/zephyr-dev/zephyr/include/zephyr/logging/log_core.h:9,
                 from /home/joeyw/zephyr-dev/zephyr/include/zephyr/logging/log.h:11,
                 from /home/joeyw/zephyr-dev/apps/stm32h753zi_stepper/src/stepper_models.c:3:
/home/joeyw/zephyr-dev/zephyr/include/zephyr/init.h:169:55: error: initialization of â€˜int (*)(void)â€™ from incompatible pointer type â€˜int (*)(const struct device *)â€™ [-Werror=incompatible-pointer-types]
  169 |                 Z_INIT_ENTRY_NAME(name) = {.init_fn = (init_fn_), .dev = NULL}            \
      |                                                       ^
/home/joeyw/zephyr-dev/zephyr/include/zephyr/init.h:151:9: note: in expansion of macro â€˜SYS_INIT_NAMEDâ€™
  151 |         SYS_INIT_NAMED(init_fn, init_fn, level, prio)
      |         ^~~~~~~~~~~~~~
/home/joeyw/zephyr-dev/apps/stm32h753zi_stepper/src/stepper_models.c:99:1: note: in expansion of macro â€˜SYS_INITâ€™
   99 | SYS_INIT(stepper_settings_init, APPLICATION, CONFIG_KERNEL_INIT_PRIORITY_DEFAULT);
      | ^~~~~~~~
/home/joeyw/zephyr-dev/zephyr/include/zephyr/init.h:169:55: note: (near initialization for â€˜__init_stepper_settings_init.init_fnâ€™)
  169 |                 Z_INIT_ENTRY_NAME(name) = {.init_fn = (init_fn_), .dev = NULL}            \
      |                                                       ^
/home/joeyw/zephyr-dev/zephyr/include/zephyr/init.h:151:9: note: in expansion of macro â€˜SYS_INIT_NAMEDâ€™
  151 |         SYS_INIT_NAMED(init_fn, init_fn, level, prio)
      |         ^~~~~~~~~~~~~~
/home/joeyw/zephyr-dev/apps/stm32h753zi_stepper/src/stepper_models.c:99:1: note: in expansion of macro â€˜SYS_INITâ€™
   99 | SYS_INIT(stepper_settings_init, APPLICATION, CONFIG_KERNEL_INIT_PRIORITY_DEFAULT);
      | ^~~~~~~~
cc1: all warnings being treated as errors
[17/111] Building C object zephyr/CMakeFiles/zephyr.dir/lib/os/cbprintf_packaged.c.obj
[18/111] Building C object zephyr/CMakeFiles/zephyr.dir/lib/os/clock.c.obj
[19/111] Building C object CMakeFiles/app.dir/home/joeyw/zephyr-dev/apps/stm32h753zi_stepper/src/l6470.c.obj
[20/111] Building C object zephyr/CMakeFiles/zephyr.dir/lib/os/printk.c.obj
[21/111] Building C object zephyr/CMakeFiles/zephyr.dir/lib/heap/heap.c.obj
ninja: build stopped: subcommand failed.

2025-09-04 16:16:25,670 - twister - INFO - ----/home/joeyw/zephyr-dev/twister-out/native_sim_native/host/stm32h753zi_stepper.unit/build.log----
2025-09-04 16:16:25,674 - twister - INFO - 1 test scenarios (1 configurations) selected, 0 configurations filtered (0 by static filter, 0 at runtime).
2025-09-04 16:16:25,674 - twister - INFO - [32m0 of 1[39m executed test configurations passed (0.00%), 0 built (not run), 0 failed, [31m1[39m errored, with no warnings in 4.60 seconds.
2025-09-04 16:16:25,674 - twister - INFO - 0 of 10 executed test cases passed (0.00%), 10 blocked on 1 out of total 1115 platforms (0.09%).
2025-09-04 16:16:25,674 - twister - INFO - [32m0[39m test configurations executed on platforms, [36m1[39m test configurations were only built.
2025-09-04 16:16:25,674 - twister - INFO - Saving reports...
2025-09-04 16:16:25,674 - twister - INFO - Writing JSON report /home/joeyw/zephyr-dev/twister-out/twister.json
2025-09-04 16:16:25,675 - twister - INFO - Writing xunit report /home/joeyw/zephyr-dev/twister-out/twister.xml...
2025-09-04 16:16:25,676 - twister - INFO - Writing xunit report /home/joeyw/zephyr-dev/twister-out/twister_report.xml...
2025-09-04 16:16:25,677 - twister - INFO - -+-+-+-+-+-+-+-+-+-+-+-+-+-+-+-+-+-+-+-+-+-+-+-+-+-+-+-+-+-+-+-+-+-+-+-+-+-+-+-+
2025-09-04 16:16:25,677 - twister - INFO - The following issues were found (showing the top 10 items):
2025-09-04 16:16:25,677 - twister - INFO - 1) stm32h753zi_stepper.unit on native_sim/native error (Build failure - error: the address of strict_spi_mock_register will always evaluate as true [-Werror=address])
2025-09-04 16:16:25,677 - twister - INFO - 
2025-09-04 16:16:25,677 - twister - INFO - To rerun the tests, call twister using the following commandline:
2025-09-04 16:16:25,677 - twister - INFO - west twister -p <PLATFORM> -s <TEST ID>, for example:
2025-09-04 16:16:25,677 - twister - INFO - 
2025-09-04 16:16:25,677 - twister - INFO - west twister -p native_sim/native -s stm32h753zi_stepper.unit
2025-09-04 16:16:25,677 - twister - INFO - or with west:
2025-09-04 16:16:25,677 - twister - INFO - west build -p -b native_sim/native apps/stm32h753zi_stepper/tests/unit -T stm32h753zi_stepper.unit
2025-09-04 16:16:25,677 - twister - INFO - -+-+-+-+-+-+-+-+-+-+-+-+-+-+-+-+-+-+-+-+-+-+-+-+-+-+-+-+-+-+-+-+-+-+-+-+-+-+-+-+
2025-09-04 16:16:25,677 - twister - INFO - Run completed
2025-09-04 16:36:23,933 - twister - INFO - Using Ninja..
2025-09-04 16:36:23,990 - twister - INFO - Zephyr version: v4.2.0-31-g663da2302b04
2025-09-04 16:36:23,992 - twister - DEBUG - Running cmake script /home/joeyw/zephyr-dev/zephyr/cmake/verify-toolchain.cmake
2025-09-04 16:36:23,993 - twister - DEBUG - Calling cmake: /usr/bin/cmake -DFORMAT=json -P /home/joeyw/zephyr-dev/zephyr/cmake/verify-toolchain.cmake
2025-09-04 16:36:24,112 - twister - DEBUG - Finished running /home/joeyw/zephyr-dev/zephyr/cmake/verify-toolchain.cmake
2025-09-04 16:36:24,112 - twister - INFO - Using 'zephyr' toolchain.
2025-09-04 16:36:24,899 - twister - DEBUG - Reading testsuite configuration files under /home/joeyw/joeyw/zephyr-dev/apps/stm32h753zi_stepper/tests/unit...
2025-09-04 16:36:24,900 - twister - ERROR - Twister call stack dump:
  File "/home/joeyw/zephyr-dev/zephyr/scripts/twister", line 218, in <module>
    ret = main(options, default_options)
  File "/home/joeyw/zephyr-dev/zephyr/scripts/pylib/twister/twisterlib/twister_main.py", line 235, in main
    return_code = twister(options, default_options)
  File "/home/joeyw/zephyr-dev/zephyr/scripts/pylib/twister/twisterlib/twister_main.py", line 93, in twister
    tplan.discover()
  File "/home/joeyw/zephyr-dev/zephyr/scripts/pylib/twister/twisterlib/testplan.py", line 214, in discover
    raise TwisterRuntimeError("No testsuites found at the specified location...")

2025-09-04 16:36:55,511 - twister - INFO - Using Ninja..
2025-09-04 16:36:55,561 - twister - INFO - Zephyr version: v4.2.0-31-g663da2302b04
2025-09-04 16:36:55,563 - twister - DEBUG - Running cmake script /home/joeyw/zephyr-dev/zephyr/cmake/verify-toolchain.cmake
2025-09-04 16:36:55,563 - twister - DEBUG - Calling cmake: /usr/bin/cmake -DFORMAT=json -P /home/joeyw/zephyr-dev/zephyr/cmake/verify-toolchain.cmake
2025-09-04 16:36:55,681 - twister - DEBUG - Finished running /home/joeyw/zephyr-dev/zephyr/cmake/verify-toolchain.cmake
2025-09-04 16:36:55,681 - twister - INFO - Using 'zephyr' toolchain.
2025-09-04 16:36:56,443 - twister - DEBUG - Reading testsuite configuration files under /home/joeyw/zephyr-dev/apps/stm32h753zi_stepper/tests/unit...
2025-09-04 16:36:56,443 - twister - DEBUG - Found possible testsuite in /home/joeyw/zephyr-dev/apps/stm32h753zi_stepper/tests/unit
2025-09-04 16:36:56,445 - twister - DEBUG - No duplicates found.
2025-09-04 16:36:56,446 - twister - DEBUG - platform filter: ['native_sim']
2025-09-04 16:36:56,446 - twister - DEBUG -   vendor filter: []
2025-09-04 16:36:56,446 - twister - DEBUG -     arch_filter: None
2025-09-04 16:36:56,446 - twister - DEBUG -      tag_filter: None
2025-09-04 16:36:56,446 - twister - DEBUG -     exclude_tag: None
2025-09-04 16:36:56,446 - twister - DEBUG - Checking platform filter: ['native_sim']
2025-09-04 16:36:56,446 - twister - INFO - Building initial testsuite list...
2025-09-04 16:36:56,457 - twister - INFO - JOBS: 8
2025-09-04 16:36:56,458 - twister - INFO - Adding tasks to the queue...
2025-09-04 16:36:56,458 - twister - DEBUG - adding native_sim/native/host/stm32h753zi_stepper.unit
2025-09-04 16:36:56,459 - twister - INFO - Added initial list of jobs to queue
2025-09-04 16:36:56,469 - twister - DEBUG - Launched 8 jobs
2025-09-04 16:36:56,473 - twister - DEBUG - Running cmake on /home/joeyw/zephyr-dev/apps/stm32h753zi_stepper/tests/unit for native_sim/native
2025-09-04 16:36:56,474 - twister - DEBUG - Calling cmake: /usr/bin/cmake -B/home/joeyw/zephyr-dev/twister-out/native_sim_native/host/stm32h753zi_stepper.unit -DTC_RUNID=7526dc86f326426fbb87a4e471940d99 -DTC_NAME=stm32h753zi_stepper.unit -DCONFIG_COMPILER_WARNINGS_AS_ERRORS=y -DEXTRA_GEN_EDT_ARGS=--edtlib-Werror -GNinja -DPython3_EXECUTABLE=/home/joeyw/zephyr-dev/.venv/bin/python -DZEPHYR_TOOLCHAIN_VARIANT=host -S/home/joeyw/zephyr-dev/apps/stm32h753zi_stepper/tests/unit -DBOARD=native_sim/native
2025-09-04 16:36:59,182 - twister - DEBUG - Finished running cmake /home/joeyw/zephyr-dev/apps/stm32h753zi_stepper/tests/unit for native_sim/native in 2.71 seconds
2025-09-04 16:36:59,184 - twister - DEBUG - build test: native_sim/native/host/stm32h753zi_stepper.unit
2025-09-04 16:36:59,184 - twister - DEBUG - Building /home/joeyw/zephyr-dev/apps/stm32h753zi_stepper/tests/unit for native_sim/native
2025-09-04 16:36:59,185 - twister - DEBUG - Running /usr/bin/cmake --build /home/joeyw/zephyr-dev/twister-out/native_sim_native/host/stm32h753zi_stepper.unit
2025-09-04 16:36:59,854 - twister - INFO - 1/1 native_sim/native         stm32h753zi_stepper.unit                           [31mERROR[39m Build failure (native <host>)
2025-09-04 16:36:59,854 - twister - INFO - ----/home/joeyw/zephyr-dev/twister-out/native_sim_native/host/stm32h753zi_stepper.unit/build.log----
2025-09-04 16:36:59,854 - twister - ERROR - Loading Zephyr default modules (Zephyr base).
-- Application: /home/joeyw/zephyr-dev/apps/stm32h753zi_stepper/tests/unit
-- CMake version: 3.28.3
-- Found Python3: /home/joeyw/zephyr-dev/.venv/bin/python3 (found suitable version "3.12.3", minimum required is "3.10") found components: Interpreter 
-- Cache files will be written to: /home/joeyw/.cache/zephyr
-- Zephyr version: 4.2.0 (/home/joeyw/zephyr-dev/zephyr)
-- Found west (found suitable version "1.4.0", minimum required is "0.14.0")
-- Board: native_sim, qualifiers: native
-- Found host-tools: zephyr 0.17.2 (/home/joeyw/zephyr-sdk-0.17.2)
-- Found toolchain: host (gcc/ld)
-- Found Dtc: /home/joeyw/zephyr-sdk-0.17.2/sysroots/x86_64-pokysdk-linux/usr/bin/dtc (found suitable version "1.7.0", minimum required is "1.4.6") 
-- Found BOARD.dts: /home/joeyw/zephyr-dev/zephyr/boards/native/native_sim/native_sim.dts
-- Generated zephyr.dts: /home/joeyw/zephyr-dev/twister-out/native_sim_native/host/stm32h753zi_stepper.unit/zephyr/zephyr.dts
-- Generated pickled edt: /home/joeyw/zephyr-dev/twister-out/native_sim_native/host/stm32h753zi_stepper.unit/zephyr/edt.pickle
-- Generated devicetree_generated.h: /home/joeyw/zephyr-dev/twister-out/native_sim_native/host/stm32h753zi_stepper.unit/zephyr/include/generated/zephyr/devicetree_generated.h

warning: The choice symbol SETTINGS_FILE (defined at subsys/settings/Kconfig:75) was selected (set
=y), but SETTINGS_NONE (defined at subsys/settings/Kconfig:112) ended up as the choice selection.
See http://docs.zephyrproject.org/latest/kconfig.html#CONFIG_SETTINGS_FILE and/or look up
SETTINGS_FILE in the menuconfig/guiconfig interface. The Application Development Primer, Setting
Configuration Values, and Kconfig - Tips and Best Practices sections of the manual might be helpful
too.

Parsing /home/joeyw/zephyr-dev/zephyr/Kconfig
Loaded configuration '/home/joeyw/zephyr-dev/zephyr/boards/native/native_sim/native_sim_defconfig'
Merged configuration '/home/joeyw/zephyr-dev/apps/stm32h753zi_stepper/tests/unit/prj.conf'
Merged configuration '/home/joeyw/zephyr-dev/twister-out/native_sim_native/host/stm32h753zi_stepper.unit/zephyr/misc/generated/extra_kconfig_options.conf'
Configuration saved to '/home/joeyw/zephyr-dev/twister-out/native_sim_native/host/stm32h753zi_stepper.unit/zephyr/.config'
Kconfig header saved to '/home/joeyw/zephyr-dev/twister-out/native_sim_native/host/stm32h753zi_stepper.unit/zephyr/include/generated/zephyr/autoconf.h'
-- Found GnuLd: /usr/bin/ld.bfd (found version "2.42") 
-- The C compiler identification is GNU 13.3.0
-- The CXX compiler identification is GNU 13.3.0
-- The ASM compiler identification is GNU
-- Found assembler: /usr/bin/gcc
-- Using ccache: /usr/bin/ccache
-- Found gen_kobject_list: /home/joeyw/zephyr-dev/zephyr/scripts/build/gen_kobject_list.py
-- Configuring done (2.8s)
-- Generating done (0.0s)
CMake Warning:
  Manually-specified variables were not used by the project:

    TC_NAME


-- Build files have been written to: /home/joeyw/zephyr-dev/twister-out/native_sim_native/host/stm32h753zi_stepper.unit
[1/111] Preparing syscall dependency handling

[2/111] Generating include/generated/zephyr/version.h
-- Zephyr version: 4.2.0 (/home/joeyw/zephyr-dev/zephyr), build: v4.2.0-31-g663da2302b04
[3/111] Generating misc/generated/syscalls_subdirs.trigger
[4/111] Generating misc/generated/syscalls.json, misc/generated/struct_tags.json
[5/111] Generating include/generated/device-api-sections.ld, include/generated/device-api-sections.cmake
[6/111] Generating include/generated/zephyr/syscall_dispatch.c, include/generated/zephyr/syscall_exports_llext.c, syscall_weakdefs_llext.c, include/generated/zephyr/syscall_list.h
[7/111] Generating include/generated/zephyr/driver-validation.h
[8/111] Generating include/generated/zephyr/kobj-types-enum.h, include/generated/zephyr/otype-to-str.h, include/generated/zephyr/otype-to-size.h
[9/111] Building C object zephyr/CMakeFiles/offsets.dir/arch/posix/core/offsets/offsets.c.obj
[10/111] Generating include/generated/zephyr/offsets.h
[11/111] Building C object CMakeFiles/app.dir/test_l6470_strict_frames.c.obj
[12/111] Building C object CMakeFiles/app.dir/test_stepper_models.c.obj
FAILED: CMakeFiles/app.dir/test_stepper_models.c.obj 
ccache /usr/bin/gcc -DKERNEL -DK_HEAP_MEM_POOL_SIZE=0 -DTC_RUNID=7526dc86f326426fbb87a4e471940d99 -D__ZEPHYR__=1 -I/home/joeyw/zephyr-dev/twister-out/native_sim_native/host/stm32h753zi_stepper.unit/zephyr/include/generated/zephyr -I/home/joeyw/zephyr-dev/zephyr/include -I/home/joeyw/zephyr-dev/twister-out/native_sim_native/host/stm32h753zi_stepper.unit/zephyr/include/generated -I/home/joeyw/zephyr-dev/zephyr/soc/native/inf_clock -I/home/joeyw/zephyr-dev/zephyr/boards/native/native_sim -I/home/joeyw/zephyr-dev/zephyr/scripts/native_simulator/common/src/include -I/home/joeyw/zephyr-dev/zephyr/scripts/native_simulator/native/src/include -I/home/joeyw/zephyr-dev/zephyr/subsys/testsuite/include -I/home/joeyw/zephyr-dev/zephyr/subsys/testsuite/coverage -I/home/joeyw/zephyr-dev/zephyr/subsys/testsuite/ztest/include -I/home/joeyw/zephyr-dev/zephyr/subsys/settings/include -I/home/joeyw/zephyr-dev/modules/hal/ti/mspm0/source/ti/devices/msp/. -I/home/joeyw/zephyr-dev/modules/hal/ti/mspm0/source/ti/devices/msp/m0p -I/home/joeyw/zephyr-dev/modules/hal/ti/mspm0/source/ti/devices/msp/peripherals -I/home/joeyw/zephyr-dev/modules/hal/ti/mspm0/source/ti/devices/msp/peripherals/m0p -I/home/joeyw/zephyr-dev/modules/hal/ti/mspm0/source/ti/devices/msp/peripherals/m0p/sysctl -I/home/joeyw/zephyr-dev/apps/stm32h753zi_stepper/tests/unit/../../src -I/home/joeyw/zephyr-dev/apps/stm32h753zi_stepper/tests/unit/../../build/generated -fno-strict-aliasing -Werror -Os -imacros /home/joeyw/zephyr-dev/twister-out/native_sim_native/host/stm32h753zi_stepper.unit/zephyr/include/generated/zephyr/autoconf.h -fno-common -g -gdwarf-4 -fdiagnostics-color=always -Wall -Wformat -Wformat-security -Wno-format-zero-length -Wdouble-promotion -Wno-pointer-sign -Wpointer-arith -Wexpansion-to-defined -Wno-unused-but-set-variable -Werror=implicit-int -fno-pic -fno-pie -fno-asynchronous-unwind-tables -fno-reorder-functions --param=min-pagesize=0 -fno-defer-pop -fmacro-prefix-map=/home/joeyw/zephyr-dev/apps/stm32h753zi_stepper/tests/unit=CMAKE_SOURCE_DIR -fmacro-prefix-map=/home/joeyw/zephyr-dev/zephyr=ZEPHYR_BASE -fmacro-prefix-map=/home/joeyw/zephyr-dev=WEST_TOPDIR -ffunction-sections -fdata-sections -m32 -msse2 -mfpmath=sse -fvisibility=hidden -fno-freestanding -std=c11 -MD -MT CMakeFiles/app.dir/test_stepper_models.c.obj -MF CMakeFiles/app.dir/test_stepper_models.c.obj.d -o CMakeFiles/app.dir/test_stepper_models.c.obj -c /home/joeyw/zephyr-dev/apps/stm32h753zi_stepper/tests/unit/test_stepper_models.c
/home/joeyw/zephyr-dev/apps/stm32h753zi_stepper/tests/unit/test_stepper_models.c: In function â€˜stepper_models_test_switch_and_enforceâ€™:
/home/joeyw/zephyr-dev/apps/stm32h753zi_stepper/tests/unit/test_stepper_models.c:39:9: error: the address of â€˜strict_spi_mock_registerâ€™ will always evaluate as â€˜trueâ€™ [-Werror=address]
   39 |     if ((void *)strict_spi_mock_register) {
      |         ^
cc1: all warnings being treated as errors
[13/111] Building C object CMakeFiles/app.dir/test_l6470_limits.c.obj
[14/111] Building C object CMakeFiles/app.dir/strict_spi_mock.c.obj
[15/111] Building C object CMakeFiles/app.dir/test_l6470_codec.c.obj
[16/111] Building C object CMakeFiles/app.dir/home/joeyw/zephyr-dev/apps/stm32h753zi_stepper/src/stepper_models.c.obj
FAILED: CMakeFiles/app.dir/home/joeyw/zephyr-dev/apps/stm32h753zi_stepper/src/stepper_models.c.obj 
ccache /usr/bin/gcc -DKERNEL -DK_HEAP_MEM_POOL_SIZE=0 -DTC_RUNID=7526dc86f326426fbb87a4e471940d99 -D__ZEPHYR__=1 -I/home/joeyw/zephyr-dev/twister-out/native_sim_native/host/stm32h753zi_stepper.unit/zephyr/include/generated/zephyr -I/home/joeyw/zephyr-dev/zephyr/include -I/home/joeyw/zephyr-dev/twister-out/native_sim_native/host/stm32h753zi_stepper.unit/zephyr/include/generated -I/home/joeyw/zephyr-dev/zephyr/soc/native/inf_clock -I/home/joeyw/zephyr-dev/zephyr/boards/native/native_sim -I/home/joeyw/zephyr-dev/zephyr/scripts/native_simulator/common/src/include -I/home/joeyw/zephyr-dev/zephyr/scripts/native_simulator/native/src/include -I/home/joeyw/zephyr-dev/zephyr/subsys/testsuite/include -I/home/joeyw/zephyr-dev/zephyr/subsys/testsuite/coverage -I/home/joeyw/zephyr-dev/zephyr/subsys/testsuite/ztest/include -I/home/joeyw/zephyr-dev/zephyr/subsys/settings/include -I/home/joeyw/zephyr-dev/modules/hal/ti/mspm0/source/ti/devices/msp/. -I/home/joeyw/zephyr-dev/modules/hal/ti/mspm0/source/ti/devices/msp/m0p -I/home/joeyw/zephyr-dev/modules/hal/ti/mspm0/source/ti/devices/msp/peripherals -I/home/joeyw/zephyr-dev/modules/hal/ti/mspm0/source/ti/devices/msp/peripherals/m0p -I/home/joeyw/zephyr-dev/modules/hal/ti/mspm0/source/ti/devices/msp/peripherals/m0p/sysctl -I/home/joeyw/zephyr-dev/apps/stm32h753zi_stepper/tests/unit/../../src -I/home/joeyw/zephyr-dev/apps/stm32h753zi_stepper/tests/unit/../../build/generated -fno-strict-aliasing -Werror -Os -imacros /home/joeyw/zephyr-dev/twister-out/native_sim_native/host/stm32h753zi_stepper.unit/zephyr/include/generated/zephyr/autoconf.h -fno-common -g -gdwarf-4 -fdiagnostics-color=always -Wall -Wformat -Wformat-security -Wno-format-zero-length -Wdouble-promotion -Wno-pointer-sign -Wpointer-arith -Wexpansion-to-defined -Wno-unused-but-set-variable -Werror=implicit-int -fno-pic -fno-pie -fno-asynchronous-unwind-tables -fno-reorder-functions --param=min-pagesize=0 -fno-defer-pop -fmacro-prefix-map=/home/joeyw/zephyr-dev/apps/stm32h753zi_stepper/tests/unit=CMAKE_SOURCE_DIR -fmacro-prefix-map=/home/joeyw/zephyr-dev/zephyr=ZEPHYR_BASE -fmacro-prefix-map=/home/joeyw/zephyr-dev=WEST_TOPDIR -ffunction-sections -fdata-sections -m32 -msse2 -mfpmath=sse -fvisibility=hidden -fno-freestanding -std=c11 -MD -MT CMakeFiles/app.dir/home/joeyw/zephyr-dev/apps/stm32h753zi_stepper/src/stepper_models.c.obj -MF CMakeFiles/app.dir/home/joeyw/zephyr-dev/apps/stm32h753zi_stepper/src/stepper_models.c.obj.d -o CMakeFiles/app.dir/home/joeyw/zephyr-dev/apps/stm32h753zi_stepper/src/stepper_models.c.obj -c /home/joeyw/zephyr-dev/apps/stm32h753zi_stepper/src/stepper_models.c
In file included from /home/joeyw/zephyr-dev/zephyr/include/zephyr/device.h:13,
                 from /home/joeyw/zephyr-dev/zephyr/include/zephyr/sw_isr_table.h:18,
                 from /home/joeyw/zephyr-dev/zephyr/boards/native/native_sim/../common/irq/board_irq.h:11,
                 from /home/joeyw/zephyr-dev/zephyr/boards/native/native_sim/board_irq.h:10,
                 from /home/joeyw/zephyr-dev/zephyr/soc/native/inf_clock/soc_irq.h:10,
                 from /home/joeyw/zephyr-dev/zephyr/include/zephyr/arch/posix/posix_soc_if.h:18,
                 from /home/joeyw/zephyr-dev/zephyr/include/zephyr/arch/posix/asm_inline_gcc.h:29,
                 from /home/joeyw/zephyr-dev/zephyr/include/zephyr/arch/posix/asm_inline.h:18,
                 from /home/joeyw/zephyr-dev/zephyr/include/zephyr/arch/posix/arch.h:26,
                 from /home/joeyw/zephyr-dev/zephyr/include/zephyr/arch/cpu.h:29,
                 from /home/joeyw/zephyr-dev/zephyr/include/zephyr/sys/cbprintf_internal.h:17,
                 from /home/joeyw/zephyr-dev/zephyr/include/zephyr/sys/cbprintf.h:124,
                 from /home/joeyw/zephyr-dev/zephyr/include/zephyr/logging/log_msg.h:11,
                 from /home/joeyw/zephyr-dev/zephyr/include/zephyr/logging/log_core.h:9,
                 from /home/joeyw/zephyr-dev/zephyr/include/zephyr/logging/log.h:11,
                 from /home/joeyw/zephyr-dev/apps/stm32h753zi_stepper/src/stepper_models.c:3:
/home/joeyw/zephyr-dev/zephyr/include/zephyr/init.h:169:55: error: initialization of â€˜int (*)(void)â€™ from incompatible pointer type â€˜int (*)(const struct device *)â€™ [-Werror=incompatible-pointer-types]
  169 |                 Z_INIT_ENTRY_NAME(name) = {.init_fn = (init_fn_), .dev = NULL}            \
      |                                                       ^
/home/joeyw/zephyr-dev/zephyr/include/zephyr/init.h:151:9: note: in expansion of macro â€˜SYS_INIT_NAMEDâ€™
  151 |         SYS_INIT_NAMED(init_fn, init_fn, level, prio)
      |         ^~~~~~~~~~~~~~
/home/joeyw/zephyr-dev/apps/stm32h753zi_stepper/src/stepper_models.c:99:1: note: in expansion of macro â€˜SYS_INITâ€™
   99 | SYS_INIT(stepper_settings_init, APPLICATION, CONFIG_KERNEL_INIT_PRIORITY_DEFAULT);
      | ^~~~~~~~
/home/joeyw/zephyr-dev/zephyr/include/zephyr/init.h:169:55: note: (near initialization for â€˜__init_stepper_settings_init.init_fnâ€™)
  169 |                 Z_INIT_ENTRY_NAME(name) = {.init_fn = (init_fn_), .dev = NULL}            \
      |                                                       ^
/home/joeyw/zephyr-dev/zephyr/include/zephyr/init.h:151:9: note: in expansion of macro â€˜SYS_INIT_NAMEDâ€™
  151 |         SYS_INIT_NAMED(init_fn, init_fn, level, prio)
      |         ^~~~~~~~~~~~~~
/home/joeyw/zephyr-dev/apps/stm32h753zi_stepper/src/stepper_models.c:99:1: note: in expansion of macro â€˜SYS_INITâ€™
   99 | SYS_INIT(stepper_settings_init, APPLICATION, CONFIG_KERNEL_INIT_PRIORITY_DEFAULT);
      | ^~~~~~~~
cc1: all warnings being treated as errors
[17/111] Building C object zephyr/CMakeFiles/zephyr.dir/lib/os/cbprintf_packaged.c.obj
[18/111] Building C object zephyr/CMakeFiles/zephyr.dir/lib/os/clock.c.obj
[19/111] Building C object CMakeFiles/app.dir/home/joeyw/zephyr-dev/apps/stm32h753zi_stepper/src/l6470.c.obj
[20/111] Building C object zephyr/CMakeFiles/zephyr.dir/lib/os/printk.c.obj
[21/111] Building C object zephyr/CMakeFiles/zephyr.dir/lib/heap/heap.c.obj
ninja: build stopped: subcommand failed.
Loading Zephyr default modules (Zephyr base (cached)).
-- Application: /home/joeyw/zephyr-dev/apps/stm32h753zi_stepper/tests/unit
-- CMake version: 3.28.3
-- Found Python3: /home/joeyw/zephyr-dev/.venv/bin/python (found suitable version "3.12.3", minimum required is "3.10") found components: Interpreter 
-- Cache files will be written to: /home/joeyw/.cache/zephyr
-- Zephyr version: 4.2.0 (/home/joeyw/zephyr-dev/zephyr)
-- Found west (found suitable version "1.4.0", minimum required is "0.14.0")
-- Board: native_sim, qualifiers: native
-- Found host-tools: zephyr 0.17.2 (/home/joeyw/zephyr-sdk-0.17.2)
-- Found toolchain: host (gcc/ld)
-- Found BOARD.dts: /home/joeyw/zephyr-dev/zephyr/boards/native/native_sim/native_sim.dts
-- Generated zephyr.dts: /home/joeyw/zephyr-dev/twister-out/native_sim_native/host/stm32h753zi_stepper.unit/zephyr/zephyr.dts
-- Generated pickled edt: /home/joeyw/zephyr-dev/twister-out/native_sim_native/host/stm32h753zi_stepper.unit/zephyr/edt.pickle
-- Generated devicetree_generated.h: /home/joeyw/zephyr-dev/twister-out/native_sim_native/host/stm32h753zi_stepper.unit/zephyr/include/generated/zephyr/devicetree_generated.h
Parsing /home/joeyw/zephyr-dev/zephyr/Kconfig
Loaded configuration '/home/joeyw/zephyr-dev/zephyr/boards/native/native_sim/native_sim_defconfig'
Merged configuration '/home/joeyw/zephyr-dev/apps/stm32h753zi_stepper/tests/unit/prj.conf'
Merged configuration '/home/joeyw/zephyr-dev/twister-out/native_sim_native/host/stm32h753zi_stepper.unit/zephyr/misc/generated/extra_kconfig_options.conf'
No change to configuration in '/home/joeyw/zephyr-dev/twister-out/native_sim_native/host/stm32h753zi_stepper.unit/zephyr/.config'
No change to Kconfig header in '/home/joeyw/zephyr-dev/twister-out/native_sim_native/host/stm32h753zi_stepper.unit/zephyr/include/generated/zephyr/autoconf.h'
-- Using ccache: /usr/bin/ccache
-- Found gen_kobject_list: /home/joeyw/zephyr-dev/zephyr/scripts/build/gen_kobject_list.py
-- Configuring done (2.6s)
-- Generating done (0.0s)
-- Build files have been written to: /home/joeyw/zephyr-dev/twister-out/native_sim_native/host/stm32h753zi_stepper.unit
[1/109] Generating misc/generated/syscalls_subdirs.trigger
[2/109] Generating misc/generated/syscalls.json, misc/generated/struct_tags.json
[3/109] Generating include/generated/device-api-sections.ld, include/generated/device-api-sections.cmake
[4/109] Generating include/generated/zephyr/syscall_dispatch.c, include/generated/zephyr/syscall_exports_llext.c, syscall_weakdefs_llext.c, include/generated/zephyr/syscall_list.h
[5/109] Generating include/generated/zephyr/driver-validation.h
[6/109] Generating include/generated/zephyr/kobj-types-enum.h, include/generated/zephyr/otype-to-str.h, include/generated/zephyr/otype-to-size.h
[7/109] Building C object zephyr/CMakeFiles/offsets.dir/arch/posix/core/offsets/offsets.c.obj
[8/109] Generating include/generated/zephyr/offsets.h
[9/109] Building C object CMakeFiles/app.dir/test_l6470_codec.c.obj
[10/109] Building C object CMakeFiles/app.dir/test_l6470_limits.c.obj
[11/109] Building C object CMakeFiles/app.dir/test_l6470_strict_frames.c.obj
[12/109] Building C object CMakeFiles/app.dir/strict_spi_mock.c.obj
[13/109] Building C object CMakeFiles/app.dir/home/joeyw/zephyr-dev/apps/stm32h753zi_stepper/src/l6470.c.obj
[14/109] Building C object zephyr/CMakeFiles/zephyr.dir/lib/os/cbprintf_packaged.c.obj
[15/109] Building C object zephyr/CMakeFiles/zephyr.dir/lib/os/clock.c.obj
[16/109] Building C object zephyr/CMakeFiles/zephyr.dir/lib/os/printk.c.obj
[17/109] Building C object zephyr/CMakeFiles/zephyr.dir/lib/heap/heap.c.obj
[18/109] Building C object zephyr/CMakeFiles/zephyr.dir/lib/utils/dec.c.obj
[19/109] Building C object zephyr/CMakeFiles/zephyr.dir/lib/os/thread_entry.c.obj
[20/109] Building C object CMakeFiles/app.dir/test_stepper_models.c.obj
FAILED: CMakeFiles/app.dir/test_stepper_models.c.obj 
ccache /usr/bin/gcc -DKERNEL -DK_HEAP_MEM_POOL_SIZE=0 -DTC_RUNID=7526dc86f326426fbb87a4e471940d99 -D__ZEPHYR__=1 -I/home/joeyw/zephyr-dev/twister-out/native_sim_native/host/stm32h753zi_stepper.unit/zephyr/include/generated/zephyr -I/home/joeyw/zephyr-dev/zephyr/include -I/home/joeyw/zephyr-dev/twister-out/native_sim_native/host/stm32h753zi_stepper.unit/zephyr/include/generated -I/home/joeyw/zephyr-dev/zephyr/soc/native/inf_clock -I/home/joeyw/zephyr-dev/zephyr/boards/native/native_sim -I/home/joeyw/zephyr-dev/zephyr/scripts/native_simulator/common/src/include -I/home/joeyw/zephyr-dev/zephyr/scripts/native_simulator/native/src/include -I/home/joeyw/zephyr-dev/zephyr/subsys/testsuite/include -I/home/joeyw/zephyr-dev/zephyr/subsys/testsuite/coverage -I/home/joeyw/zephyr-dev/zephyr/subsys/testsuite/ztest/include -I/home/joeyw/zephyr-dev/zephyr/subsys/settings/include -I/home/joeyw/zephyr-dev/modules/hal/ti/mspm0/source/ti/devices/msp/. -I/home/joeyw/zephyr-dev/modules/hal/ti/mspm0/source/ti/devices/msp/m0p -I/home/joeyw/zephyr-dev/modules/hal/ti/mspm0/source/ti/devices/msp/peripherals -I/home/joeyw/zephyr-dev/modules/hal/ti/mspm0/source/ti/devices/msp/peripherals/m0p -I/home/joeyw/zephyr-dev/modules/hal/ti/mspm0/source/ti/devices/msp/peripherals/m0p/sysctl -I/home/joeyw/zephyr-dev/apps/stm32h753zi_stepper/tests/unit/../../src -I/home/joeyw/zephyr-dev/apps/stm32h753zi_stepper/tests/unit/../../build/generated -fno-strict-aliasing -Werror -Os -imacros /home/joeyw/zephyr-dev/twister-out/native_sim_native/host/stm32h753zi_stepper.unit/zephyr/include/generated/zephyr/autoconf.h -fno-common -g -gdwarf-4 -fdiagnostics-color=always -Wall -Wformat -Wformat-security -Wno-format-zero-length -Wdouble-promotion -Wno-pointer-sign -Wpointer-arith -Wexpansion-to-defined -Wno-unused-but-set-variable -Werror=implicit-int -fno-pic -fno-pie -fno-asynchronous-unwind-tables -fno-reorder-functions --param=min-pagesize=0 -fno-defer-pop -fmacro-prefix-map=/home/joeyw/zephyr-dev/apps/stm32h753zi_stepper/tests/unit=CMAKE_SOURCE_DIR -fmacro-prefix-map=/home/joeyw/zephyr-dev/zephyr=ZEPHYR_BASE -fmacro-prefix-map=/home/joeyw/zephyr-dev=WEST_TOPDIR -ffunction-sections -fdata-sections -m32 -msse2 -mfpmath=sse -fvisibility=hidden -fno-freestanding -std=c11 -MD -MT CMakeFiles/app.dir/test_stepper_models.c.obj -MF CMakeFiles/app.dir/test_stepper_models.c.obj.d -o CMakeFiles/app.dir/test_stepper_models.c.obj -c /home/joeyw/zephyr-dev/apps/stm32h753zi_stepper/tests/unit/test_stepper_models.c
/home/joeyw/zephyr-dev/apps/stm32h753zi_stepper/tests/unit/test_stepper_models.c: In function â€˜stepper_models_test_switch_and_enforceâ€™:
/home/joeyw/zephyr-dev/apps/stm32h753zi_stepper/tests/unit/test_stepper_models.c:39:9: error: the address of â€˜strict_spi_mock_registerâ€™ will always evaluate as â€˜trueâ€™ [-Werror=address]
   39 |     if ((void *)strict_spi_mock_register) {
      |         ^
cc1: all warnings being treated as errors
[21/109] Building C object zephyr/CMakeFiles/zephyr.dir/lib/os/assert.c.obj
[22/109] Building C object zephyr/CMakeFiles/zephyr.dir/lib/os/cbprintf.c.obj
[23/109] Building C object CMakeFiles/app.dir/home/joeyw/zephyr-dev/apps/stm32h753zi_stepper/src/stepper_models.c.obj
FAILED: CMakeFiles/app.dir/home/joeyw/zephyr-dev/apps/stm32h753zi_stepper/src/stepper_models.c.obj 
ccache /usr/bin/gcc -DKERNEL -DK_HEAP_MEM_POOL_SIZE=0 -DTC_RUNID=7526dc86f326426fbb87a4e471940d99 -D__ZEPHYR__=1 -I/home/joeyw/zephyr-dev/twister-out/native_sim_native/host/stm32h753zi_stepper.unit/zephyr/include/generated/zephyr -I/home/joeyw/zephyr-dev/zephyr/include -I/home/joeyw/zephyr-dev/twister-out/native_sim_native/host/stm32h753zi_stepper.unit/zephyr/include/generated -I/home/joeyw/zephyr-dev/zephyr/soc/native/inf_clock -I/home/joeyw/zephyr-dev/zephyr/boards/native/native_sim -I/home/joeyw/zephyr-dev/zephyr/scripts/native_simulator/common/src/include -I/home/joeyw/zephyr-dev/zephyr/scripts/native_simulator/native/src/include -I/home/joeyw/zephyr-dev/zephyr/subsys/testsuite/include -I/home/joeyw/zephyr-dev/zephyr/subsys/testsuite/coverage -I/home/joeyw/zephyr-dev/zephyr/subsys/testsuite/ztest/include -I/home/joeyw/zephyr-dev/zephyr/subsys/settings/include -I/home/joeyw/zephyr-dev/modules/hal/ti/mspm0/source/ti/devices/msp/. -I/home/joeyw/zephyr-dev/modules/hal/ti/mspm0/source/ti/devices/msp/m0p -I/home/joeyw/zephyr-dev/modules/hal/ti/mspm0/source/ti/devices/msp/peripherals -I/home/joeyw/zephyr-dev/modules/hal/ti/mspm0/source/ti/devices/msp/peripherals/m0p -I/home/joeyw/zephyr-dev/modules/hal/ti/mspm0/source/ti/devices/msp/peripherals/m0p/sysctl -I/home/joeyw/zephyr-dev/apps/stm32h753zi_stepper/tests/unit/../../src -I/home/joeyw/zephyr-dev/apps/stm32h753zi_stepper/tests/unit/../../build/generated -fno-strict-aliasing -Werror -Os -imacros /home/joeyw/zephyr-dev/twister-out/native_sim_native/host/stm32h753zi_stepper.unit/zephyr/include/generated/zephyr/autoconf.h -fno-common -g -gdwarf-4 -fdiagnostics-color=always -Wall -Wformat -Wformat-security -Wno-format-zero-length -Wdouble-promotion -Wno-pointer-sign -Wpointer-arith -Wexpansion-to-defined -Wno-unused-but-set-variable -Werror=implicit-int -fno-pic -fno-pie -fno-asynchronous-unwind-tables -fno-reorder-functions --param=min-pagesize=0 -fno-defer-pop -fmacro-prefix-map=/home/joeyw/zephyr-dev/apps/stm32h753zi_stepper/tests/unit=CMAKE_SOURCE_DIR -fmacro-prefix-map=/home/joeyw/zephyr-dev/zephyr=ZEPHYR_BASE -fmacro-prefix-map=/home/joeyw/zephyr-dev=WEST_TOPDIR -ffunction-sections -fdata-sections -m32 -msse2 -mfpmath=sse -fvisibility=hidden -fno-freestanding -std=c11 -MD -MT CMakeFiles/app.dir/home/joeyw/zephyr-dev/apps/stm32h753zi_stepper/src/stepper_models.c.obj -MF CMakeFiles/app.dir/home/joeyw/zephyr-dev/apps/stm32h753zi_stepper/src/stepper_models.c.obj.d -o CMakeFiles/app.dir/home/joeyw/zephyr-dev/apps/stm32h753zi_stepper/src/stepper_models.c.obj -c /home/joeyw/zephyr-dev/apps/stm32h753zi_stepper/src/stepper_models.c
In file included from /home/joeyw/zephyr-dev/zephyr/include/zephyr/device.h:13,
                 from /home/joeyw/zephyr-dev/zephyr/include/zephyr/sw_isr_table.h:18,
                 from /home/joeyw/zephyr-dev/zephyr/boards/native/native_sim/../common/irq/board_irq.h:11,
                 from /home/joeyw/zephyr-dev/zephyr/boards/native/native_sim/board_irq.h:10,
                 from /home/joeyw/zephyr-dev/zephyr/soc/native/inf_clock/soc_irq.h:10,
                 from /home/joeyw/zephyr-dev/zephyr/include/zephyr/arch/posix/posix_soc_if.h:18,
                 from /home/joeyw/zephyr-dev/zephyr/include/zephyr/arch/posix/asm_inline_gcc.h:29,
                 from /home/joeyw/zephyr-dev/zephyr/include/zephyr/arch/posix/asm_inline.h:18,
                 from /home/joeyw/zephyr-dev/zephyr/include/zephyr/arch/posix/arch.h:26,
                 from /home/joeyw/zephyr-dev/zephyr/include/zephyr/arch/cpu.h:29,
                 from /home/joeyw/zephyr-dev/zephyr/include/zephyr/sys/cbprintf_internal.h:17,
                 from /home/joeyw/zephyr-dev/zephyr/include/zephyr/sys/cbprintf.h:124,
                 from /home/joeyw/zephyr-dev/zephyr/include/zephyr/logging/log_msg.h:11,
                 from /home/joeyw/zephyr-dev/zephyr/include/zephyr/logging/log_core.h:9,
                 from /home/joeyw/zephyr-dev/zephyr/include/zephyr/logging/log.h:11,
                 from /home/joeyw/zephyr-dev/apps/stm32h753zi_stepper/src/stepper_models.c:3:
/home/joeyw/zephyr-dev/zephyr/include/zephyr/init.h:169:55: error: initialization of â€˜int (*)(void)â€™ from incompatible pointer type â€˜int (*)(const struct device *)â€™ [-Werror=incompatible-pointer-types]
  169 |                 Z_INIT_ENTRY_NAME(name) = {.init_fn = (init_fn_), .dev = NULL}            \
      |                                                       ^
/home/joeyw/zephyr-dev/zephyr/include/zephyr/init.h:151:9: note: in expansion of macro â€˜SYS_INIT_NAMEDâ€™
  151 |         SYS_INIT_NAMED(init_fn, init_fn, level, prio)
      |         ^~~~~~~~~~~~~~
/home/joeyw/zephyr-dev/apps/stm32h753zi_stepper/src/stepper_models.c:99:1: note: in expansion of macro â€˜SYS_INITâ€™
   99 | SYS_INIT(stepper_settings_init, APPLICATION, CONFIG_KERNEL_INIT_PRIORITY_DEFAULT);
      | ^~~~~~~~
/home/joeyw/zephyr-dev/zephyr/include/zephyr/init.h:169:55: note: (near initialization for â€˜__init_stepper_settings_init.init_fnâ€™)
  169 |                 Z_INIT_ENTRY_NAME(name) = {.init_fn = (init_fn_), .dev = NULL}            \
      |                                                       ^
/home/joeyw/zephyr-dev/zephyr/include/zephyr/init.h:151:9: note: in expansion of macro â€˜SYS_INIT_NAMEDâ€™
  151 |         SYS_INIT_NAMED(init_fn, init_fn, level, prio)
      |         ^~~~~~~~~~~~~~
/home/joeyw/zephyr-dev/apps/stm32h753zi_stepper/src/stepper_models.c:99:1: note: in expansion of macro â€˜SYS_INITâ€™
   99 | SYS_INIT(stepper_settings_init, APPLICATION, CONFIG_KERNEL_INIT_PRIORITY_DEFAULT);
      | ^~~~~~~~
cc1: all warnings being treated as errors
[24/109] Building C object zephyr/CMakeFiles/zephyr.dir/lib/utils/hex.c.obj
[25/109] Building C object zephyr/CMakeFiles/zephyr.dir/lib/os/sem.c.obj
[26/109] Building C object zephyr/CMakeFiles/zephyr.dir/lib/utils/rb.c.obj
[27/109] Building C object zephyr/CMakeFiles/zephyr.dir/lib/os/cbprintf_complete.c.obj
[28/109] Building C object zephyr/CMakeFiles/zephyr.dir/lib/utils/timeutil.c.obj
[29/109] Building C object zephyr/CMakeFiles/zephyr.dir/lib/utils/bitarray.c.obj
ninja: build stopped: subcommand failed.

2025-09-04 16:36:59,855 - twister - INFO - ----/home/joeyw/zephyr-dev/twister-out/native_sim_native/host/stm32h753zi_stepper.unit/build.log----
2025-09-04 16:36:59,859 - twister - INFO - 1 test scenarios (1 configurations) selected, 0 configurations filtered (0 by static filter, 0 at runtime).
2025-09-04 16:36:59,859 - twister - INFO - [32m0 of 1[39m executed test configurations passed (0.00%), 0 built (not run), 0 failed, [31m1[39m errored, with no warnings in 4.35 seconds.
2025-09-04 16:36:59,859 - twister - INFO - 0 of 10 executed test cases passed (0.00%), 10 blocked on 1 out of total 1115 platforms (0.09%).
2025-09-04 16:36:59,859 - twister - INFO - [32m0[39m test configurations executed on platforms, [36m1[39m test configurations were only built.
2025-09-04 16:36:59,859 - twister - INFO - Saving reports...
2025-09-04 16:36:59,859 - twister - INFO - Writing JSON report /home/joeyw/zephyr-dev/twister-out/twister.json
2025-09-04 16:36:59,861 - twister - INFO - Writing xunit report /home/joeyw/zephyr-dev/twister-out/twister.xml...
2025-09-04 16:36:59,862 - twister - INFO - Writing xunit report /home/joeyw/zephyr-dev/twister-out/twister_report.xml...
2025-09-04 16:36:59,863 - twister - INFO - -+-+-+-+-+-+-+-+-+-+-+-+-+-+-+-+-+-+-+-+-+-+-+-+-+-+-+-+-+-+-+-+-+-+-+-+-+-+-+-+
2025-09-04 16:36:59,863 - twister - INFO - The following issues were found (showing the top 10 items):
2025-09-04 16:36:59,863 - twister - INFO - 1) stm32h753zi_stepper.unit on native_sim/native error (Build failure - error: the address of strict_spi_mock_register will always evaluate as true [-Werror=address])
2025-09-04 16:36:59,863 - twister - INFO - 
2025-09-04 16:36:59,863 - twister - INFO - To rerun the tests, call twister using the following commandline:
2025-09-04 16:36:59,863 - twister - INFO - west twister -p <PLATFORM> -s <TEST ID>, for example:
2025-09-04 16:36:59,863 - twister - INFO - 
2025-09-04 16:36:59,864 - twister - INFO - west twister -p native_sim/native -s stm32h753zi_stepper.unit
2025-09-04 16:36:59,864 - twister - INFO - or with west:
2025-09-04 16:36:59,864 - twister - INFO - west build -p -b native_sim/native apps/stm32h753zi_stepper/tests/unit -T stm32h753zi_stepper.unit
2025-09-04 16:36:59,864 - twister - INFO - -+-+-+-+-+-+-+-+-+-+-+-+-+-+-+-+-+-+-+-+-+-+-+-+-+-+-+-+-+-+-+-+-+-+-+-+-+-+-+-+
2025-09-04 16:36:59,864 - twister - INFO - Run completed
2025-09-04 16:37:46,284 - twister - INFO - Using Ninja..
2025-09-04 16:37:46,335 - twister - INFO - Zephyr version: v4.2.0-31-g663da2302b04
2025-09-04 16:37:46,337 - twister - DEBUG - Running cmake script /home/joeyw/zephyr-dev/zephyr/cmake/verify-toolchain.cmake
2025-09-04 16:37:46,337 - twister - DEBUG - Calling cmake: /usr/bin/cmake -DFORMAT=json -P /home/joeyw/zephyr-dev/zephyr/cmake/verify-toolchain.cmake
2025-09-04 16:37:46,456 - twister - DEBUG - Finished running /home/joeyw/zephyr-dev/zephyr/cmake/verify-toolchain.cmake
2025-09-04 16:37:46,457 - twister - INFO - Using 'zephyr' toolchain.
2025-09-04 16:37:47,211 - twister - DEBUG - Reading testsuite configuration files under /home/joeyw/zephyr-dev/apps/stm32h753zi_stepper/tests/unit...
2025-09-04 16:37:47,211 - twister - DEBUG - Found possible testsuite in /home/joeyw/zephyr-dev/apps/stm32h753zi_stepper/tests/unit
2025-09-04 16:37:47,213 - twister - DEBUG - No duplicates found.
2025-09-04 16:37:47,213 - twister - DEBUG - platform filter: ['native_sim']
2025-09-04 16:37:47,213 - twister - DEBUG -   vendor filter: []
2025-09-04 16:37:47,213 - twister - DEBUG -     arch_filter: None
2025-09-04 16:37:47,213 - twister - DEBUG -      tag_filter: None
2025-09-04 16:37:47,213 - twister - DEBUG -     exclude_tag: None
2025-09-04 16:37:47,213 - twister - DEBUG - Checking platform filter: ['native_sim']
2025-09-04 16:37:47,213 - twister - INFO - Building initial testsuite list...
2025-09-04 16:37:47,225 - twister - INFO - JOBS: 8
2025-09-04 16:37:47,226 - twister - INFO - Adding tasks to the queue...
2025-09-04 16:37:47,226 - twister - DEBUG - adding native_sim/native/host/stm32h753zi_stepper.unit
2025-09-04 16:37:47,227 - twister - INFO - Added initial list of jobs to queue
2025-09-04 16:37:47,234 - twister - DEBUG - Launched 8 jobs
2025-09-04 16:37:47,234 - twister - DEBUG - Running cmake on /home/joeyw/zephyr-dev/apps/stm32h753zi_stepper/tests/unit for native_sim/native
2025-09-04 16:37:47,235 - twister - DEBUG - Calling cmake: /usr/bin/cmake -B/home/joeyw/zephyr-dev/twister-out/native_sim_native/host/stm32h753zi_stepper.unit -DTC_RUNID=7526dc86f326426fbb87a4e471940d99 -DTC_NAME=stm32h753zi_stepper.unit -DCONFIG_COMPILER_WARNINGS_AS_ERRORS=y -DEXTRA_GEN_EDT_ARGS=--edtlib-Werror -GNinja -DPython3_EXECUTABLE=/home/joeyw/zephyr-dev/.venv/bin/python -DZEPHYR_TOOLCHAIN_VARIANT=host -S/home/joeyw/zephyr-dev/apps/stm32h753zi_stepper/tests/unit -DBOARD=native_sim/native
2025-09-04 16:37:49,872 - twister - DEBUG - Finished running cmake /home/joeyw/zephyr-dev/apps/stm32h753zi_stepper/tests/unit for native_sim/native in 2.64 seconds
2025-09-04 16:37:49,873 - twister - DEBUG - build test: native_sim/native/host/stm32h753zi_stepper.unit
2025-09-04 16:37:49,873 - twister - DEBUG - Building /home/joeyw/zephyr-dev/apps/stm32h753zi_stepper/tests/unit for native_sim/native
2025-09-04 16:37:49,874 - twister - DEBUG - Running /usr/bin/cmake --build /home/joeyw/zephyr-dev/twister-out/native_sim_native/host/stm32h753zi_stepper.unit
2025-09-04 16:37:50,361 - twister - INFO - 1/1 native_sim/native         stm32h753zi_stepper.unit                           [31mERROR[39m Build failure (native <host>)
2025-09-04 16:37:50,362 - twister - INFO - ----/home/joeyw/zephyr-dev/twister-out/native_sim_native/host/stm32h753zi_stepper.unit/build.log----
2025-09-04 16:37:50,362 - twister - ERROR - Loading Zephyr default modules (Zephyr base).
-- Application: /home/joeyw/zephyr-dev/apps/stm32h753zi_stepper/tests/unit
-- CMake version: 3.28.3
-- Found Python3: /home/joeyw/zephyr-dev/.venv/bin/python3 (found suitable version "3.12.3", minimum required is "3.10") found components: Interpreter 
-- Cache files will be written to: /home/joeyw/.cache/zephyr
-- Zephyr version: 4.2.0 (/home/joeyw/zephyr-dev/zephyr)
-- Found west (found suitable version "1.4.0", minimum required is "0.14.0")
-- Board: native_sim, qualifiers: native
-- Found host-tools: zephyr 0.17.2 (/home/joeyw/zephyr-sdk-0.17.2)
-- Found toolchain: host (gcc/ld)
-- Found Dtc: /home/joeyw/zephyr-sdk-0.17.2/sysroots/x86_64-pokysdk-linux/usr/bin/dtc (found suitable version "1.7.0", minimum required is "1.4.6") 
-- Found BOARD.dts: /home/joeyw/zephyr-dev/zephyr/boards/native/native_sim/native_sim.dts
-- Generated zephyr.dts: /home/joeyw/zephyr-dev/twister-out/native_sim_native/host/stm32h753zi_stepper.unit/zephyr/zephyr.dts
-- Generated pickled edt: /home/joeyw/zephyr-dev/twister-out/native_sim_native/host/stm32h753zi_stepper.unit/zephyr/edt.pickle
-- Generated devicetree_generated.h: /home/joeyw/zephyr-dev/twister-out/native_sim_native/host/stm32h753zi_stepper.unit/zephyr/include/generated/zephyr/devicetree_generated.h

warning: The choice symbol SETTINGS_FILE (defined at subsys/settings/Kconfig:75) was selected (set
=y), but SETTINGS_NONE (defined at subsys/settings/Kconfig:112) ended up as the choice selection.
See http://docs.zephyrproject.org/latest/kconfig.html#CONFIG_SETTINGS_FILE and/or look up
SETTINGS_FILE in the menuconfig/guiconfig interface. The Application Development Primer, Setting
Configuration Values, and Kconfig - Tips and Best Practices sections of the manual might be helpful
too.

Parsing /home/joeyw/zephyr-dev/zephyr/Kconfig
Loaded configuration '/home/joeyw/zephyr-dev/zephyr/boards/native/native_sim/native_sim_defconfig'
Merged configuration '/home/joeyw/zephyr-dev/apps/stm32h753zi_stepper/tests/unit/prj.conf'
Merged configuration '/home/joeyw/zephyr-dev/twister-out/native_sim_native/host/stm32h753zi_stepper.unit/zephyr/misc/generated/extra_kconfig_options.conf'
Configuration saved to '/home/joeyw/zephyr-dev/twister-out/native_sim_native/host/stm32h753zi_stepper.unit/zephyr/.config'
Kconfig header saved to '/home/joeyw/zephyr-dev/twister-out/native_sim_native/host/stm32h753zi_stepper.unit/zephyr/include/generated/zephyr/autoconf.h'
-- Found GnuLd: /usr/bin/ld.bfd (found version "2.42") 
-- The C compiler identification is GNU 13.3.0
-- The CXX compiler identification is GNU 13.3.0
-- The ASM compiler identification is GNU
-- Found assembler: /usr/bin/gcc
-- Using ccache: /usr/bin/ccache
-- Found gen_kobject_list: /home/joeyw/zephyr-dev/zephyr/scripts/build/gen_kobject_list.py
-- Configuring done (2.8s)
-- Generating done (0.0s)
CMake Warning:
  Manually-specified variables were not used by the project:

    TC_NAME


-- Build files have been written to: /home/joeyw/zephyr-dev/twister-out/native_sim_native/host/stm32h753zi_stepper.unit
[1/111] Preparing syscall dependency handling

[2/111] Generating include/generated/zephyr/version.h
-- Zephyr version: 4.2.0 (/home/joeyw/zephyr-dev/zephyr), build: v4.2.0-31-g663da2302b04
[3/111] Generating misc/generated/syscalls_subdirs.trigger
[4/111] Generating misc/generated/syscalls.json, misc/generated/struct_tags.json
[5/111] Generating include/generated/device-api-sections.ld, include/generated/device-api-sections.cmake
[6/111] Generating include/generated/zephyr/syscall_dispatch.c, include/generated/zephyr/syscall_exports_llext.c, syscall_weakdefs_llext.c, include/generated/zephyr/syscall_list.h
[7/111] Generating include/generated/zephyr/driver-validation.h
[8/111] Generating include/generated/zephyr/kobj-types-enum.h, include/generated/zephyr/otype-to-str.h, include/generated/zephyr/otype-to-size.h
[9/111] Building C object zephyr/CMakeFiles/offsets.dir/arch/posix/core/offsets/offsets.c.obj
[10/111] Generating include/generated/zephyr/offsets.h
[11/111] Building C object CMakeFiles/app.dir/test_l6470_strict_frames.c.obj
[12/111] Building C object CMakeFiles/app.dir/test_stepper_models.c.obj
FAILED: CMakeFiles/app.dir/test_stepper_models.c.obj 
ccache /usr/bin/gcc -DKERNEL -DK_HEAP_MEM_POOL_SIZE=0 -DTC_RUNID=7526dc86f326426fbb87a4e471940d99 -D__ZEPHYR__=1 -I/home/joeyw/zephyr-dev/twister-out/native_sim_native/host/stm32h753zi_stepper.unit/zephyr/include/generated/zephyr -I/home/joeyw/zephyr-dev/zephyr/include -I/home/joeyw/zephyr-dev/twister-out/native_sim_native/host/stm32h753zi_stepper.unit/zephyr/include/generated -I/home/joeyw/zephyr-dev/zephyr/soc/native/inf_clock -I/home/joeyw/zephyr-dev/zephyr/boards/native/native_sim -I/home/joeyw/zephyr-dev/zephyr/scripts/native_simulator/common/src/include -I/home/joeyw/zephyr-dev/zephyr/scripts/native_simulator/native/src/include -I/home/joeyw/zephyr-dev/zephyr/subsys/testsuite/include -I/home/joeyw/zephyr-dev/zephyr/subsys/testsuite/coverage -I/home/joeyw/zephyr-dev/zephyr/subsys/testsuite/ztest/include -I/home/joeyw/zephyr-dev/zephyr/subsys/settings/include -I/home/joeyw/zephyr-dev/modules/hal/ti/mspm0/source/ti/devices/msp/. -I/home/joeyw/zephyr-dev/modules/hal/ti/mspm0/source/ti/devices/msp/m0p -I/home/joeyw/zephyr-dev/modules/hal/ti/mspm0/source/ti/devices/msp/peripherals -I/home/joeyw/zephyr-dev/modules/hal/ti/mspm0/source/ti/devices/msp/peripherals/m0p -I/home/joeyw/zephyr-dev/modules/hal/ti/mspm0/source/ti/devices/msp/peripherals/m0p/sysctl -I/home/joeyw/zephyr-dev/apps/stm32h753zi_stepper/tests/unit/../../src -I/home/joeyw/zephyr-dev/apps/stm32h753zi_stepper/tests/unit/../../build/generated -fno-strict-aliasing -Werror -Os -imacros /home/joeyw/zephyr-dev/twister-out/native_sim_native/host/stm32h753zi_stepper.unit/zephyr/include/generated/zephyr/autoconf.h -fno-common -g -gdwarf-4 -fdiagnostics-color=always -Wall -Wformat -Wformat-security -Wno-format-zero-length -Wdouble-promotion -Wno-pointer-sign -Wpointer-arith -Wexpansion-to-defined -Wno-unused-but-set-variable -Werror=implicit-int -fno-pic -fno-pie -fno-asynchronous-unwind-tables -fno-reorder-functions --param=min-pagesize=0 -fno-defer-pop -fmacro-prefix-map=/home/joeyw/zephyr-dev/apps/stm32h753zi_stepper/tests/unit=CMAKE_SOURCE_DIR -fmacro-prefix-map=/home/joeyw/zephyr-dev/zephyr=ZEPHYR_BASE -fmacro-prefix-map=/home/joeyw/zephyr-dev=WEST_TOPDIR -ffunction-sections -fdata-sections -m32 -msse2 -mfpmath=sse -fvisibility=hidden -fno-freestanding -std=c11 -MD -MT CMakeFiles/app.dir/test_stepper_models.c.obj -MF CMakeFiles/app.dir/test_stepper_models.c.obj.d -o CMakeFiles/app.dir/test_stepper_models.c.obj -c /home/joeyw/zephyr-dev/apps/stm32h753zi_stepper/tests/unit/test_stepper_models.c
/home/joeyw/zephyr-dev/apps/stm32h753zi_stepper/tests/unit/test_stepper_models.c: In function â€˜stepper_models_test_switch_and_enforceâ€™:
/home/joeyw/zephyr-dev/apps/stm32h753zi_stepper/tests/unit/test_stepper_models.c:39:9: error: the address of â€˜strict_spi_mock_registerâ€™ will always evaluate as â€˜trueâ€™ [-Werror=address]
   39 |     if ((void *)strict_spi_mock_register) {
      |         ^
cc1: all warnings being treated as errors
[13/111] Building C object CMakeFiles/app.dir/test_l6470_limits.c.obj
[14/111] Building C object CMakeFiles/app.dir/strict_spi_mock.c.obj
[15/111] Building C object CMakeFiles/app.dir/test_l6470_codec.c.obj
[16/111] Building C object CMakeFiles/app.dir/home/joeyw/zephyr-dev/apps/stm32h753zi_stepper/src/stepper_models.c.obj
FAILED: CMakeFiles/app.dir/home/joeyw/zephyr-dev/apps/stm32h753zi_stepper/src/stepper_models.c.obj 
ccache /usr/bin/gcc -DKERNEL -DK_HEAP_MEM_POOL_SIZE=0 -DTC_RUNID=7526dc86f326426fbb87a4e471940d99 -D__ZEPHYR__=1 -I/home/joeyw/zephyr-dev/twister-out/native_sim_native/host/stm32h753zi_stepper.unit/zephyr/include/generated/zephyr -I/home/joeyw/zephyr-dev/zephyr/include -I/home/joeyw/zephyr-dev/twister-out/native_sim_native/host/stm32h753zi_stepper.unit/zephyr/include/generated -I/home/joeyw/zephyr-dev/zephyr/soc/native/inf_clock -I/home/joeyw/zephyr-dev/zephyr/boards/native/native_sim -I/home/joeyw/zephyr-dev/zephyr/scripts/native_simulator/common/src/include -I/home/joeyw/zephyr-dev/zephyr/scripts/native_simulator/native/src/include -I/home/joeyw/zephyr-dev/zephyr/subsys/testsuite/include -I/home/joeyw/zephyr-dev/zephyr/subsys/testsuite/coverage -I/home/joeyw/zephyr-dev/zephyr/subsys/testsuite/ztest/include -I/home/joeyw/zephyr-dev/zephyr/subsys/settings/include -I/home/joeyw/zephyr-dev/modules/hal/ti/mspm0/source/ti/devices/msp/. -I/home/joeyw/zephyr-dev/modules/hal/ti/mspm0/source/ti/devices/msp/m0p -I/home/joeyw/zephyr-dev/modules/hal/ti/mspm0/source/ti/devices/msp/peripherals -I/home/joeyw/zephyr-dev/modules/hal/ti/mspm0/source/ti/devices/msp/peripherals/m0p -I/home/joeyw/zephyr-dev/modules/hal/ti/mspm0/source/ti/devices/msp/peripherals/m0p/sysctl -I/home/joeyw/zephyr-dev/apps/stm32h753zi_stepper/tests/unit/../../src -I/home/joeyw/zephyr-dev/apps/stm32h753zi_stepper/tests/unit/../../build/generated -fno-strict-aliasing -Werror -Os -imacros /home/joeyw/zephyr-dev/twister-out/native_sim_native/host/stm32h753zi_stepper.unit/zephyr/include/generated/zephyr/autoconf.h -fno-common -g -gdwarf-4 -fdiagnostics-color=always -Wall -Wformat -Wformat-security -Wno-format-zero-length -Wdouble-promotion -Wno-pointer-sign -Wpointer-arith -Wexpansion-to-defined -Wno-unused-but-set-variable -Werror=implicit-int -fno-pic -fno-pie -fno-asynchronous-unwind-tables -fno-reorder-functions --param=min-pagesize=0 -fno-defer-pop -fmacro-prefix-map=/home/joeyw/zephyr-dev/apps/stm32h753zi_stepper/tests/unit=CMAKE_SOURCE_DIR -fmacro-prefix-map=/home/joeyw/zephyr-dev/zephyr=ZEPHYR_BASE -fmacro-prefix-map=/home/joeyw/zephyr-dev=WEST_TOPDIR -ffunction-sections -fdata-sections -m32 -msse2 -mfpmath=sse -fvisibility=hidden -fno-freestanding -std=c11 -MD -MT CMakeFiles/app.dir/home/joeyw/zephyr-dev/apps/stm32h753zi_stepper/src/stepper_models.c.obj -MF CMakeFiles/app.dir/home/joeyw/zephyr-dev/apps/stm32h753zi_stepper/src/stepper_models.c.obj.d -o CMakeFiles/app.dir/home/joeyw/zephyr-dev/apps/stm32h753zi_stepper/src/stepper_models.c.obj -c /home/joeyw/zephyr-dev/apps/stm32h753zi_stepper/src/stepper_models.c
In file included from /home/joeyw/zephyr-dev/zephyr/include/zephyr/device.h:13,
                 from /home/joeyw/zephyr-dev/zephyr/include/zephyr/sw_isr_table.h:18,
                 from /home/joeyw/zephyr-dev/zephyr/boards/native/native_sim/../common/irq/board_irq.h:11,
                 from /home/joeyw/zephyr-dev/zephyr/boards/native/native_sim/board_irq.h:10,
                 from /home/joeyw/zephyr-dev/zephyr/soc/native/inf_clock/soc_irq.h:10,
                 from /home/joeyw/zephyr-dev/zephyr/include/zephyr/arch/posix/posix_soc_if.h:18,
                 from /home/joeyw/zephyr-dev/zephyr/include/zephyr/arch/posix/asm_inline_gcc.h:29,
                 from /home/joeyw/zephyr-dev/zephyr/include/zephyr/arch/posix/asm_inline.h:18,
                 from /home/joeyw/zephyr-dev/zephyr/include/zephyr/arch/posix/arch.h:26,
                 from /home/joeyw/zephyr-dev/zephyr/include/zephyr/arch/cpu.h:29,
                 from /home/joeyw/zephyr-dev/zephyr/include/zephyr/sys/cbprintf_internal.h:17,
                 from /home/joeyw/zephyr-dev/zephyr/include/zephyr/sys/cbprintf.h:124,
                 from /home/joeyw/zephyr-dev/zephyr/include/zephyr/logging/log_msg.h:11,
                 from /home/joeyw/zephyr-dev/zephyr/include/zephyr/logging/log_core.h:9,
                 from /home/joeyw/zephyr-dev/zephyr/include/zephyr/logging/log.h:11,
                 from /home/joeyw/zephyr-dev/apps/stm32h753zi_stepper/src/stepper_models.c:3:
/home/joeyw/zephyr-dev/zephyr/include/zephyr/init.h:169:55: error: initialization of â€˜int (*)(void)â€™ from incompatible pointer type â€˜int (*)(const struct device *)â€™ [-Werror=incompatible-pointer-types]
  169 |                 Z_INIT_ENTRY_NAME(name) = {.init_fn = (init_fn_), .dev = NULL}            \
      |                                                       ^
/home/joeyw/zephyr-dev/zephyr/include/zephyr/init.h:151:9: note: in expansion of macro â€˜SYS_INIT_NAMEDâ€™
  151 |         SYS_INIT_NAMED(init_fn, init_fn, level, prio)
      |         ^~~~~~~~~~~~~~
/home/joeyw/zephyr-dev/apps/stm32h753zi_stepper/src/stepper_models.c:99:1: note: in expansion of macro â€˜SYS_INITâ€™
   99 | SYS_INIT(stepper_settings_init, APPLICATION, CONFIG_KERNEL_INIT_PRIORITY_DEFAULT);
      | ^~~~~~~~
/home/joeyw/zephyr-dev/zephyr/include/zephyr/init.h:169:55: note: (near initialization for â€˜__init_stepper_settings_init.init_fnâ€™)
  169 |                 Z_INIT_ENTRY_NAME(name) = {.init_fn = (init_fn_), .dev = NULL}            \
      |                                                       ^
/home/joeyw/zephyr-dev/zephyr/include/zephyr/init.h:151:9: note: in expansion of macro â€˜SYS_INIT_NAMEDâ€™
  151 |         SYS_INIT_NAMED(init_fn, init_fn, level, prio)
      |         ^~~~~~~~~~~~~~
/home/joeyw/zephyr-dev/apps/stm32h753zi_stepper/src/stepper_models.c:99:1: note: in expansion of macro â€˜SYS_INITâ€™
   99 | SYS_INIT(stepper_settings_init, APPLICATION, CONFIG_KERNEL_INIT_PRIORITY_DEFAULT);
      | ^~~~~~~~
cc1: all warnings being treated as errors
[17/111] Building C object zephyr/CMakeFiles/zephyr.dir/lib/os/cbprintf_packaged.c.obj
[18/111] Building C object zephyr/CMakeFiles/zephyr.dir/lib/os/clock.c.obj
[19/111] Building C object CMakeFiles/app.dir/home/joeyw/zephyr-dev/apps/stm32h753zi_stepper/src/l6470.c.obj
[20/111] Building C object zephyr/CMakeFiles/zephyr.dir/lib/os/printk.c.obj
[21/111] Building C object zephyr/CMakeFiles/zephyr.dir/lib/heap/heap.c.obj
ninja: build stopped: subcommand failed.
Loading Zephyr default modules (Zephyr base (cached)).
-- Application: /home/joeyw/zephyr-dev/apps/stm32h753zi_stepper/tests/unit
-- CMake version: 3.28.3
-- Found Python3: /home/joeyw/zephyr-dev/.venv/bin/python (found suitable version "3.12.3", minimum required is "3.10") found components: Interpreter 
-- Cache files will be written to: /home/joeyw/.cache/zephyr
-- Zephyr version: 4.2.0 (/home/joeyw/zephyr-dev/zephyr)
-- Found west (found suitable version "1.4.0", minimum required is "0.14.0")
-- Board: native_sim, qualifiers: native
-- Found host-tools: zephyr 0.17.2 (/home/joeyw/zephyr-sdk-0.17.2)
-- Found toolchain: host (gcc/ld)
-- Found BOARD.dts: /home/joeyw/zephyr-dev/zephyr/boards/native/native_sim/native_sim.dts
-- Generated zephyr.dts: /home/joeyw/zephyr-dev/twister-out/native_sim_native/host/stm32h753zi_stepper.unit/zephyr/zephyr.dts
-- Generated pickled edt: /home/joeyw/zephyr-dev/twister-out/native_sim_native/host/stm32h753zi_stepper.unit/zephyr/edt.pickle
-- Generated devicetree_generated.h: /home/joeyw/zephyr-dev/twister-out/native_sim_native/host/stm32h753zi_stepper.unit/zephyr/include/generated/zephyr/devicetree_generated.h
Parsing /home/joeyw/zephyr-dev/zephyr/Kconfig
Loaded configuration '/home/joeyw/zephyr-dev/zephyr/boards/native/native_sim/native_sim_defconfig'
Merged configuration '/home/joeyw/zephyr-dev/apps/stm32h753zi_stepper/tests/unit/prj.conf'
Merged configuration '/home/joeyw/zephyr-dev/twister-out/native_sim_native/host/stm32h753zi_stepper.unit/zephyr/misc/generated/extra_kconfig_options.conf'
No change to configuration in '/home/joeyw/zephyr-dev/twister-out/native_sim_native/host/stm32h753zi_stepper.unit/zephyr/.config'
No change to Kconfig header in '/home/joeyw/zephyr-dev/twister-out/native_sim_native/host/stm32h753zi_stepper.unit/zephyr/include/generated/zephyr/autoconf.h'
-- Using ccache: /usr/bin/ccache
-- Found gen_kobject_list: /home/joeyw/zephyr-dev/zephyr/scripts/build/gen_kobject_list.py
-- Configuring done (2.6s)
-- Generating done (0.0s)
-- Build files have been written to: /home/joeyw/zephyr-dev/twister-out/native_sim_native/host/stm32h753zi_stepper.unit
[1/109] Generating misc/generated/syscalls_subdirs.trigger
[2/109] Generating misc/generated/syscalls.json, misc/generated/struct_tags.json
[3/109] Generating include/generated/device-api-sections.ld, include/generated/device-api-sections.cmake
[4/109] Generating include/generated/zephyr/syscall_dispatch.c, include/generated/zephyr/syscall_exports_llext.c, syscall_weakdefs_llext.c, include/generated/zephyr/syscall_list.h
[5/109] Generating include/generated/zephyr/driver-validation.h
[6/109] Generating include/generated/zephyr/kobj-types-enum.h, include/generated/zephyr/otype-to-str.h, include/generated/zephyr/otype-to-size.h
[7/109] Building C object zephyr/CMakeFiles/offsets.dir/arch/posix/core/offsets/offsets.c.obj
[8/109] Generating include/generated/zephyr/offsets.h
[9/109] Building C object CMakeFiles/app.dir/test_l6470_codec.c.obj
[10/109] Building C object CMakeFiles/app.dir/test_l6470_limits.c.obj
[11/109] Building C object CMakeFiles/app.dir/test_l6470_strict_frames.c.obj
[12/109] Building C object CMakeFiles/app.dir/strict_spi_mock.c.obj
[13/109] Building C object CMakeFiles/app.dir/home/joeyw/zephyr-dev/apps/stm32h753zi_stepper/src/l6470.c.obj
[14/109] Building C object zephyr/CMakeFiles/zephyr.dir/lib/os/cbprintf_packaged.c.obj
[15/109] Building C object zephyr/CMakeFiles/zephyr.dir/lib/os/clock.c.obj
[16/109] Building C object zephyr/CMakeFiles/zephyr.dir/lib/os/printk.c.obj
[17/109] Building C object zephyr/CMakeFiles/zephyr.dir/lib/heap/heap.c.obj
[18/109] Building C object zephyr/CMakeFiles/zephyr.dir/lib/utils/dec.c.obj
[19/109] Building C object zephyr/CMakeFiles/zephyr.dir/lib/os/thread_entry.c.obj
[20/109] Building C object CMakeFiles/app.dir/test_stepper_models.c.obj
FAILED: CMakeFiles/app.dir/test_stepper_models.c.obj 
ccache /usr/bin/gcc -DKERNEL -DK_HEAP_MEM_POOL_SIZE=0 -DTC_RUNID=7526dc86f326426fbb87a4e471940d99 -D__ZEPHYR__=1 -I/home/joeyw/zephyr-dev/twister-out/native_sim_native/host/stm32h753zi_stepper.unit/zephyr/include/generated/zephyr -I/home/joeyw/zephyr-dev/zephyr/include -I/home/joeyw/zephyr-dev/twister-out/native_sim_native/host/stm32h753zi_stepper.unit/zephyr/include/generated -I/home/joeyw/zephyr-dev/zephyr/soc/native/inf_clock -I/home/joeyw/zephyr-dev/zephyr/boards/native/native_sim -I/home/joeyw/zephyr-dev/zephyr/scripts/native_simulator/common/src/include -I/home/joeyw/zephyr-dev/zephyr/scripts/native_simulator/native/src/include -I/home/joeyw/zephyr-dev/zephyr/subsys/testsuite/include -I/home/joeyw/zephyr-dev/zephyr/subsys/testsuite/coverage -I/home/joeyw/zephyr-dev/zephyr/subsys/testsuite/ztest/include -I/home/joeyw/zephyr-dev/zephyr/subsys/settings/include -I/home/joeyw/zephyr-dev/modules/hal/ti/mspm0/source/ti/devices/msp/. -I/home/joeyw/zephyr-dev/modules/hal/ti/mspm0/source/ti/devices/msp/m0p -I/home/joeyw/zephyr-dev/modules/hal/ti/mspm0/source/ti/devices/msp/peripherals -I/home/joeyw/zephyr-dev/modules/hal/ti/mspm0/source/ti/devices/msp/peripherals/m0p -I/home/joeyw/zephyr-dev/modules/hal/ti/mspm0/source/ti/devices/msp/peripherals/m0p/sysctl -I/home/joeyw/zephyr-dev/apps/stm32h753zi_stepper/tests/unit/../../src -I/home/joeyw/zephyr-dev/apps/stm32h753zi_stepper/tests/unit/../../build/generated -fno-strict-aliasing -Werror -Os -imacros /home/joeyw/zephyr-dev/twister-out/native_sim_native/host/stm32h753zi_stepper.unit/zephyr/include/generated/zephyr/autoconf.h -fno-common -g -gdwarf-4 -fdiagnostics-color=always -Wall -Wformat -Wformat-security -Wno-format-zero-length -Wdouble-promotion -Wno-pointer-sign -Wpointer-arith -Wexpansion-to-defined -Wno-unused-but-set-variable -Werror=implicit-int -fno-pic -fno-pie -fno-asynchronous-unwind-tables -fno-reorder-functions --param=min-pagesize=0 -fno-defer-pop -fmacro-prefix-map=/home/joeyw/zephyr-dev/apps/stm32h753zi_stepper/tests/unit=CMAKE_SOURCE_DIR -fmacro-prefix-map=/home/joeyw/zephyr-dev/zephyr=ZEPHYR_BASE -fmacro-prefix-map=/home/joeyw/zephyr-dev=WEST_TOPDIR -ffunction-sections -fdata-sections -m32 -msse2 -mfpmath=sse -fvisibility=hidden -fno-freestanding -std=c11 -MD -MT CMakeFiles/app.dir/test_stepper_models.c.obj -MF CMakeFiles/app.dir/test_stepper_models.c.obj.d -o CMakeFiles/app.dir/test_stepper_models.c.obj -c /home/joeyw/zephyr-dev/apps/stm32h753zi_stepper/tests/unit/test_stepper_models.c
/home/joeyw/zephyr-dev/apps/stm32h753zi_stepper/tests/unit/test_stepper_models.c: In function â€˜stepper_models_test_switch_and_enforceâ€™:
/home/joeyw/zephyr-dev/apps/stm32h753zi_stepper/tests/unit/test_stepper_models.c:39:9: error: the address of â€˜strict_spi_mock_registerâ€™ will always evaluate as â€˜trueâ€™ [-Werror=address]
   39 |     if ((void *)strict_spi_mock_register) {
      |         ^
cc1: all warnings being treated as errors
[21/109] Building C object zephyr/CMakeFiles/zephyr.dir/lib/os/assert.c.obj
[22/109] Building C object zephyr/CMakeFiles/zephyr.dir/lib/os/cbprintf.c.obj
[23/109] Building C object CMakeFiles/app.dir/home/joeyw/zephyr-dev/apps/stm32h753zi_stepper/src/stepper_models.c.obj
FAILED: CMakeFiles/app.dir/home/joeyw/zephyr-dev/apps/stm32h753zi_stepper/src/stepper_models.c.obj 
ccache /usr/bin/gcc -DKERNEL -DK_HEAP_MEM_POOL_SIZE=0 -DTC_RUNID=7526dc86f326426fbb87a4e471940d99 -D__ZEPHYR__=1 -I/home/joeyw/zephyr-dev/twister-out/native_sim_native/host/stm32h753zi_stepper.unit/zephyr/include/generated/zephyr -I/home/joeyw/zephyr-dev/zephyr/include -I/home/joeyw/zephyr-dev/twister-out/native_sim_native/host/stm32h753zi_stepper.unit/zephyr/include/generated -I/home/joeyw/zephyr-dev/zephyr/soc/native/inf_clock -I/home/joeyw/zephyr-dev/zephyr/boards/native/native_sim -I/home/joeyw/zephyr-dev/zephyr/scripts/native_simulator/common/src/include -I/home/joeyw/zephyr-dev/zephyr/scripts/native_simulator/native/src/include -I/home/joeyw/zephyr-dev/zephyr/subsys/testsuite/include -I/home/joeyw/zephyr-dev/zephyr/subsys/testsuite/coverage -I/home/joeyw/zephyr-dev/zephyr/subsys/testsuite/ztest/include -I/home/joeyw/zephyr-dev/zephyr/subsys/settings/include -I/home/joeyw/zephyr-dev/modules/hal/ti/mspm0/source/ti/devices/msp/. -I/home/joeyw/zephyr-dev/modules/hal/ti/mspm0/source/ti/devices/msp/m0p -I/home/joeyw/zephyr-dev/modules/hal/ti/mspm0/source/ti/devices/msp/peripherals -I/home/joeyw/zephyr-dev/modules/hal/ti/mspm0/source/ti/devices/msp/peripherals/m0p -I/home/joeyw/zephyr-dev/modules/hal/ti/mspm0/source/ti/devices/msp/peripherals/m0p/sysctl -I/home/joeyw/zephyr-dev/apps/stm32h753zi_stepper/tests/unit/../../src -I/home/joeyw/zephyr-dev/apps/stm32h753zi_stepper/tests/unit/../../build/generated -fno-strict-aliasing -Werror -Os -imacros /home/joeyw/zephyr-dev/twister-out/native_sim_native/host/stm32h753zi_stepper.unit/zephyr/include/generated/zephyr/autoconf.h -fno-common -g -gdwarf-4 -fdiagnostics-color=always -Wall -Wformat -Wformat-security -Wno-format-zero-length -Wdouble-promotion -Wno-pointer-sign -Wpointer-arith -Wexpansion-to-defined -Wno-unused-but-set-variable -Werror=implicit-int -fno-pic -fno-pie -fno-asynchronous-unwind-tables -fno-reorder-functions --param=min-pagesize=0 -fno-defer-pop -fmacro-prefix-map=/home/joeyw/zephyr-dev/apps/stm32h753zi_stepper/tests/unit=CMAKE_SOURCE_DIR -fmacro-prefix-map=/home/joeyw/zephyr-dev/zephyr=ZEPHYR_BASE -fmacro-prefix-map=/home/joeyw/zephyr-dev=WEST_TOPDIR -ffunction-sections -fdata-sections -m32 -msse2 -mfpmath=sse -fvisibility=hidden -fno-freestanding -std=c11 -MD -MT CMakeFiles/app.dir/home/joeyw/zephyr-dev/apps/stm32h753zi_stepper/src/stepper_models.c.obj -MF CMakeFiles/app.dir/home/joeyw/zephyr-dev/apps/stm32h753zi_stepper/src/stepper_models.c.obj.d -o CMakeFiles/app.dir/home/joeyw/zephyr-dev/apps/stm32h753zi_stepper/src/stepper_models.c.obj -c /home/joeyw/zephyr-dev/apps/stm32h753zi_stepper/src/stepper_models.c
In file included from /home/joeyw/zephyr-dev/zephyr/include/zephyr/device.h:13,
                 from /home/joeyw/zephyr-dev/zephyr/include/zephyr/sw_isr_table.h:18,
                 from /home/joeyw/zephyr-dev/zephyr/boards/native/native_sim/../common/irq/board_irq.h:11,
                 from /home/joeyw/zephyr-dev/zephyr/boards/native/native_sim/board_irq.h:10,
                 from /home/joeyw/zephyr-dev/zephyr/soc/native/inf_clock/soc_irq.h:10,
                 from /home/joeyw/zephyr-dev/zephyr/include/zephyr/arch/posix/posix_soc_if.h:18,
                 from /home/joeyw/zephyr-dev/zephyr/include/zephyr/arch/posix/asm_inline_gcc.h:29,
                 from /home/joeyw/zephyr-dev/zephyr/include/zephyr/arch/posix/asm_inline.h:18,
                 from /home/joeyw/zephyr-dev/zephyr/include/zephyr/arch/posix/arch.h:26,
                 from /home/joeyw/zephyr-dev/zephyr/include/zephyr/arch/cpu.h:29,
                 from /home/joeyw/zephyr-dev/zephyr/include/zephyr/sys/cbprintf_internal.h:17,
                 from /home/joeyw/zephyr-dev/zephyr/include/zephyr/sys/cbprintf.h:124,
                 from /home/joeyw/zephyr-dev/zephyr/include/zephyr/logging/log_msg.h:11,
                 from /home/joeyw/zephyr-dev/zephyr/include/zephyr/logging/log_core.h:9,
                 from /home/joeyw/zephyr-dev/zephyr/include/zephyr/logging/log.h:11,
                 from /home/joeyw/zephyr-dev/apps/stm32h753zi_stepper/src/stepper_models.c:3:
/home/joeyw/zephyr-dev/zephyr/include/zephyr/init.h:169:55: error: initialization of â€˜int (*)(void)â€™ from incompatible pointer type â€˜int (*)(const struct device *)â€™ [-Werror=incompatible-pointer-types]
  169 |                 Z_INIT_ENTRY_NAME(name) = {.init_fn = (init_fn_), .dev = NULL}            \
      |                                                       ^
/home/joeyw/zephyr-dev/zephyr/include/zephyr/init.h:151:9: note: in expansion of macro â€˜SYS_INIT_NAMEDâ€™
  151 |         SYS_INIT_NAMED(init_fn, init_fn, level, prio)
      |         ^~~~~~~~~~~~~~
/home/joeyw/zephyr-dev/apps/stm32h753zi_stepper/src/stepper_models.c:99:1: note: in expansion of macro â€˜SYS_INITâ€™
   99 | SYS_INIT(stepper_settings_init, APPLICATION, CONFIG_KERNEL_INIT_PRIORITY_DEFAULT);
      | ^~~~~~~~
/home/joeyw/zephyr-dev/zephyr/include/zephyr/init.h:169:55: note: (near initialization for â€˜__init_stepper_settings_init.init_fnâ€™)
  169 |                 Z_INIT_ENTRY_NAME(name) = {.init_fn = (init_fn_), .dev = NULL}            \
      |                                                       ^
/home/joeyw/zephyr-dev/zephyr/include/zephyr/init.h:151:9: note: in expansion of macro â€˜SYS_INIT_NAMEDâ€™
  151 |         SYS_INIT_NAMED(init_fn, init_fn, level, prio)
      |         ^~~~~~~~~~~~~~
/home/joeyw/zephyr-dev/apps/stm32h753zi_stepper/src/stepper_models.c:99:1: note: in expansion of macro â€˜SYS_INITâ€™
   99 | SYS_INIT(stepper_settings_init, APPLICATION, CONFIG_KERNEL_INIT_PRIORITY_DEFAULT);
      | ^~~~~~~~
cc1: all warnings being treated as errors
[24/109] Building C object zephyr/CMakeFiles/zephyr.dir/lib/utils/hex.c.obj
[25/109] Building C object zephyr/CMakeFiles/zephyr.dir/lib/os/sem.c.obj
[26/109] Building C object zephyr/CMakeFiles/zephyr.dir/lib/utils/rb.c.obj
[27/109] Building C object zephyr/CMakeFiles/zephyr.dir/lib/os/cbprintf_complete.c.obj
[28/109] Building C object zephyr/CMakeFiles/zephyr.dir/lib/utils/timeutil.c.obj
[29/109] Building C object zephyr/CMakeFiles/zephyr.dir/lib/utils/bitarray.c.obj
ninja: build stopped: subcommand failed.
Loading Zephyr default modules (Zephyr base (cached)).
-- Application: /home/joeyw/zephyr-dev/apps/stm32h753zi_stepper/tests/unit
-- CMake version: 3.28.3
-- Cache files will be written to: /home/joeyw/.cache/zephyr
-- Zephyr version: 4.2.0 (/home/joeyw/zephyr-dev/zephyr)
-- Found west (found suitable version "1.4.0", minimum required is "0.14.0")
-- Board: native_sim, qualifiers: native
-- Found host-tools: zephyr 0.17.2 (/home/joeyw/zephyr-sdk-0.17.2)
-- Found toolchain: host (gcc/ld)
-- Found BOARD.dts: /home/joeyw/zephyr-dev/zephyr/boards/native/native_sim/native_sim.dts
-- Generated zephyr.dts: /home/joeyw/zephyr-dev/twister-out/native_sim_native/host/stm32h753zi_stepper.unit/zephyr/zephyr.dts
-- Generated pickled edt: /home/joeyw/zephyr-dev/twister-out/native_sim_native/host/stm32h753zi_stepper.unit/zephyr/edt.pickle
-- Generated devicetree_generated.h: /home/joeyw/zephyr-dev/twister-out/native_sim_native/host/stm32h753zi_stepper.unit/zephyr/include/generated/zephyr/devicetree_generated.h
Parsing /home/joeyw/zephyr-dev/zephyr/Kconfig
Loaded configuration '/home/joeyw/zephyr-dev/twister-out/native_sim_native/host/stm32h753zi_stepper.unit/zephyr/.config'
No change to configuration in '/home/joeyw/zephyr-dev/twister-out/native_sim_native/host/stm32h753zi_stepper.unit/zephyr/.config'
No change to Kconfig header in '/home/joeyw/zephyr-dev/twister-out/native_sim_native/host/stm32h753zi_stepper.unit/zephyr/include/generated/zephyr/autoconf.h'
-- Using ccache: /usr/bin/ccache
-- Found gen_kobject_list: /home/joeyw/zephyr-dev/zephyr/scripts/build/gen_kobject_list.py
-- Configuring done (2.5s)
-- Generating done (0.0s)
-- Build files have been written to: /home/joeyw/zephyr-dev/twister-out/native_sim_native/host/stm32h753zi_stepper.unit
[1/106] Generating misc/generated/syscalls.json, misc/generated/struct_tags.json
[2/83] Building C object zephyr/CMakeFiles/zephyr.dir/misc/generated/configs.c.obj
[3/83] Building C object zephyr/CMakeFiles/zephyr.dir/subsys/logging/log_cache.c.obj
[4/83] Building C object zephyr/CMakeFiles/zephyr.dir/lib/utils/ring_buffer.c.obj
[5/83] Building C object zephyr/CMakeFiles/zephyr.dir/subsys/logging/backends/log_backend_native_posix.c.obj
[6/83] Building C object CMakeFiles/app.dir/test_stepper_models.c.obj
FAILED: CMakeFiles/app.dir/test_stepper_models.c.obj 
ccache /usr/bin/gcc -DKERNEL -DK_HEAP_MEM_POOL_SIZE=0 -DTC_RUNID=7526dc86f326426fbb87a4e471940d99 -D__ZEPHYR__=1 -I/home/joeyw/zephyr-dev/twister-out/native_sim_native/host/stm32h753zi_stepper.unit/zephyr/include/generated/zephyr -I/home/joeyw/zephyr-dev/zephyr/include -I/home/joeyw/zephyr-dev/twister-out/native_sim_native/host/stm32h753zi_stepper.unit/zephyr/include/generated -I/home/joeyw/zephyr-dev/zephyr/soc/native/inf_clock -I/home/joeyw/zephyr-dev/zephyr/boards/native/native_sim -I/home/joeyw/zephyr-dev/zephyr/scripts/native_simulator/common/src/include -I/home/joeyw/zephyr-dev/zephyr/scripts/native_simulator/native/src/include -I/home/joeyw/zephyr-dev/zephyr/subsys/testsuite/include -I/home/joeyw/zephyr-dev/zephyr/subsys/testsuite/coverage -I/home/joeyw/zephyr-dev/zephyr/subsys/testsuite/ztest/include -I/home/joeyw/zephyr-dev/zephyr/subsys/settings/include -I/home/joeyw/zephyr-dev/modules/hal/ti/mspm0/source/ti/devices/msp/. -I/home/joeyw/zephyr-dev/modules/hal/ti/mspm0/source/ti/devices/msp/m0p -I/home/joeyw/zephyr-dev/modules/hal/ti/mspm0/source/ti/devices/msp/peripherals -I/home/joeyw/zephyr-dev/modules/hal/ti/mspm0/source/ti/devices/msp/peripherals/m0p -I/home/joeyw/zephyr-dev/modules/hal/ti/mspm0/source/ti/devices/msp/peripherals/m0p/sysctl -I/home/joeyw/zephyr-dev/apps/stm32h753zi_stepper/tests/unit/../../src -I/home/joeyw/zephyr-dev/apps/stm32h753zi_stepper/tests/unit/../../build/generated -fno-strict-aliasing -Werror -Os -imacros /home/joeyw/zephyr-dev/twister-out/native_sim_native/host/stm32h753zi_stepper.unit/zephyr/include/generated/zephyr/autoconf.h -fno-common -g -gdwarf-4 -fdiagnostics-color=always -Wall -Wformat -Wformat-security -Wno-format-zero-length -Wdouble-promotion -Wno-pointer-sign -Wpointer-arith -Wexpansion-to-defined -Wno-unused-but-set-variable -Werror=implicit-int -fno-pic -fno-pie -fno-asynchronous-unwind-tables -fno-reorder-functions --param=min-pagesize=0 -fno-defer-pop -fmacro-prefix-map=/home/joeyw/zephyr-dev/apps/stm32h753zi_stepper/tests/unit=CMAKE_SOURCE_DIR -fmacro-prefix-map=/home/joeyw/zephyr-dev/zephyr=ZEPHYR_BASE -fmacro-prefix-map=/home/joeyw/zephyr-dev=WEST_TOPDIR -ffunction-sections -fdata-sections -m32 -msse2 -mfpmath=sse -fvisibility=hidden -fno-freestanding -std=c11 -MD -MT CMakeFiles/app.dir/test_stepper_models.c.obj -MF CMakeFiles/app.dir/test_stepper_models.c.obj.d -o CMakeFiles/app.dir/test_stepper_models.c.obj -c /home/joeyw/zephyr-dev/apps/stm32h753zi_stepper/tests/unit/test_stepper_models.c
/home/joeyw/zephyr-dev/apps/stm32h753zi_stepper/tests/unit/test_stepper_models.c: In function â€˜stepper_models_test_switch_and_enforceâ€™:
/home/joeyw/zephyr-dev/apps/stm32h753zi_stepper/tests/unit/test_stepper_models.c:39:9: error: the address of â€˜strict_spi_mock_registerâ€™ will always evaluate as â€˜trueâ€™ [-Werror=address]
   39 |     if ((void *)strict_spi_mock_register) {
      |         ^
cc1: all warnings being treated as errors
[7/83] Building C object CMakeFiles/app.dir/home/joeyw/zephyr-dev/apps/stm32h753zi_stepper/src/stepper_models.c.obj
FAILED: CMakeFiles/app.dir/home/joeyw/zephyr-dev/apps/stm32h753zi_stepper/src/stepper_models.c.obj 
ccache /usr/bin/gcc -DKERNEL -DK_HEAP_MEM_POOL_SIZE=0 -DTC_RUNID=7526dc86f326426fbb87a4e471940d99 -D__ZEPHYR__=1 -I/home/joeyw/zephyr-dev/twister-out/native_sim_native/host/stm32h753zi_stepper.unit/zephyr/include/generated/zephyr -I/home/joeyw/zephyr-dev/zephyr/include -I/home/joeyw/zephyr-dev/twister-out/native_sim_native/host/stm32h753zi_stepper.unit/zephyr/include/generated -I/home/joeyw/zephyr-dev/zephyr/soc/native/inf_clock -I/home/joeyw/zephyr-dev/zephyr/boards/native/native_sim -I/home/joeyw/zephyr-dev/zephyr/scripts/native_simulator/common/src/include -I/home/joeyw/zephyr-dev/zephyr/scripts/native_simulator/native/src/include -I/home/joeyw/zephyr-dev/zephyr/subsys/testsuite/include -I/home/joeyw/zephyr-dev/zephyr/subsys/testsuite/coverage -I/home/joeyw/zephyr-dev/zephyr/subsys/testsuite/ztest/include -I/home/joeyw/zephyr-dev/zephyr/subsys/settings/include -I/home/joeyw/zephyr-dev/modules/hal/ti/mspm0/source/ti/devices/msp/. -I/home/joeyw/zephyr-dev/modules/hal/ti/mspm0/source/ti/devices/msp/m0p -I/home/joeyw/zephyr-dev/modules/hal/ti/mspm0/source/ti/devices/msp/peripherals -I/home/joeyw/zephyr-dev/modules/hal/ti/mspm0/source/ti/devices/msp/peripherals/m0p -I/home/joeyw/zephyr-dev/modules/hal/ti/mspm0/source/ti/devices/msp/peripherals/m0p/sysctl -I/home/joeyw/zephyr-dev/apps/stm32h753zi_stepper/tests/unit/../../src -I/home/joeyw/zephyr-dev/apps/stm32h753zi_stepper/tests/unit/../../build/generated -fno-strict-aliasing -Werror -Os -imacros /home/joeyw/zephyr-dev/twister-out/native_sim_native/host/stm32h753zi_stepper.unit/zephyr/include/generated/zephyr/autoconf.h -fno-common -g -gdwarf-4 -fdiagnostics-color=always -Wall -Wformat -Wformat-security -Wno-format-zero-length -Wdouble-promotion -Wno-pointer-sign -Wpointer-arith -Wexpansion-to-defined -Wno-unused-but-set-variable -Werror=implicit-int -fno-pic -fno-pie -fno-asynchronous-unwind-tables -fno-reorder-functions --param=min-pagesize=0 -fno-defer-pop -fmacro-prefix-map=/home/joeyw/zephyr-dev/apps/stm32h753zi_stepper/tests/unit=CMAKE_SOURCE_DIR -fmacro-prefix-map=/home/joeyw/zephyr-dev/zephyr=ZEPHYR_BASE -fmacro-prefix-map=/home/joeyw/zephyr-dev=WEST_TOPDIR -ffunction-sections -fdata-sections -m32 -msse2 -mfpmath=sse -fvisibility=hidden -fno-freestanding -std=c11 -MD -MT CMakeFiles/app.dir/home/joeyw/zephyr-dev/apps/stm32h753zi_stepper/src/stepper_models.c.obj -MF CMakeFiles/app.dir/home/joeyw/zephyr-dev/apps/stm32h753zi_stepper/src/stepper_models.c.obj.d -o CMakeFiles/app.dir/home/joeyw/zephyr-dev/apps/stm32h753zi_stepper/src/stepper_models.c.obj -c /home/joeyw/zephyr-dev/apps/stm32h753zi_stepper/src/stepper_models.c
In file included from /home/joeyw/zephyr-dev/zephyr/include/zephyr/device.h:13,
                 from /home/joeyw/zephyr-dev/zephyr/include/zephyr/sw_isr_table.h:18,
                 from /home/joeyw/zephyr-dev/zephyr/boards/native/native_sim/../common/irq/board_irq.h:11,
                 from /home/joeyw/zephyr-dev/zephyr/boards/native/native_sim/board_irq.h:10,
                 from /home/joeyw/zephyr-dev/zephyr/soc/native/inf_clock/soc_irq.h:10,
                 from /home/joeyw/zephyr-dev/zephyr/include/zephyr/arch/posix/posix_soc_if.h:18,
                 from /home/joeyw/zephyr-dev/zephyr/include/zephyr/arch/posix/asm_inline_gcc.h:29,
                 from /home/joeyw/zephyr-dev/zephyr/include/zephyr/arch/posix/asm_inline.h:18,
                 from /home/joeyw/zephyr-dev/zephyr/include/zephyr/arch/posix/arch.h:26,
                 from /home/joeyw/zephyr-dev/zephyr/include/zephyr/arch/cpu.h:29,
                 from /home/joeyw/zephyr-dev/zephyr/include/zephyr/sys/cbprintf_internal.h:17,
                 from /home/joeyw/zephyr-dev/zephyr/include/zephyr/sys/cbprintf.h:124,
                 from /home/joeyw/zephyr-dev/zephyr/include/zephyr/logging/log_msg.h:11,
                 from /home/joeyw/zephyr-dev/zephyr/include/zephyr/logging/log_core.h:9,
                 from /home/joeyw/zephyr-dev/zephyr/include/zephyr/logging/log.h:11,
                 from /home/joeyw/zephyr-dev/apps/stm32h753zi_stepper/src/stepper_models.c:3:
/home/joeyw/zephyr-dev/zephyr/include/zephyr/init.h:169:55: error: initialization of â€˜int (*)(void)â€™ from incompatible pointer type â€˜int (*)(const struct device *)â€™ [-Werror=incompatible-pointer-types]
  169 |                 Z_INIT_ENTRY_NAME(name) = {.init_fn = (init_fn_), .dev = NULL}            \
      |                                                       ^
/home/joeyw/zephyr-dev/zephyr/include/zephyr/init.h:151:9: note: in expansion of macro â€˜SYS_INIT_NAMEDâ€™
  151 |         SYS_INIT_NAMED(init_fn, init_fn, level, prio)
      |         ^~~~~~~~~~~~~~
/home/joeyw/zephyr-dev/apps/stm32h753zi_stepper/src/stepper_models.c:99:1: note: in expansion of macro â€˜SYS_INITâ€™
   99 | SYS_INIT(stepper_settings_init, APPLICATION, CONFIG_KERNEL_INIT_PRIORITY_DEFAULT);
      | ^~~~~~~~
/home/joeyw/zephyr-dev/zephyr/include/zephyr/init.h:169:55: note: (near initialization for â€˜__init_stepper_settings_init.init_fnâ€™)
  169 |                 Z_INIT_ENTRY_NAME(name) = {.init_fn = (init_fn_), .dev = NULL}            \
      |                                                       ^
/home/joeyw/zephyr-dev/zephyr/include/zephyr/init.h:151:9: note: in expansion of macro â€˜SYS_INIT_NAMEDâ€™
  151 |         SYS_INIT_NAMED(init_fn, init_fn, level, prio)
      |         ^~~~~~~~~~~~~~
/home/joeyw/zephyr-dev/apps/stm32h753zi_stepper/src/stepper_models.c:99:1: note: in expansion of macro â€˜SYS_INITâ€™
   99 | SYS_INIT(stepper_settings_init, APPLICATION, CONFIG_KERNEL_INIT_PRIORITY_DEFAULT);
      | ^~~~~~~~
cc1: all warnings being treated as errors
[8/83] Building C object zephyr/CMakeFiles/zephyr.dir/subsys/logging/log_msg.c.obj
[9/83] Building C object zephyr/CMakeFiles/zephyr.dir/subsys/logging/log_mgmt.c.obj
[10/83] Building C object zephyr/CMakeFiles/zephyr.dir/subsys/tracing/tracing_none.c.obj
[11/83] Building C object zephyr/CMakeFiles/zephyr.dir/subsys/logging/log_core.c.obj
[12/83] Building C object zephyr/CMakeFiles/zephyr.dir/subsys/logging/log_output.c.obj
[13/83] Building C object zephyr/CMakeFiles/zephyr.dir/subsys/settings/src/settings_init.c.obj
[14/83] Building C object zephyr/CMakeFiles/zephyr.dir/subsys/settings/src/settings_store.c.obj
[15/83] Building C object zephyr/CMakeFiles/zephyr.dir/subsys/settings/src/settings.c.obj
ninja: build stopped: subcommand failed.

2025-09-04 16:37:50,362 - twister - INFO - ----/home/joeyw/zephyr-dev/twister-out/native_sim_native/host/stm32h753zi_stepper.unit/build.log----
2025-09-04 16:37:50,366 - twister - INFO - 1 test scenarios (1 configurations) selected, 0 configurations filtered (0 by static filter, 0 at runtime).
2025-09-04 16:37:50,366 - twister - INFO - [32m0 of 1[39m executed test configurations passed (0.00%), 0 built (not run), 0 failed, [31m1[39m errored, with no warnings in 4.08 seconds.
2025-09-04 16:37:50,366 - twister - INFO - 0 of 10 executed test cases passed (0.00%), 10 blocked on 1 out of total 1115 platforms (0.09%).
2025-09-04 16:37:50,366 - twister - INFO - [32m0[39m test configurations executed on platforms, [36m1[39m test configurations were only built.
2025-09-04 16:37:50,366 - twister - INFO - Saving reports...
2025-09-04 16:37:50,367 - twister - INFO - Writing JSON report /home/joeyw/zephyr-dev/twister-out/twister.json
2025-09-04 16:37:50,369 - twister - INFO - Writing xunit report /home/joeyw/zephyr-dev/twister-out/twister.xml...
2025-09-04 16:37:50,370 - twister - INFO - Writing xunit report /home/joeyw/zephyr-dev/twister-out/twister_report.xml...
2025-09-04 16:37:50,371 - twister - INFO - -+-+-+-+-+-+-+-+-+-+-+-+-+-+-+-+-+-+-+-+-+-+-+-+-+-+-+-+-+-+-+-+-+-+-+-+-+-+-+-+
2025-09-04 16:37:50,371 - twister - INFO - The following issues were found (showing the top 10 items):
2025-09-04 16:37:50,372 - twister - INFO - 1) stm32h753zi_stepper.unit on native_sim/native error (Build failure - error: the address of strict_spi_mock_register will always evaluate as true [-Werror=address])
2025-09-04 16:37:50,372 - twister - INFO - 
2025-09-04 16:37:50,372 - twister - INFO - To rerun the tests, call twister using the following commandline:
2025-09-04 16:37:50,372 - twister - INFO - west twister -p <PLATFORM> -s <TEST ID>, for example:
2025-09-04 16:37:50,372 - twister - INFO - 
2025-09-04 16:37:50,372 - twister - INFO - west twister -p native_sim/native -s stm32h753zi_stepper.unit
2025-09-04 16:37:50,372 - twister - INFO - or with west:
2025-09-04 16:37:50,372 - twister - INFO - west build -p -b native_sim/native apps/stm32h753zi_stepper/tests/unit -T stm32h753zi_stepper.unit
2025-09-04 16:37:50,372 - twister - INFO - -+-+-+-+-+-+-+-+-+-+-+-+-+-+-+-+-+-+-+-+-+-+-+-+-+-+-+-+-+-+-+-+-+-+-+-+-+-+-+-+
2025-09-04 16:37:50,372 - twister - INFO - Run completed
2025-09-04 16:40:54,483 - twister - INFO - Using Ninja..
2025-09-04 16:40:54,534 - twister - INFO - Zephyr version: v4.2.0-31-g663da2302b04
2025-09-04 16:40:54,536 - twister - DEBUG - Running cmake script /home/joeyw/zephyr-dev/zephyr/cmake/verify-toolchain.cmake
2025-09-04 16:40:54,536 - twister - DEBUG - Calling cmake: /usr/bin/cmake -DFORMAT=json -P /home/joeyw/zephyr-dev/zephyr/cmake/verify-toolchain.cmake
2025-09-04 16:40:54,653 - twister - DEBUG - Finished running /home/joeyw/zephyr-dev/zephyr/cmake/verify-toolchain.cmake
2025-09-04 16:40:54,653 - twister - INFO - Using 'zephyr' toolchain.
2025-09-04 16:40:55,399 - twister - DEBUG - Reading testsuite configuration files under /home/joeyw/zephyr-dev/apps/stm32h753zi_stepper/tests/unit...
2025-09-04 16:40:55,400 - twister - DEBUG - Found possible testsuite in /home/joeyw/zephyr-dev/apps/stm32h753zi_stepper/tests/unit
2025-09-04 16:40:55,402 - twister - DEBUG - No duplicates found.
2025-09-04 16:40:55,402 - twister - DEBUG - platform filter: ['native_sim']
2025-09-04 16:40:55,402 - twister - DEBUG -   vendor filter: []
2025-09-04 16:40:55,402 - twister - DEBUG -     arch_filter: None
2025-09-04 16:40:55,402 - twister - DEBUG -      tag_filter: None
2025-09-04 16:40:55,402 - twister - DEBUG -     exclude_tag: None
2025-09-04 16:40:55,402 - twister - DEBUG - Checking platform filter: ['native_sim']
2025-09-04 16:40:55,402 - twister - INFO - Building initial testsuite list...
2025-09-04 16:40:55,420 - twister - INFO - JOBS: 4
2025-09-04 16:40:55,420 - twister - INFO - Adding tasks to the queue...
2025-09-04 16:40:55,420 - twister - DEBUG - adding native_sim/native/host/stm32h753zi_stepper.unit
2025-09-04 16:40:55,421 - twister - INFO - Added initial list of jobs to queue
2025-09-04 16:40:55,425 - twister - DEBUG - Launched 4 jobs
2025-09-04 16:40:55,426 - twister - DEBUG - Running cmake on /home/joeyw/zephyr-dev/apps/stm32h753zi_stepper/tests/unit for native_sim/native
2025-09-04 16:40:55,426 - twister - DEBUG - Calling cmake: /usr/bin/cmake -B/home/joeyw/zephyr-dev/twister-out/native_sim_native/host/stm32h753zi_stepper.unit -DTC_RUNID=7526dc86f326426fbb87a4e471940d99 -DTC_NAME=stm32h753zi_stepper.unit -DCONFIG_COMPILER_WARNINGS_AS_ERRORS=y -DEXTRA_GEN_EDT_ARGS=--edtlib-Werror -GNinja -DPython3_EXECUTABLE=/home/joeyw/zephyr-dev/.venv/bin/python -DZEPHYR_TOOLCHAIN_VARIANT=host -S/home/joeyw/zephyr-dev/apps/stm32h753zi_stepper/tests/unit -DBOARD=native_sim/native
2025-09-04 16:40:58,037 - twister - DEBUG - Finished running cmake /home/joeyw/zephyr-dev/apps/stm32h753zi_stepper/tests/unit for native_sim/native in 2.61 seconds
2025-09-04 16:40:58,038 - twister - DEBUG - build test: native_sim/native/host/stm32h753zi_stepper.unit
2025-09-04 16:40:58,038 - twister - DEBUG - Building /home/joeyw/zephyr-dev/apps/stm32h753zi_stepper/tests/unit for native_sim/native
2025-09-04 16:40:58,039 - twister - DEBUG - Running /usr/bin/cmake --build /home/joeyw/zephyr-dev/twister-out/native_sim_native/host/stm32h753zi_stepper.unit
2025-09-04 16:40:58,444 - twister - INFO - 1/1 native_sim/native         stm32h753zi_stepper.unit                           [31mERROR[39m Build failure (native <host>)
2025-09-04 16:40:58,445 - twister - INFO - ----/home/joeyw/zephyr-dev/twister-out/native_sim_native/host/stm32h753zi_stepper.unit/build.log----
2025-09-04 16:40:58,445 - twister - ERROR - Loading Zephyr default modules (Zephyr base).
-- Application: /home/joeyw/zephyr-dev/apps/stm32h753zi_stepper/tests/unit
-- CMake version: 3.28.3
-- Found Python3: /home/joeyw/zephyr-dev/.venv/bin/python3 (found suitable version "3.12.3", minimum required is "3.10") found components: Interpreter 
-- Cache files will be written to: /home/joeyw/.cache/zephyr
-- Zephyr version: 4.2.0 (/home/joeyw/zephyr-dev/zephyr)
-- Found west (found suitable version "1.4.0", minimum required is "0.14.0")
-- Board: native_sim, qualifiers: native
-- Found host-tools: zephyr 0.17.2 (/home/joeyw/zephyr-sdk-0.17.2)
-- Found toolchain: host (gcc/ld)
-- Found Dtc: /home/joeyw/zephyr-sdk-0.17.2/sysroots/x86_64-pokysdk-linux/usr/bin/dtc (found suitable version "1.7.0", minimum required is "1.4.6") 
-- Found BOARD.dts: /home/joeyw/zephyr-dev/zephyr/boards/native/native_sim/native_sim.dts
-- Generated zephyr.dts: /home/joeyw/zephyr-dev/twister-out/native_sim_native/host/stm32h753zi_stepper.unit/zephyr/zephyr.dts
-- Generated pickled edt: /home/joeyw/zephyr-dev/twister-out/native_sim_native/host/stm32h753zi_stepper.unit/zephyr/edt.pickle
-- Generated devicetree_generated.h: /home/joeyw/zephyr-dev/twister-out/native_sim_native/host/stm32h753zi_stepper.unit/zephyr/include/generated/zephyr/devicetree_generated.h

warning: The choice symbol SETTINGS_FILE (defined at subsys/settings/Kconfig:75) was selected (set
=y), but SETTINGS_NONE (defined at subsys/settings/Kconfig:112) ended up as the choice selection.
See http://docs.zephyrproject.org/latest/kconfig.html#CONFIG_SETTINGS_FILE and/or look up
SETTINGS_FILE in the menuconfig/guiconfig interface. The Application Development Primer, Setting
Configuration Values, and Kconfig - Tips and Best Practices sections of the manual might be helpful
too.

Parsing /home/joeyw/zephyr-dev/zephyr/Kconfig
Loaded configuration '/home/joeyw/zephyr-dev/zephyr/boards/native/native_sim/native_sim_defconfig'
Merged configuration '/home/joeyw/zephyr-dev/apps/stm32h753zi_stepper/tests/unit/prj.conf'
Merged configuration '/home/joeyw/zephyr-dev/twister-out/native_sim_native/host/stm32h753zi_stepper.unit/zephyr/misc/generated/extra_kconfig_options.conf'
Configuration saved to '/home/joeyw/zephyr-dev/twister-out/native_sim_native/host/stm32h753zi_stepper.unit/zephyr/.config'
Kconfig header saved to '/home/joeyw/zephyr-dev/twister-out/native_sim_native/host/stm32h753zi_stepper.unit/zephyr/include/generated/zephyr/autoconf.h'
-- Found GnuLd: /usr/bin/ld.bfd (found version "2.42") 
-- The C compiler identification is GNU 13.3.0
-- The CXX compiler identification is GNU 13.3.0
-- The ASM compiler identification is GNU
-- Found assembler: /usr/bin/gcc
-- Using ccache: /usr/bin/ccache
-- Found gen_kobject_list: /home/joeyw/zephyr-dev/zephyr/scripts/build/gen_kobject_list.py
-- Configuring done (2.8s)
-- Generating done (0.0s)
CMake Warning:
  Manually-specified variables were not used by the project:

    TC_NAME


-- Build files have been written to: /home/joeyw/zephyr-dev/twister-out/native_sim_native/host/stm32h753zi_stepper.unit
[1/111] Preparing syscall dependency handling

[2/111] Generating include/generated/zephyr/version.h
-- Zephyr version: 4.2.0 (/home/joeyw/zephyr-dev/zephyr), build: v4.2.0-31-g663da2302b04
[3/111] Generating misc/generated/syscalls_subdirs.trigger
[4/111] Generating misc/generated/syscalls.json, misc/generated/struct_tags.json
[5/111] Generating include/generated/device-api-sections.ld, include/generated/device-api-sections.cmake
[6/111] Generating include/generated/zephyr/syscall_dispatch.c, include/generated/zephyr/syscall_exports_llext.c, syscall_weakdefs_llext.c, include/generated/zephyr/syscall_list.h
[7/111] Generating include/generated/zephyr/driver-validation.h
[8/111] Generating include/generated/zephyr/kobj-types-enum.h, include/generated/zephyr/otype-to-str.h, include/generated/zephyr/otype-to-size.h
[9/111] Building C object zephyr/CMakeFiles/offsets.dir/arch/posix/core/offsets/offsets.c.obj
[10/111] Generating include/generated/zephyr/offsets.h
[11/111] Building C object CMakeFiles/app.dir/test_l6470_strict_frames.c.obj
[12/111] Building C object CMakeFiles/app.dir/test_stepper_models.c.obj
FAILED: CMakeFiles/app.dir/test_stepper_models.c.obj 
ccache /usr/bin/gcc -DKERNEL -DK_HEAP_MEM_POOL_SIZE=0 -DTC_RUNID=7526dc86f326426fbb87a4e471940d99 -D__ZEPHYR__=1 -I/home/joeyw/zephyr-dev/twister-out/native_sim_native/host/stm32h753zi_stepper.unit/zephyr/include/generated/zephyr -I/home/joeyw/zephyr-dev/zephyr/include -I/home/joeyw/zephyr-dev/twister-out/native_sim_native/host/stm32h753zi_stepper.unit/zephyr/include/generated -I/home/joeyw/zephyr-dev/zephyr/soc/native/inf_clock -I/home/joeyw/zephyr-dev/zephyr/boards/native/native_sim -I/home/joeyw/zephyr-dev/zephyr/scripts/native_simulator/common/src/include -I/home/joeyw/zephyr-dev/zephyr/scripts/native_simulator/native/src/include -I/home/joeyw/zephyr-dev/zephyr/subsys/testsuite/include -I/home/joeyw/zephyr-dev/zephyr/subsys/testsuite/coverage -I/home/joeyw/zephyr-dev/zephyr/subsys/testsuite/ztest/include -I/home/joeyw/zephyr-dev/zephyr/subsys/settings/include -I/home/joeyw/zephyr-dev/modules/hal/ti/mspm0/source/ti/devices/msp/. -I/home/joeyw/zephyr-dev/modules/hal/ti/mspm0/source/ti/devices/msp/m0p -I/home/joeyw/zephyr-dev/modules/hal/ti/mspm0/source/ti/devices/msp/peripherals -I/home/joeyw/zephyr-dev/modules/hal/ti/mspm0/source/ti/devices/msp/peripherals/m0p -I/home/joeyw/zephyr-dev/modules/hal/ti/mspm0/source/ti/devices/msp/peripherals/m0p/sysctl -I/home/joeyw/zephyr-dev/apps/stm32h753zi_stepper/tests/unit/../../src -I/home/joeyw/zephyr-dev/apps/stm32h753zi_stepper/tests/unit/../../build/generated -fno-strict-aliasing -Werror -Os -imacros /home/joeyw/zephyr-dev/twister-out/native_sim_native/host/stm32h753zi_stepper.unit/zephyr/include/generated/zephyr/autoconf.h -fno-common -g -gdwarf-4 -fdiagnostics-color=always -Wall -Wformat -Wformat-security -Wno-format-zero-length -Wdouble-promotion -Wno-pointer-sign -Wpointer-arith -Wexpansion-to-defined -Wno-unused-but-set-variable -Werror=implicit-int -fno-pic -fno-pie -fno-asynchronous-unwind-tables -fno-reorder-functions --param=min-pagesize=0 -fno-defer-pop -fmacro-prefix-map=/home/joeyw/zephyr-dev/apps/stm32h753zi_stepper/tests/unit=CMAKE_SOURCE_DIR -fmacro-prefix-map=/home/joeyw/zephyr-dev/zephyr=ZEPHYR_BASE -fmacro-prefix-map=/home/joeyw/zephyr-dev=WEST_TOPDIR -ffunction-sections -fdata-sections -m32 -msse2 -mfpmath=sse -fvisibility=hidden -fno-freestanding -std=c11 -MD -MT CMakeFiles/app.dir/test_stepper_models.c.obj -MF CMakeFiles/app.dir/test_stepper_models.c.obj.d -o CMakeFiles/app.dir/test_stepper_models.c.obj -c /home/joeyw/zephyr-dev/apps/stm32h753zi_stepper/tests/unit/test_stepper_models.c
/home/joeyw/zephyr-dev/apps/stm32h753zi_stepper/tests/unit/test_stepper_models.c: In function â€˜stepper_models_test_switch_and_enforceâ€™:
/home/joeyw/zephyr-dev/apps/stm32h753zi_stepper/tests/unit/test_stepper_models.c:39:9: error: the address of â€˜strict_spi_mock_registerâ€™ will always evaluate as â€˜trueâ€™ [-Werror=address]
   39 |     if ((void *)strict_spi_mock_register) {
      |         ^
cc1: all warnings being treated as errors
[13/111] Building C object CMakeFiles/app.dir/test_l6470_limits.c.obj
[14/111] Building C object CMakeFiles/app.dir/strict_spi_mock.c.obj
[15/111] Building C object CMakeFiles/app.dir/test_l6470_codec.c.obj
[16/111] Building C object CMakeFiles/app.dir/home/joeyw/zephyr-dev/apps/stm32h753zi_stepper/src/stepper_models.c.obj
FAILED: CMakeFiles/app.dir/home/joeyw/zephyr-dev/apps/stm32h753zi_stepper/src/stepper_models.c.obj 
ccache /usr/bin/gcc -DKERNEL -DK_HEAP_MEM_POOL_SIZE=0 -DTC_RUNID=7526dc86f326426fbb87a4e471940d99 -D__ZEPHYR__=1 -I/home/joeyw/zephyr-dev/twister-out/native_sim_native/host/stm32h753zi_stepper.unit/zephyr/include/generated/zephyr -I/home/joeyw/zephyr-dev/zephyr/include -I/home/joeyw/zephyr-dev/twister-out/native_sim_native/host/stm32h753zi_stepper.unit/zephyr/include/generated -I/home/joeyw/zephyr-dev/zephyr/soc/native/inf_clock -I/home/joeyw/zephyr-dev/zephyr/boards/native/native_sim -I/home/joeyw/zephyr-dev/zephyr/scripts/native_simulator/common/src/include -I/home/joeyw/zephyr-dev/zephyr/scripts/native_simulator/native/src/include -I/home/joeyw/zephyr-dev/zephyr/subsys/testsuite/include -I/home/joeyw/zephyr-dev/zephyr/subsys/testsuite/coverage -I/home/joeyw/zephyr-dev/zephyr/subsys/testsuite/ztest/include -I/home/joeyw/zephyr-dev/zephyr/subsys/settings/include -I/home/joeyw/zephyr-dev/modules/hal/ti/mspm0/source/ti/devices/msp/. -I/home/joeyw/zephyr-dev/modules/hal/ti/mspm0/source/ti/devices/msp/m0p -I/home/joeyw/zephyr-dev/modules/hal/ti/mspm0/source/ti/devices/msp/peripherals -I/home/joeyw/zephyr-dev/modules/hal/ti/mspm0/source/ti/devices/msp/peripherals/m0p -I/home/joeyw/zephyr-dev/modules/hal/ti/mspm0/source/ti/devices/msp/peripherals/m0p/sysctl -I/home/joeyw/zephyr-dev/apps/stm32h753zi_stepper/tests/unit/../../src -I/home/joeyw/zephyr-dev/apps/stm32h753zi_stepper/tests/unit/../../build/generated -fno-strict-aliasing -Werror -Os -imacros /home/joeyw/zephyr-dev/twister-out/native_sim_native/host/stm32h753zi_stepper.unit/zephyr/include/generated/zephyr/autoconf.h -fno-common -g -gdwarf-4 -fdiagnostics-color=always -Wall -Wformat -Wformat-security -Wno-format-zero-length -Wdouble-promotion -Wno-pointer-sign -Wpointer-arith -Wexpansion-to-defined -Wno-unused-but-set-variable -Werror=implicit-int -fno-pic -fno-pie -fno-asynchronous-unwind-tables -fno-reorder-functions --param=min-pagesize=0 -fno-defer-pop -fmacro-prefix-map=/home/joeyw/zephyr-dev/apps/stm32h753zi_stepper/tests/unit=CMAKE_SOURCE_DIR -fmacro-prefix-map=/home/joeyw/zephyr-dev/zephyr=ZEPHYR_BASE -fmacro-prefix-map=/home/joeyw/zephyr-dev=WEST_TOPDIR -ffunction-sections -fdata-sections -m32 -msse2 -mfpmath=sse -fvisibility=hidden -fno-freestanding -std=c11 -MD -MT CMakeFiles/app.dir/home/joeyw/zephyr-dev/apps/stm32h753zi_stepper/src/stepper_models.c.obj -MF CMakeFiles/app.dir/home/joeyw/zephyr-dev/apps/stm32h753zi_stepper/src/stepper_models.c.obj.d -o CMakeFiles/app.dir/home/joeyw/zephyr-dev/apps/stm32h753zi_stepper/src/stepper_models.c.obj -c /home/joeyw/zephyr-dev/apps/stm32h753zi_stepper/src/stepper_models.c
In file included from /home/joeyw/zephyr-dev/zephyr/include/zephyr/device.h:13,
                 from /home/joeyw/zephyr-dev/zephyr/include/zephyr/sw_isr_table.h:18,
                 from /home/joeyw/zephyr-dev/zephyr/boards/native/native_sim/../common/irq/board_irq.h:11,
                 from /home/joeyw/zephyr-dev/zephyr/boards/native/native_sim/board_irq.h:10,
                 from /home/joeyw/zephyr-dev/zephyr/soc/native/inf_clock/soc_irq.h:10,
                 from /home/joeyw/zephyr-dev/zephyr/include/zephyr/arch/posix/posix_soc_if.h:18,
                 from /home/joeyw/zephyr-dev/zephyr/include/zephyr/arch/posix/asm_inline_gcc.h:29,
                 from /home/joeyw/zephyr-dev/zephyr/include/zephyr/arch/posix/asm_inline.h:18,
                 from /home/joeyw/zephyr-dev/zephyr/include/zephyr/arch/posix/arch.h:26,
                 from /home/joeyw/zephyr-dev/zephyr/include/zephyr/arch/cpu.h:29,
                 from /home/joeyw/zephyr-dev/zephyr/include/zephyr/sys/cbprintf_internal.h:17,
                 from /home/joeyw/zephyr-dev/zephyr/include/zephyr/sys/cbprintf.h:124,
                 from /home/joeyw/zephyr-dev/zephyr/include/zephyr/logging/log_msg.h:11,
                 from /home/joeyw/zephyr-dev/zephyr/include/zephyr/logging/log_core.h:9,
                 from /home/joeyw/zephyr-dev/zephyr/include/zephyr/logging/log.h:11,
                 from /home/joeyw/zephyr-dev/apps/stm32h753zi_stepper/src/stepper_models.c:3:
/home/joeyw/zephyr-dev/zephyr/include/zephyr/init.h:169:55: error: initialization of â€˜int (*)(void)â€™ from incompatible pointer type â€˜int (*)(const struct device *)â€™ [-Werror=incompatible-pointer-types]
  169 |                 Z_INIT_ENTRY_NAME(name) = {.init_fn = (init_fn_), .dev = NULL}            \
      |                                                       ^
/home/joeyw/zephyr-dev/zephyr/include/zephyr/init.h:151:9: note: in expansion of macro â€˜SYS_INIT_NAMEDâ€™
  151 |         SYS_INIT_NAMED(init_fn, init_fn, level, prio)
      |         ^~~~~~~~~~~~~~
/home/joeyw/zephyr-dev/apps/stm32h753zi_stepper/src/stepper_models.c:99:1: note: in expansion of macro â€˜SYS_INITâ€™
   99 | SYS_INIT(stepper_settings_init, APPLICATION, CONFIG_KERNEL_INIT_PRIORITY_DEFAULT);
      | ^~~~~~~~
/home/joeyw/zephyr-dev/zephyr/include/zephyr/init.h:169:55: note: (near initialization for â€˜__init_stepper_settings_init.init_fnâ€™)
  169 |                 Z_INIT_ENTRY_NAME(name) = {.init_fn = (init_fn_), .dev = NULL}            \
      |                                                       ^
/home/joeyw/zephyr-dev/zephyr/include/zephyr/init.h:151:9: note: in expansion of macro â€˜SYS_INIT_NAMEDâ€™
  151 |         SYS_INIT_NAMED(init_fn, init_fn, level, prio)
      |         ^~~~~~~~~~~~~~
/home/joeyw/zephyr-dev/apps/stm32h753zi_stepper/src/stepper_models.c:99:1: note: in expansion of macro â€˜SYS_INITâ€™
   99 | SYS_INIT(stepper_settings_init, APPLICATION, CONFIG_KERNEL_INIT_PRIORITY_DEFAULT);
      | ^~~~~~~~
cc1: all warnings being treated as errors
[17/111] Building C object zephyr/CMakeFiles/zephyr.dir/lib/os/cbprintf_packaged.c.obj
[18/111] Building C object zephyr/CMakeFiles/zephyr.dir/lib/os/clock.c.obj
[19/111] Building C object CMakeFiles/app.dir/home/joeyw/zephyr-dev/apps/stm32h753zi_stepper/src/l6470.c.obj
[20/111] Building C object zephyr/CMakeFiles/zephyr.dir/lib/os/printk.c.obj
[21/111] Building C object zephyr/CMakeFiles/zephyr.dir/lib/heap/heap.c.obj
ninja: build stopped: subcommand failed.
Loading Zephyr default modules (Zephyr base (cached)).
-- Application: /home/joeyw/zephyr-dev/apps/stm32h753zi_stepper/tests/unit
-- CMake version: 3.28.3
-- Found Python3: /home/joeyw/zephyr-dev/.venv/bin/python (found suitable version "3.12.3", minimum required is "3.10") found components: Interpreter 
-- Cache files will be written to: /home/joeyw/.cache/zephyr
-- Zephyr version: 4.2.0 (/home/joeyw/zephyr-dev/zephyr)
-- Found west (found suitable version "1.4.0", minimum required is "0.14.0")
-- Board: native_sim, qualifiers: native
-- Found host-tools: zephyr 0.17.2 (/home/joeyw/zephyr-sdk-0.17.2)
-- Found toolchain: host (gcc/ld)
-- Found BOARD.dts: /home/joeyw/zephyr-dev/zephyr/boards/native/native_sim/native_sim.dts
-- Generated zephyr.dts: /home/joeyw/zephyr-dev/twister-out/native_sim_native/host/stm32h753zi_stepper.unit/zephyr/zephyr.dts
-- Generated pickled edt: /home/joeyw/zephyr-dev/twister-out/native_sim_native/host/stm32h753zi_stepper.unit/zephyr/edt.pickle
-- Generated devicetree_generated.h: /home/joeyw/zephyr-dev/twister-out/native_sim_native/host/stm32h753zi_stepper.unit/zephyr/include/generated/zephyr/devicetree_generated.h
Parsing /home/joeyw/zephyr-dev/zephyr/Kconfig
Loaded configuration '/home/joeyw/zephyr-dev/zephyr/boards/native/native_sim/native_sim_defconfig'
Merged configuration '/home/joeyw/zephyr-dev/apps/stm32h753zi_stepper/tests/unit/prj.conf'
Merged configuration '/home/joeyw/zephyr-dev/twister-out/native_sim_native/host/stm32h753zi_stepper.unit/zephyr/misc/generated/extra_kconfig_options.conf'
No change to configuration in '/home/joeyw/zephyr-dev/twister-out/native_sim_native/host/stm32h753zi_stepper.unit/zephyr/.config'
No change to Kconfig header in '/home/joeyw/zephyr-dev/twister-out/native_sim_native/host/stm32h753zi_stepper.unit/zephyr/include/generated/zephyr/autoconf.h'
-- Using ccache: /usr/bin/ccache
-- Found gen_kobject_list: /home/joeyw/zephyr-dev/zephyr/scripts/build/gen_kobject_list.py
-- Configuring done (2.6s)
-- Generating done (0.0s)
-- Build files have been written to: /home/joeyw/zephyr-dev/twister-out/native_sim_native/host/stm32h753zi_stepper.unit
[1/109] Generating misc/generated/syscalls_subdirs.trigger
[2/109] Generating misc/generated/syscalls.json, misc/generated/struct_tags.json
[3/109] Generating include/generated/device-api-sections.ld, include/generated/device-api-sections.cmake
[4/109] Generating include/generated/zephyr/syscall_dispatch.c, include/generated/zephyr/syscall_exports_llext.c, syscall_weakdefs_llext.c, include/generated/zephyr/syscall_list.h
[5/109] Generating include/generated/zephyr/driver-validation.h
[6/109] Generating include/generated/zephyr/kobj-types-enum.h, include/generated/zephyr/otype-to-str.h, include/generated/zephyr/otype-to-size.h
[7/109] Building C object zephyr/CMakeFiles/offsets.dir/arch/posix/core/offsets/offsets.c.obj
[8/109] Generating include/generated/zephyr/offsets.h
[9/109] Building C object CMakeFiles/app.dir/test_l6470_codec.c.obj
[10/109] Building C object CMakeFiles/app.dir/test_l6470_limits.c.obj
[11/109] Building C object CMakeFiles/app.dir/test_l6470_strict_frames.c.obj
[12/109] Building C object CMakeFiles/app.dir/strict_spi_mock.c.obj
[13/109] Building C object CMakeFiles/app.dir/home/joeyw/zephyr-dev/apps/stm32h753zi_stepper/src/l6470.c.obj
[14/109] Building C object zephyr/CMakeFiles/zephyr.dir/lib/os/cbprintf_packaged.c.obj
[15/109] Building C object zephyr/CMakeFiles/zephyr.dir/lib/os/clock.c.obj
[16/109] Building C object zephyr/CMakeFiles/zephyr.dir/lib/os/printk.c.obj
[17/109] Building C object zephyr/CMakeFiles/zephyr.dir/lib/heap/heap.c.obj
[18/109] Building C object zephyr/CMakeFiles/zephyr.dir/lib/utils/dec.c.obj
[19/109] Building C object zephyr/CMakeFiles/zephyr.dir/lib/os/thread_entry.c.obj
[20/109] Building C object CMakeFiles/app.dir/test_stepper_models.c.obj
FAILED: CMakeFiles/app.dir/test_stepper_models.c.obj 
ccache /usr/bin/gcc -DKERNEL -DK_HEAP_MEM_POOL_SIZE=0 -DTC_RUNID=7526dc86f326426fbb87a4e471940d99 -D__ZEPHYR__=1 -I/home/joeyw/zephyr-dev/twister-out/native_sim_native/host/stm32h753zi_stepper.unit/zephyr/include/generated/zephyr -I/home/joeyw/zephyr-dev/zephyr/include -I/home/joeyw/zephyr-dev/twister-out/native_sim_native/host/stm32h753zi_stepper.unit/zephyr/include/generated -I/home/joeyw/zephyr-dev/zephyr/soc/native/inf_clock -I/home/joeyw/zephyr-dev/zephyr/boards/native/native_sim -I/home/joeyw/zephyr-dev/zephyr/scripts/native_simulator/common/src/include -I/home/joeyw/zephyr-dev/zephyr/scripts/native_simulator/native/src/include -I/home/joeyw/zephyr-dev/zephyr/subsys/testsuite/include -I/home/joeyw/zephyr-dev/zephyr/subsys/testsuite/coverage -I/home/joeyw/zephyr-dev/zephyr/subsys/testsuite/ztest/include -I/home/joeyw/zephyr-dev/zephyr/subsys/settings/include -I/home/joeyw/zephyr-dev/modules/hal/ti/mspm0/source/ti/devices/msp/. -I/home/joeyw/zephyr-dev/modules/hal/ti/mspm0/source/ti/devices/msp/m0p -I/home/joeyw/zephyr-dev/modules/hal/ti/mspm0/source/ti/devices/msp/peripherals -I/home/joeyw/zephyr-dev/modules/hal/ti/mspm0/source/ti/devices/msp/peripherals/m0p -I/home/joeyw/zephyr-dev/modules/hal/ti/mspm0/source/ti/devices/msp/peripherals/m0p/sysctl -I/home/joeyw/zephyr-dev/apps/stm32h753zi_stepper/tests/unit/../../src -I/home/joeyw/zephyr-dev/apps/stm32h753zi_stepper/tests/unit/../../build/generated -fno-strict-aliasing -Werror -Os -imacros /home/joeyw/zephyr-dev/twister-out/native_sim_native/host/stm32h753zi_stepper.unit/zephyr/include/generated/zephyr/autoconf.h -fno-common -g -gdwarf-4 -fdiagnostics-color=always -Wall -Wformat -Wformat-security -Wno-format-zero-length -Wdouble-promotion -Wno-pointer-sign -Wpointer-arith -Wexpansion-to-defined -Wno-unused-but-set-variable -Werror=implicit-int -fno-pic -fno-pie -fno-asynchronous-unwind-tables -fno-reorder-functions --param=min-pagesize=0 -fno-defer-pop -fmacro-prefix-map=/home/joeyw/zephyr-dev/apps/stm32h753zi_stepper/tests/unit=CMAKE_SOURCE_DIR -fmacro-prefix-map=/home/joeyw/zephyr-dev/zephyr=ZEPHYR_BASE -fmacro-prefix-map=/home/joeyw/zephyr-dev=WEST_TOPDIR -ffunction-sections -fdata-sections -m32 -msse2 -mfpmath=sse -fvisibility=hidden -fno-freestanding -std=c11 -MD -MT CMakeFiles/app.dir/test_stepper_models.c.obj -MF CMakeFiles/app.dir/test_stepper_models.c.obj.d -o CMakeFiles/app.dir/test_stepper_models.c.obj -c /home/joeyw/zephyr-dev/apps/stm32h753zi_stepper/tests/unit/test_stepper_models.c
/home/joeyw/zephyr-dev/apps/stm32h753zi_stepper/tests/unit/test_stepper_models.c: In function â€˜stepper_models_test_switch_and_enforceâ€™:
/home/joeyw/zephyr-dev/apps/stm32h753zi_stepper/tests/unit/test_stepper_models.c:39:9: error: the address of â€˜strict_spi_mock_registerâ€™ will always evaluate as â€˜trueâ€™ [-Werror=address]
   39 |     if ((void *)strict_spi_mock_register) {
      |         ^
cc1: all warnings being treated as errors
[21/109] Building C object zephyr/CMakeFiles/zephyr.dir/lib/os/assert.c.obj
[22/109] Building C object zephyr/CMakeFiles/zephyr.dir/lib/os/cbprintf.c.obj
[23/109] Building C object CMakeFiles/app.dir/home/joeyw/zephyr-dev/apps/stm32h753zi_stepper/src/stepper_models.c.obj
FAILED: CMakeFiles/app.dir/home/joeyw/zephyr-dev/apps/stm32h753zi_stepper/src/stepper_models.c.obj 
ccache /usr/bin/gcc -DKERNEL -DK_HEAP_MEM_POOL_SIZE=0 -DTC_RUNID=7526dc86f326426fbb87a4e471940d99 -D__ZEPHYR__=1 -I/home/joeyw/zephyr-dev/twister-out/native_sim_native/host/stm32h753zi_stepper.unit/zephyr/include/generated/zephyr -I/home/joeyw/zephyr-dev/zephyr/include -I/home/joeyw/zephyr-dev/twister-out/native_sim_native/host/stm32h753zi_stepper.unit/zephyr/include/generated -I/home/joeyw/zephyr-dev/zephyr/soc/native/inf_clock -I/home/joeyw/zephyr-dev/zephyr/boards/native/native_sim -I/home/joeyw/zephyr-dev/zephyr/scripts/native_simulator/common/src/include -I/home/joeyw/zephyr-dev/zephyr/scripts/native_simulator/native/src/include -I/home/joeyw/zephyr-dev/zephyr/subsys/testsuite/include -I/home/joeyw/zephyr-dev/zephyr/subsys/testsuite/coverage -I/home/joeyw/zephyr-dev/zephyr/subsys/testsuite/ztest/include -I/home/joeyw/zephyr-dev/zephyr/subsys/settings/include -I/home/joeyw/zephyr-dev/modules/hal/ti/mspm0/source/ti/devices/msp/. -I/home/joeyw/zephyr-dev/modules/hal/ti/mspm0/source/ti/devices/msp/m0p -I/home/joeyw/zephyr-dev/modules/hal/ti/mspm0/source/ti/devices/msp/peripherals -I/home/joeyw/zephyr-dev/modules/hal/ti/mspm0/source/ti/devices/msp/peripherals/m0p -I/home/joeyw/zephyr-dev/modules/hal/ti/mspm0/source/ti/devices/msp/peripherals/m0p/sysctl -I/home/joeyw/zephyr-dev/apps/stm32h753zi_stepper/tests/unit/../../src -I/home/joeyw/zephyr-dev/apps/stm32h753zi_stepper/tests/unit/../../build/generated -fno-strict-aliasing -Werror -Os -imacros /home/joeyw/zephyr-dev/twister-out/native_sim_native/host/stm32h753zi_stepper.unit/zephyr/include/generated/zephyr/autoconf.h -fno-common -g -gdwarf-4 -fdiagnostics-color=always -Wall -Wformat -Wformat-security -Wno-format-zero-length -Wdouble-promotion -Wno-pointer-sign -Wpointer-arith -Wexpansion-to-defined -Wno-unused-but-set-variable -Werror=implicit-int -fno-pic -fno-pie -fno-asynchronous-unwind-tables -fno-reorder-functions --param=min-pagesize=0 -fno-defer-pop -fmacro-prefix-map=/home/joeyw/zephyr-dev/apps/stm32h753zi_stepper/tests/unit=CMAKE_SOURCE_DIR -fmacro-prefix-map=/home/joeyw/zephyr-dev/zephyr=ZEPHYR_BASE -fmacro-prefix-map=/home/joeyw/zephyr-dev=WEST_TOPDIR -ffunction-sections -fdata-sections -m32 -msse2 -mfpmath=sse -fvisibility=hidden -fno-freestanding -std=c11 -MD -MT CMakeFiles/app.dir/home/joeyw/zephyr-dev/apps/stm32h753zi_stepper/src/stepper_models.c.obj -MF CMakeFiles/app.dir/home/joeyw/zephyr-dev/apps/stm32h753zi_stepper/src/stepper_models.c.obj.d -o CMakeFiles/app.dir/home/joeyw/zephyr-dev/apps/stm32h753zi_stepper/src/stepper_models.c.obj -c /home/joeyw/zephyr-dev/apps/stm32h753zi_stepper/src/stepper_models.c
In file included from /home/joeyw/zephyr-dev/zephyr/include/zephyr/device.h:13,
                 from /home/joeyw/zephyr-dev/zephyr/include/zephyr/sw_isr_table.h:18,
                 from /home/joeyw/zephyr-dev/zephyr/boards/native/native_sim/../common/irq/board_irq.h:11,
                 from /home/joeyw/zephyr-dev/zephyr/boards/native/native_sim/board_irq.h:10,
                 from /home/joeyw/zephyr-dev/zephyr/soc/native/inf_clock/soc_irq.h:10,
                 from /home/joeyw/zephyr-dev/zephyr/include/zephyr/arch/posix/posix_soc_if.h:18,
                 from /home/joeyw/zephyr-dev/zephyr/include/zephyr/arch/posix/asm_inline_gcc.h:29,
                 from /home/joeyw/zephyr-dev/zephyr/include/zephyr/arch/posix/asm_inline.h:18,
                 from /home/joeyw/zephyr-dev/zephyr/include/zephyr/arch/posix/arch.h:26,
                 from /home/joeyw/zephyr-dev/zephyr/include/zephyr/arch/cpu.h:29,
                 from /home/joeyw/zephyr-dev/zephyr/include/zephyr/sys/cbprintf_internal.h:17,
                 from /home/joeyw/zephyr-dev/zephyr/include/zephyr/sys/cbprintf.h:124,
                 from /home/joeyw/zephyr-dev/zephyr/include/zephyr/logging/log_msg.h:11,
                 from /home/joeyw/zephyr-dev/zephyr/include/zephyr/logging/log_core.h:9,
                 from /home/joeyw/zephyr-dev/zephyr/include/zephyr/logging/log.h:11,
                 from /home/joeyw/zephyr-dev/apps/stm32h753zi_stepper/src/stepper_models.c:3:
/home/joeyw/zephyr-dev/zephyr/include/zephyr/init.h:169:55: error: initialization of â€˜int (*)(void)â€™ from incompatible pointer type â€˜int (*)(const struct device *)â€™ [-Werror=incompatible-pointer-types]
  169 |                 Z_INIT_ENTRY_NAME(name) = {.init_fn = (init_fn_), .dev = NULL}            \
      |                                                       ^
/home/joeyw/zephyr-dev/zephyr/include/zephyr/init.h:151:9: note: in expansion of macro â€˜SYS_INIT_NAMEDâ€™
  151 |         SYS_INIT_NAMED(init_fn, init_fn, level, prio)
      |         ^~~~~~~~~~~~~~
/home/joeyw/zephyr-dev/apps/stm32h753zi_stepper/src/stepper_models.c:99:1: note: in expansion of macro â€˜SYS_INITâ€™
   99 | SYS_INIT(stepper_settings_init, APPLICATION, CONFIG_KERNEL_INIT_PRIORITY_DEFAULT);
      | ^~~~~~~~
/home/joeyw/zephyr-dev/zephyr/include/zephyr/init.h:169:55: note: (near initialization for â€˜__init_stepper_settings_init.init_fnâ€™)
  169 |                 Z_INIT_ENTRY_NAME(name) = {.init_fn = (init_fn_), .dev = NULL}            \
      |                                                       ^
/home/joeyw/zephyr-dev/zephyr/include/zephyr/init.h:151:9: note: in expansion of macro â€˜SYS_INIT_NAMEDâ€™
  151 |         SYS_INIT_NAMED(init_fn, init_fn, level, prio)
      |         ^~~~~~~~~~~~~~
/home/joeyw/zephyr-dev/apps/stm32h753zi_stepper/src/stepper_models.c:99:1: note: in expansion of macro â€˜SYS_INITâ€™
   99 | SYS_INIT(stepper_settings_init, APPLICATION, CONFIG_KERNEL_INIT_PRIORITY_DEFAULT);
      | ^~~~~~~~
cc1: all warnings being treated as errors
[24/109] Building C object zephyr/CMakeFiles/zephyr.dir/lib/utils/hex.c.obj
[25/109] Building C object zephyr/CMakeFiles/zephyr.dir/lib/os/sem.c.obj
[26/109] Building C object zephyr/CMakeFiles/zephyr.dir/lib/utils/rb.c.obj
[27/109] Building C object zephyr/CMakeFiles/zephyr.dir/lib/os/cbprintf_complete.c.obj
[28/109] Building C object zephyr/CMakeFiles/zephyr.dir/lib/utils/timeutil.c.obj
[29/109] Building C object zephyr/CMakeFiles/zephyr.dir/lib/utils/bitarray.c.obj
ninja: build stopped: subcommand failed.
Loading Zephyr default modules (Zephyr base (cached)).
-- Application: /home/joeyw/zephyr-dev/apps/stm32h753zi_stepper/tests/unit
-- CMake version: 3.28.3
-- Cache files will be written to: /home/joeyw/.cache/zephyr
-- Zephyr version: 4.2.0 (/home/joeyw/zephyr-dev/zephyr)
-- Found west (found suitable version "1.4.0", minimum required is "0.14.0")
-- Board: native_sim, qualifiers: native
-- Found host-tools: zephyr 0.17.2 (/home/joeyw/zephyr-sdk-0.17.2)
-- Found toolchain: host (gcc/ld)
-- Found BOARD.dts: /home/joeyw/zephyr-dev/zephyr/boards/native/native_sim/native_sim.dts
-- Generated zephyr.dts: /home/joeyw/zephyr-dev/twister-out/native_sim_native/host/stm32h753zi_stepper.unit/zephyr/zephyr.dts
-- Generated pickled edt: /home/joeyw/zephyr-dev/twister-out/native_sim_native/host/stm32h753zi_stepper.unit/zephyr/edt.pickle
-- Generated devicetree_generated.h: /home/joeyw/zephyr-dev/twister-out/native_sim_native/host/stm32h753zi_stepper.unit/zephyr/include/generated/zephyr/devicetree_generated.h
Parsing /home/joeyw/zephyr-dev/zephyr/Kconfig
Loaded configuration '/home/joeyw/zephyr-dev/twister-out/native_sim_native/host/stm32h753zi_stepper.unit/zephyr/.config'
No change to configuration in '/home/joeyw/zephyr-dev/twister-out/native_sim_native/host/stm32h753zi_stepper.unit/zephyr/.config'
No change to Kconfig header in '/home/joeyw/zephyr-dev/twister-out/native_sim_native/host/stm32h753zi_stepper.unit/zephyr/include/generated/zephyr/autoconf.h'
-- Using ccache: /usr/bin/ccache
-- Found gen_kobject_list: /home/joeyw/zephyr-dev/zephyr/scripts/build/gen_kobject_list.py
-- Configuring done (2.5s)
-- Generating done (0.0s)
-- Build files have been written to: /home/joeyw/zephyr-dev/twister-out/native_sim_native/host/stm32h753zi_stepper.unit
[1/106] Generating misc/generated/syscalls.json, misc/generated/struct_tags.json
[2/83] Building C object zephyr/CMakeFiles/zephyr.dir/misc/generated/configs.c.obj
[3/83] Building C object zephyr/CMakeFiles/zephyr.dir/subsys/logging/log_cache.c.obj
[4/83] Building C object zephyr/CMakeFiles/zephyr.dir/lib/utils/ring_buffer.c.obj
[5/83] Building C object zephyr/CMakeFiles/zephyr.dir/subsys/logging/backends/log_backend_native_posix.c.obj
[6/83] Building C object CMakeFiles/app.dir/test_stepper_models.c.obj
FAILED: CMakeFiles/app.dir/test_stepper_models.c.obj 
ccache /usr/bin/gcc -DKERNEL -DK_HEAP_MEM_POOL_SIZE=0 -DTC_RUNID=7526dc86f326426fbb87a4e471940d99 -D__ZEPHYR__=1 -I/home/joeyw/zephyr-dev/twister-out/native_sim_native/host/stm32h753zi_stepper.unit/zephyr/include/generated/zephyr -I/home/joeyw/zephyr-dev/zephyr/include -I/home/joeyw/zephyr-dev/twister-out/native_sim_native/host/stm32h753zi_stepper.unit/zephyr/include/generated -I/home/joeyw/zephyr-dev/zephyr/soc/native/inf_clock -I/home/joeyw/zephyr-dev/zephyr/boards/native/native_sim -I/home/joeyw/zephyr-dev/zephyr/scripts/native_simulator/common/src/include -I/home/joeyw/zephyr-dev/zephyr/scripts/native_simulator/native/src/include -I/home/joeyw/zephyr-dev/zephyr/subsys/testsuite/include -I/home/joeyw/zephyr-dev/zephyr/subsys/testsuite/coverage -I/home/joeyw/zephyr-dev/zephyr/subsys/testsuite/ztest/include -I/home/joeyw/zephyr-dev/zephyr/subsys/settings/include -I/home/joeyw/zephyr-dev/modules/hal/ti/mspm0/source/ti/devices/msp/. -I/home/joeyw/zephyr-dev/modules/hal/ti/mspm0/source/ti/devices/msp/m0p -I/home/joeyw/zephyr-dev/modules/hal/ti/mspm0/source/ti/devices/msp/peripherals -I/home/joeyw/zephyr-dev/modules/hal/ti/mspm0/source/ti/devices/msp/peripherals/m0p -I/home/joeyw/zephyr-dev/modules/hal/ti/mspm0/source/ti/devices/msp/peripherals/m0p/sysctl -I/home/joeyw/zephyr-dev/apps/stm32h753zi_stepper/tests/unit/../../src -I/home/joeyw/zephyr-dev/apps/stm32h753zi_stepper/tests/unit/../../build/generated -fno-strict-aliasing -Werror -Os -imacros /home/joeyw/zephyr-dev/twister-out/native_sim_native/host/stm32h753zi_stepper.unit/zephyr/include/generated/zephyr/autoconf.h -fno-common -g -gdwarf-4 -fdiagnostics-color=always -Wall -Wformat -Wformat-security -Wno-format-zero-length -Wdouble-promotion -Wno-pointer-sign -Wpointer-arith -Wexpansion-to-defined -Wno-unused-but-set-variable -Werror=implicit-int -fno-pic -fno-pie -fno-asynchronous-unwind-tables -fno-reorder-functions --param=min-pagesize=0 -fno-defer-pop -fmacro-prefix-map=/home/joeyw/zephyr-dev/apps/stm32h753zi_stepper/tests/unit=CMAKE_SOURCE_DIR -fmacro-prefix-map=/home/joeyw/zephyr-dev/zephyr=ZEPHYR_BASE -fmacro-prefix-map=/home/joeyw/zephyr-dev=WEST_TOPDIR -ffunction-sections -fdata-sections -m32 -msse2 -mfpmath=sse -fvisibility=hidden -fno-freestanding -std=c11 -MD -MT CMakeFiles/app.dir/test_stepper_models.c.obj -MF CMakeFiles/app.dir/test_stepper_models.c.obj.d -o CMakeFiles/app.dir/test_stepper_models.c.obj -c /home/joeyw/zephyr-dev/apps/stm32h753zi_stepper/tests/unit/test_stepper_models.c
/home/joeyw/zephyr-dev/apps/stm32h753zi_stepper/tests/unit/test_stepper_models.c: In function â€˜stepper_models_test_switch_and_enforceâ€™:
/home/joeyw/zephyr-dev/apps/stm32h753zi_stepper/tests/unit/test_stepper_models.c:39:9: error: the address of â€˜strict_spi_mock_registerâ€™ will always evaluate as â€˜trueâ€™ [-Werror=address]
   39 |     if ((void *)strict_spi_mock_register) {
      |         ^
cc1: all warnings being treated as errors
[7/83] Building C object CMakeFiles/app.dir/home/joeyw/zephyr-dev/apps/stm32h753zi_stepper/src/stepper_models.c.obj
FAILED: CMakeFiles/app.dir/home/joeyw/zephyr-dev/apps/stm32h753zi_stepper/src/stepper_models.c.obj 
ccache /usr/bin/gcc -DKERNEL -DK_HEAP_MEM_POOL_SIZE=0 -DTC_RUNID=7526dc86f326426fbb87a4e471940d99 -D__ZEPHYR__=1 -I/home/joeyw/zephyr-dev/twister-out/native_sim_native/host/stm32h753zi_stepper.unit/zephyr/include/generated/zephyr -I/home/joeyw/zephyr-dev/zephyr/include -I/home/joeyw/zephyr-dev/twister-out/native_sim_native/host/stm32h753zi_stepper.unit/zephyr/include/generated -I/home/joeyw/zephyr-dev/zephyr/soc/native/inf_clock -I/home/joeyw/zephyr-dev/zephyr/boards/native/native_sim -I/home/joeyw/zephyr-dev/zephyr/scripts/native_simulator/common/src/include -I/home/joeyw/zephyr-dev/zephyr/scripts/native_simulator/native/src/include -I/home/joeyw/zephyr-dev/zephyr/subsys/testsuite/include -I/home/joeyw/zephyr-dev/zephyr/subsys/testsuite/coverage -I/home/joeyw/zephyr-dev/zephyr/subsys/testsuite/ztest/include -I/home/joeyw/zephyr-dev/zephyr/subsys/settings/include -I/home/joeyw/zephyr-dev/modules/hal/ti/mspm0/source/ti/devices/msp/. -I/home/joeyw/zephyr-dev/modules/hal/ti/mspm0/source/ti/devices/msp/m0p -I/home/joeyw/zephyr-dev/modules/hal/ti/mspm0/source/ti/devices/msp/peripherals -I/home/joeyw/zephyr-dev/modules/hal/ti/mspm0/source/ti/devices/msp/peripherals/m0p -I/home/joeyw/zephyr-dev/modules/hal/ti/mspm0/source/ti/devices/msp/peripherals/m0p/sysctl -I/home/joeyw/zephyr-dev/apps/stm32h753zi_stepper/tests/unit/../../src -I/home/joeyw/zephyr-dev/apps/stm32h753zi_stepper/tests/unit/../../build/generated -fno-strict-aliasing -Werror -Os -imacros /home/joeyw/zephyr-dev/twister-out/native_sim_native/host/stm32h753zi_stepper.unit/zephyr/include/generated/zephyr/autoconf.h -fno-common -g -gdwarf-4 -fdiagnostics-color=always -Wall -Wformat -Wformat-security -Wno-format-zero-length -Wdouble-promotion -Wno-pointer-sign -Wpointer-arith -Wexpansion-to-defined -Wno-unused-but-set-variable -Werror=implicit-int -fno-pic -fno-pie -fno-asynchronous-unwind-tables -fno-reorder-functions --param=min-pagesize=0 -fno-defer-pop -fmacro-prefix-map=/home/joeyw/zephyr-dev/apps/stm32h753zi_stepper/tests/unit=CMAKE_SOURCE_DIR -fmacro-prefix-map=/home/joeyw/zephyr-dev/zephyr=ZEPHYR_BASE -fmacro-prefix-map=/home/joeyw/zephyr-dev=WEST_TOPDIR -ffunction-sections -fdata-sections -m32 -msse2 -mfpmath=sse -fvisibility=hidden -fno-freestanding -std=c11 -MD -MT CMakeFiles/app.dir/home/joeyw/zephyr-dev/apps/stm32h753zi_stepper/src/stepper_models.c.obj -MF CMakeFiles/app.dir/home/joeyw/zephyr-dev/apps/stm32h753zi_stepper/src/stepper_models.c.obj.d -o CMakeFiles/app.dir/home/joeyw/zephyr-dev/apps/stm32h753zi_stepper/src/stepper_models.c.obj -c /home/joeyw/zephyr-dev/apps/stm32h753zi_stepper/src/stepper_models.c
In file included from /home/joeyw/zephyr-dev/zephyr/include/zephyr/device.h:13,
                 from /home/joeyw/zephyr-dev/zephyr/include/zephyr/sw_isr_table.h:18,
                 from /home/joeyw/zephyr-dev/zephyr/boards/native/native_sim/../common/irq/board_irq.h:11,
                 from /home/joeyw/zephyr-dev/zephyr/boards/native/native_sim/board_irq.h:10,
                 from /home/joeyw/zephyr-dev/zephyr/soc/native/inf_clock/soc_irq.h:10,
                 from /home/joeyw/zephyr-dev/zephyr/include/zephyr/arch/posix/posix_soc_if.h:18,
                 from /home/joeyw/zephyr-dev/zephyr/include/zephyr/arch/posix/asm_inline_gcc.h:29,
                 from /home/joeyw/zephyr-dev/zephyr/include/zephyr/arch/posix/asm_inline.h:18,
                 from /home/joeyw/zephyr-dev/zephyr/include/zephyr/arch/posix/arch.h:26,
                 from /home/joeyw/zephyr-dev/zephyr/include/zephyr/arch/cpu.h:29,
                 from /home/joeyw/zephyr-dev/zephyr/include/zephyr/sys/cbprintf_internal.h:17,
                 from /home/joeyw/zephyr-dev/zephyr/include/zephyr/sys/cbprintf.h:124,
                 from /home/joeyw/zephyr-dev/zephyr/include/zephyr/logging/log_msg.h:11,
                 from /home/joeyw/zephyr-dev/zephyr/include/zephyr/logging/log_core.h:9,
                 from /home/joeyw/zephyr-dev/zephyr/include/zephyr/logging/log.h:11,
                 from /home/joeyw/zephyr-dev/apps/stm32h753zi_stepper/src/stepper_models.c:3:
/home/joeyw/zephyr-dev/zephyr/include/zephyr/init.h:169:55: error: initialization of â€˜int (*)(void)â€™ from incompatible pointer type â€˜int (*)(const struct device *)â€™ [-Werror=incompatible-pointer-types]
  169 |                 Z_INIT_ENTRY_NAME(name) = {.init_fn = (init_fn_), .dev = NULL}            \
      |                                                       ^
/home/joeyw/zephyr-dev/zephyr/include/zephyr/init.h:151:9: note: in expansion of macro â€˜SYS_INIT_NAMEDâ€™
  151 |         SYS_INIT_NAMED(init_fn, init_fn, level, prio)
      |         ^~~~~~~~~~~~~~
/home/joeyw/zephyr-dev/apps/stm32h753zi_stepper/src/stepper_models.c:99:1: note: in expansion of macro â€˜SYS_INITâ€™
   99 | SYS_INIT(stepper_settings_init, APPLICATION, CONFIG_KERNEL_INIT_PRIORITY_DEFAULT);
      | ^~~~~~~~
/home/joeyw/zephyr-dev/zephyr/include/zephyr/init.h:169:55: note: (near initialization for â€˜__init_stepper_settings_init.init_fnâ€™)
  169 |                 Z_INIT_ENTRY_NAME(name) = {.init_fn = (init_fn_), .dev = NULL}            \
      |                                                       ^
/home/joeyw/zephyr-dev/zephyr/include/zephyr/init.h:151:9: note: in expansion of macro â€˜SYS_INIT_NAMEDâ€™
  151 |         SYS_INIT_NAMED(init_fn, init_fn, level, prio)
      |         ^~~~~~~~~~~~~~
/home/joeyw/zephyr-dev/apps/stm32h753zi_stepper/src/stepper_models.c:99:1: note: in expansion of macro â€˜SYS_INITâ€™
   99 | SYS_INIT(stepper_settings_init, APPLICATION, CONFIG_KERNEL_INIT_PRIORITY_DEFAULT);
      | ^~~~~~~~
cc1: all warnings being treated as errors
[8/83] Building C object zephyr/CMakeFiles/zephyr.dir/subsys/logging/log_msg.c.obj
[9/83] Building C object zephyr/CMakeFiles/zephyr.dir/subsys/logging/log_mgmt.c.obj
[10/83] Building C object zephyr/CMakeFiles/zephyr.dir/subsys/tracing/tracing_none.c.obj
[11/83] Building C object zephyr/CMakeFiles/zephyr.dir/subsys/logging/log_core.c.obj
[12/83] Building C object zephyr/CMakeFiles/zephyr.dir/subsys/logging/log_output.c.obj
[13/83] Building C object zephyr/CMakeFiles/zephyr.dir/subsys/settings/src/settings_init.c.obj
[14/83] Building C object zephyr/CMakeFiles/zephyr.dir/subsys/settings/src/settings_store.c.obj
[15/83] Building C object zephyr/CMakeFiles/zephyr.dir/subsys/settings/src/settings.c.obj
ninja: build stopped: subcommand failed.
Loading Zephyr default modules (Zephyr base (cached)).
-- Application: /home/joeyw/zephyr-dev/apps/stm32h753zi_stepper/tests/unit
-- CMake version: 3.28.3
-- Cache files will be written to: /home/joeyw/.cache/zephyr
-- Zephyr version: 4.2.0 (/home/joeyw/zephyr-dev/zephyr)
-- Found west (found suitable version "1.4.0", minimum required is "0.14.0")
-- Board: native_sim, qualifiers: native
-- Found host-tools: zephyr 0.17.2 (/home/joeyw/zephyr-sdk-0.17.2)
-- Found toolchain: host (gcc/ld)
-- Found BOARD.dts: /home/joeyw/zephyr-dev/zephyr/boards/native/native_sim/native_sim.dts
-- Generated zephyr.dts: /home/joeyw/zephyr-dev/twister-out/native_sim_native/host/stm32h753zi_stepper.unit/zephyr/zephyr.dts
-- Generated pickled edt: /home/joeyw/zephyr-dev/twister-out/native_sim_native/host/stm32h753zi_stepper.unit/zephyr/edt.pickle
-- Generated devicetree_generated.h: /home/joeyw/zephyr-dev/twister-out/native_sim_native/host/stm32h753zi_stepper.unit/zephyr/include/generated/zephyr/devicetree_generated.h
Parsing /home/joeyw/zephyr-dev/zephyr/Kconfig
Loaded configuration '/home/joeyw/zephyr-dev/twister-out/native_sim_native/host/stm32h753zi_stepper.unit/zephyr/.config'
No change to configuration in '/home/joeyw/zephyr-dev/twister-out/native_sim_native/host/stm32h753zi_stepper.unit/zephyr/.config'
No change to Kconfig header in '/home/joeyw/zephyr-dev/twister-out/native_sim_native/host/stm32h753zi_stepper.unit/zephyr/include/generated/zephyr/autoconf.h'
-- Using ccache: /usr/bin/ccache
-- Found gen_kobject_list: /home/joeyw/zephyr-dev/zephyr/scripts/build/gen_kobject_list.py
-- Configuring done (2.5s)
-- Generating done (0.0s)
-- Build files have been written to: /home/joeyw/zephyr-dev/twister-out/native_sim_native/host/stm32h753zi_stepper.unit
[1/103] Generating misc/generated/syscalls.json, misc/generated/struct_tags.json
[2/71] Generating linker_zephyr_pre0.cmd
[3/71] Building C object zephyr/CMakeFiles/zephyr.dir/subsys/settings/src/settings_none.c.obj
[4/71] Building C object zephyr/CMakeFiles/zephyr_pre0.dir/misc/empty_file.c.obj
[5/71] Building C object zephyr/arch/arch/posix/core/CMakeFiles/arch__posix__core.dir/posix_core_nsi.c.obj
[6/71] Building C object zephyr/arch/arch/posix/core/CMakeFiles/arch__posix__core.dir/irq.c.obj
[7/71] Building C object zephyr/arch/arch/posix/core/CMakeFiles/arch__posix__core.dir/cpuhalt.c.obj
[8/71] Building C object zephyr/soc/soc/native/CMakeFiles/soc__native__inf_clock.dir/native_tasks.c.obj
[9/71] Building C object zephyr/arch/arch/posix/core/CMakeFiles/arch__posix__core.dir/swap.c.obj
[10/71] Building C object CMakeFiles/app.dir/home/joeyw/zephyr-dev/apps/stm32h753zi_stepper/src/stepper_models.c.obj
FAILED: CMakeFiles/app.dir/home/joeyw/zephyr-dev/apps/stm32h753zi_stepper/src/stepper_models.c.obj 
ccache /usr/bin/gcc -DKERNEL -DK_HEAP_MEM_POOL_SIZE=0 -DTC_RUNID=7526dc86f326426fbb87a4e471940d99 -D__ZEPHYR__=1 -I/home/joeyw/zephyr-dev/twister-out/native_sim_native/host/stm32h753zi_stepper.unit/zephyr/include/generated/zephyr -I/home/joeyw/zephyr-dev/zephyr/include -I/home/joeyw/zephyr-dev/twister-out/native_sim_native/host/stm32h753zi_stepper.unit/zephyr/include/generated -I/home/joeyw/zephyr-dev/zephyr/soc/native/inf_clock -I/home/joeyw/zephyr-dev/zephyr/boards/native/native_sim -I/home/joeyw/zephyr-dev/zephyr/scripts/native_simulator/common/src/include -I/home/joeyw/zephyr-dev/zephyr/scripts/native_simulator/native/src/include -I/home/joeyw/zephyr-dev/zephyr/subsys/testsuite/include -I/home/joeyw/zephyr-dev/zephyr/subsys/testsuite/coverage -I/home/joeyw/zephyr-dev/zephyr/subsys/testsuite/ztest/include -I/home/joeyw/zephyr-dev/zephyr/subsys/settings/include -I/home/joeyw/zephyr-dev/modules/hal/ti/mspm0/source/ti/devices/msp/. -I/home/joeyw/zephyr-dev/modules/hal/ti/mspm0/source/ti/devices/msp/m0p -I/home/joeyw/zephyr-dev/modules/hal/ti/mspm0/source/ti/devices/msp/peripherals -I/home/joeyw/zephyr-dev/modules/hal/ti/mspm0/source/ti/devices/msp/peripherals/m0p -I/home/joeyw/zephyr-dev/modules/hal/ti/mspm0/source/ti/devices/msp/peripherals/m0p/sysctl -I/home/joeyw/zephyr-dev/apps/stm32h753zi_stepper/tests/unit/../../src -I/home/joeyw/zephyr-dev/apps/stm32h753zi_stepper/tests/unit/../../build/generated -fno-strict-aliasing -Werror -Os -imacros /home/joeyw/zephyr-dev/twister-out/native_sim_native/host/stm32h753zi_stepper.unit/zephyr/include/generated/zephyr/autoconf.h -fno-common -g -gdwarf-4 -fdiagnostics-color=always -Wall -Wformat -Wformat-security -Wno-format-zero-length -Wdouble-promotion -Wno-pointer-sign -Wpointer-arith -Wexpansion-to-defined -Wno-unused-but-set-variable -Werror=implicit-int -fno-pic -fno-pie -fno-asynchronous-unwind-tables -fno-reorder-functions --param=min-pagesize=0 -fno-defer-pop -fmacro-prefix-map=/home/joeyw/zephyr-dev/apps/stm32h753zi_stepper/tests/unit=CMAKE_SOURCE_DIR -fmacro-prefix-map=/home/joeyw/zephyr-dev/zephyr=ZEPHYR_BASE -fmacro-prefix-map=/home/joeyw/zephyr-dev=WEST_TOPDIR -ffunction-sections -fdata-sections -m32 -msse2 -mfpmath=sse -fvisibility=hidden -fno-freestanding -std=c11 -MD -MT CMakeFiles/app.dir/home/joeyw/zephyr-dev/apps/stm32h753zi_stepper/src/stepper_models.c.obj -MF CMakeFiles/app.dir/home/joeyw/zephyr-dev/apps/stm32h753zi_stepper/src/stepper_models.c.obj.d -o CMakeFiles/app.dir/home/joeyw/zephyr-dev/apps/stm32h753zi_stepper/src/stepper_models.c.obj -c /home/joeyw/zephyr-dev/apps/stm32h753zi_stepper/src/stepper_models.c
In file included from /home/joeyw/zephyr-dev/zephyr/include/zephyr/device.h:13,
                 from /home/joeyw/zephyr-dev/zephyr/include/zephyr/sw_isr_table.h:18,
                 from /home/joeyw/zephyr-dev/zephyr/boards/native/native_sim/../common/irq/board_irq.h:11,
                 from /home/joeyw/zephyr-dev/zephyr/boards/native/native_sim/board_irq.h:10,
                 from /home/joeyw/zephyr-dev/zephyr/soc/native/inf_clock/soc_irq.h:10,
                 from /home/joeyw/zephyr-dev/zephyr/include/zephyr/arch/posix/posix_soc_if.h:18,
                 from /home/joeyw/zephyr-dev/zephyr/include/zephyr/arch/posix/asm_inline_gcc.h:29,
                 from /home/joeyw/zephyr-dev/zephyr/include/zephyr/arch/posix/asm_inline.h:18,
                 from /home/joeyw/zephyr-dev/zephyr/include/zephyr/arch/posix/arch.h:26,
                 from /home/joeyw/zephyr-dev/zephyr/include/zephyr/arch/cpu.h:29,
                 from /home/joeyw/zephyr-dev/zephyr/include/zephyr/sys/cbprintf_internal.h:17,
                 from /home/joeyw/zephyr-dev/zephyr/include/zephyr/sys/cbprintf.h:124,
                 from /home/joeyw/zephyr-dev/zephyr/include/zephyr/logging/log_msg.h:11,
                 from /home/joeyw/zephyr-dev/zephyr/include/zephyr/logging/log_core.h:9,
                 from /home/joeyw/zephyr-dev/zephyr/include/zephyr/logging/log.h:11,
                 from /home/joeyw/zephyr-dev/apps/stm32h753zi_stepper/src/stepper_models.c:3:
/home/joeyw/zephyr-dev/zephyr/include/zephyr/init.h:169:55: error: initialization of â€˜int (*)(void)â€™ from incompatible pointer type â€˜int (*)(const struct device *)â€™ [-Werror=incompatible-pointer-types]
  169 |                 Z_INIT_ENTRY_NAME(name) = {.init_fn = (init_fn_), .dev = NULL}            \
      |                                                       ^
/home/joeyw/zephyr-dev/zephyr/include/zephyr/init.h:151:9: note: in expansion of macro â€˜SYS_INIT_NAMEDâ€™
  151 |         SYS_INIT_NAMED(init_fn, init_fn, level, prio)
      |         ^~~~~~~~~~~~~~
/home/joeyw/zephyr-dev/apps/stm32h753zi_stepper/src/stepper_models.c:99:1: note: in expansion of macro â€˜SYS_INITâ€™
   99 | SYS_INIT(stepper_settings_init, APPLICATION, CONFIG_KERNEL_INIT_PRIORITY_DEFAULT);
      | ^~~~~~~~
/home/joeyw/zephyr-dev/zephyr/include/zephyr/init.h:169:55: note: (near initialization for â€˜__init_stepper_settings_init.init_fnâ€™)
  169 |                 Z_INIT_ENTRY_NAME(name) = {.init_fn = (init_fn_), .dev = NULL}            \
      |                                                       ^
/home/joeyw/zephyr-dev/zephyr/include/zephyr/init.h:151:9: note: in expansion of macro â€˜SYS_INIT_NAMEDâ€™
  151 |         SYS_INIT_NAMED(init_fn, init_fn, level, prio)
      |         ^~~~~~~~~~~~~~
/home/joeyw/zephyr-dev/apps/stm32h753zi_stepper/src/stepper_models.c:99:1: note: in expansion of macro â€˜SYS_INITâ€™
   99 | SYS_INIT(stepper_settings_init, APPLICATION, CONFIG_KERNEL_INIT_PRIORITY_DEFAULT);
      | ^~~~~~~~
cc1: all warnings being treated as errors
[11/71] Building C object zephyr/arch/arch/posix/core/CMakeFiles/arch__posix__core.dir/fatal.c.obj
[12/71] Building C object zephyr/soc/soc/native/CMakeFiles/soc__native__inf_clock.dir/native_remap.c.obj
[13/71] Building C object zephyr/boards/native/native_sim/CMakeFiles/boards__native__native_sim.dir/cmdline.c.obj
[14/71] Building C object CMakeFiles/app.dir/test_stepper_models.c.obj
FAILED: CMakeFiles/app.dir/test_stepper_models.c.obj 
ccache /usr/bin/gcc -DKERNEL -DK_HEAP_MEM_POOL_SIZE=0 -DTC_RUNID=7526dc86f326426fbb87a4e471940d99 -D__ZEPHYR__=1 -I/home/joeyw/zephyr-dev/twister-out/native_sim_native/host/stm32h753zi_stepper.unit/zephyr/include/generated/zephyr -I/home/joeyw/zephyr-dev/zephyr/include -I/home/joeyw/zephyr-dev/twister-out/native_sim_native/host/stm32h753zi_stepper.unit/zephyr/include/generated -I/home/joeyw/zephyr-dev/zephyr/soc/native/inf_clock -I/home/joeyw/zephyr-dev/zephyr/boards/native/native_sim -I/home/joeyw/zephyr-dev/zephyr/scripts/native_simulator/common/src/include -I/home/joeyw/zephyr-dev/zephyr/scripts/native_simulator/native/src/include -I/home/joeyw/zephyr-dev/zephyr/subsys/testsuite/include -I/home/joeyw/zephyr-dev/zephyr/subsys/testsuite/coverage -I/home/joeyw/zephyr-dev/zephyr/subsys/testsuite/ztest/include -I/home/joeyw/zephyr-dev/zephyr/subsys/settings/include -I/home/joeyw/zephyr-dev/modules/hal/ti/mspm0/source/ti/devices/msp/. -I/home/joeyw/zephyr-dev/modules/hal/ti/mspm0/source/ti/devices/msp/m0p -I/home/joeyw/zephyr-dev/modules/hal/ti/mspm0/source/ti/devices/msp/peripherals -I/home/joeyw/zephyr-dev/modules/hal/ti/mspm0/source/ti/devices/msp/peripherals/m0p -I/home/joeyw/zephyr-dev/modules/hal/ti/mspm0/source/ti/devices/msp/peripherals/m0p/sysctl -I/home/joeyw/zephyr-dev/apps/stm32h753zi_stepper/tests/unit/../../src -I/home/joeyw/zephyr-dev/apps/stm32h753zi_stepper/tests/unit/../../build/generated -fno-strict-aliasing -Werror -Os -imacros /home/joeyw/zephyr-dev/twister-out/native_sim_native/host/stm32h753zi_stepper.unit/zephyr/include/generated/zephyr/autoconf.h -fno-common -g -gdwarf-4 -fdiagnostics-color=always -Wall -Wformat -Wformat-security -Wno-format-zero-length -Wdouble-promotion -Wno-pointer-sign -Wpointer-arith -Wexpansion-to-defined -Wno-unused-but-set-variable -Werror=implicit-int -fno-pic -fno-pie -fno-asynchronous-unwind-tables -fno-reorder-functions --param=min-pagesize=0 -fno-defer-pop -fmacro-prefix-map=/home/joeyw/zephyr-dev/apps/stm32h753zi_stepper/tests/unit=CMAKE_SOURCE_DIR -fmacro-prefix-map=/home/joeyw/zephyr-dev/zephyr=ZEPHYR_BASE -fmacro-prefix-map=/home/joeyw/zephyr-dev=WEST_TOPDIR -ffunction-sections -fdata-sections -m32 -msse2 -mfpmath=sse -fvisibility=hidden -fno-freestanding -std=c11 -MD -MT CMakeFiles/app.dir/test_stepper_models.c.obj -MF CMakeFiles/app.dir/test_stepper_models.c.obj.d -o CMakeFiles/app.dir/test_stepper_models.c.obj -c /home/joeyw/zephyr-dev/apps/stm32h753zi_stepper/tests/unit/test_stepper_models.c
/home/joeyw/zephyr-dev/apps/stm32h753zi_stepper/tests/unit/test_stepper_models.c: In function â€˜stepper_models_test_switch_and_enforceâ€™:
/home/joeyw/zephyr-dev/apps/stm32h753zi_stepper/tests/unit/test_stepper_models.c:39:9: error: the address of â€˜strict_spi_mock_registerâ€™ will always evaluate as â€˜trueâ€™ [-Werror=address]
   39 |     if ((void *)strict_spi_mock_register) {
      |         ^
cc1: all warnings being treated as errors
[15/71] Building C object zephyr/arch/arch/posix/core/CMakeFiles/arch__posix__core.dir/thread.c.obj
[16/71] Building C object zephyr/CMakeFiles/zephyr.dir/subsys/settings/src/settings_line.c.obj
[17/71] Building C object zephyr/soc/soc/native/CMakeFiles/soc__native__inf_clock.dir/soc.c.obj
[18/71] Building C object zephyr/boards/native/native_sim/CMakeFiles/boards__native__native_sim.dir/cpu_wait.c.obj
[19/71] Building C object zephyr/boards/native/native_sim/CMakeFiles/boards__native__native_sim.dir/nsi_if.c.obj
ninja: build stopped: subcommand failed.

2025-09-04 16:40:58,446 - twister - INFO - ----/home/joeyw/zephyr-dev/twister-out/native_sim_native/host/stm32h753zi_stepper.unit/build.log----
2025-09-04 16:40:58,449 - twister - INFO - 1 test scenarios (1 configurations) selected, 0 configurations filtered (0 by static filter, 0 at runtime).
2025-09-04 16:40:58,449 - twister - INFO - [32m0 of 1[39m executed test configurations passed (0.00%), 0 built (not run), 0 failed, [31m1[39m errored, with no warnings in 3.97 seconds.
2025-09-04 16:40:58,450 - twister - INFO - 0 of 10 executed test cases passed (0.00%), 10 blocked on 1 out of total 1115 platforms (0.09%).
2025-09-04 16:40:58,450 - twister - INFO - [32m0[39m test configurations executed on platforms, [36m1[39m test configurations were only built.
2025-09-04 16:40:58,450 - twister - INFO - Saving reports...
2025-09-04 16:40:58,450 - twister - INFO - Writing JSON report /home/joeyw/zephyr-dev/twister-out/twister.json
2025-09-04 16:40:58,453 - twister - INFO - Writing xunit report /home/joeyw/zephyr-dev/twister-out/twister.xml...
2025-09-04 16:40:58,453 - twister - INFO - Writing xunit report /home/joeyw/zephyr-dev/twister-out/twister_report.xml...
2025-09-04 16:40:58,455 - twister - INFO - -+-+-+-+-+-+-+-+-+-+-+-+-+-+-+-+-+-+-+-+-+-+-+-+-+-+-+-+-+-+-+-+-+-+-+-+-+-+-+-+
2025-09-04 16:40:58,455 - twister - INFO - The following issues were found (showing the top 10 items):
2025-09-04 16:40:58,455 - twister - INFO - 1) stm32h753zi_stepper.unit on native_sim/native error (Build failure - error: the address of strict_spi_mock_register will always evaluate as true [-Werror=address])
2025-09-04 16:40:58,455 - twister - INFO - 
2025-09-04 16:40:58,455 - twister - INFO - To rerun the tests, call twister using the following commandline:
2025-09-04 16:40:58,455 - twister - INFO - west twister -p <PLATFORM> -s <TEST ID>, for example:
2025-09-04 16:40:58,455 - twister - INFO - 
2025-09-04 16:40:58,456 - twister - INFO - west twister -p native_sim/native -s stm32h753zi_stepper.unit
2025-09-04 16:40:58,456 - twister - INFO - or with west:
2025-09-04 16:40:58,456 - twister - INFO - west build -p -b native_sim/native apps/stm32h753zi_stepper/tests/unit -T stm32h753zi_stepper.unit
2025-09-04 16:40:58,456 - twister - INFO - -+-+-+-+-+-+-+-+-+-+-+-+-+-+-+-+-+-+-+-+-+-+-+-+-+-+-+-+-+-+-+-+-+-+-+-+-+-+-+-+
2025-09-04 16:40:58,456 - twister - INFO - Run completed
