<testsuites>
	<testsuite name="stm32h753zi_stepper.unit" time="0.01" timestamp="2025-09-04T20:22:33.499377" tests="10" failures="1" errors="0" skipped="0">
		<properties>
			<property name="version" value="v4.2.0-31-g663da2302b04" />
			<property name="platform" value="native_sim/native" />
			<property name="architecture" value="posix" />
		</properties>
		<testcase classname="stm32h753zi_stepper.unit" name="stm32h753zi_stepper.unit.l6470_codec.build_get_status_tx_and_parse" time="0.00" />
		<testcase classname="stm32h753zi_stepper.unit" name="stm32h753zi_stepper.unit.l6470_codec.pack_move_frame_dev1" time="0.00" />
		<testcase classname="stm32h753zi_stepper.unit" name="stm32h753zi_stepper.unit.l6470_codec.pack_run_frame_dev0" time="0.00" />
		<testcase classname="stm32h753zi_stepper.unit" name="stm32h753zi_stepper.unit.l6470_limits.move_rejects_too_many_steps" time="0.00" />
		<testcase classname="stm32h753zi_stepper.unit" name="stm32h753zi_stepper.unit.l6470_limits.run_rejects_high_speed" time="0.00" />
		<testcase classname="stm32h753zi_stepper.unit" name="stm32h753zi_stepper.unit.stepper_models.persist_active" time="0.00" />
		<testcase classname="stm32h753zi_stepper.unit" name="stm32h753zi_stepper.unit.stepper_models.switch_and_enforce" time="0.00" />
		<testcase classname="stm32h753zi_stepper.unit" name="stm32h753zi_stepper.unit.l6470_strict.move_frame_bytes" time="0.00" />
		<testcase classname="stm32h753zi_stepper.unit" name="stm32h753zi_stepper.unit.l6470_strict.run_frame_bytes" time="0.00" />
		<testcase classname="stm32h753zi_stepper.unit" name="stm32h753zi_stepper.unit.l6470_apply_model.program_core_params" time="0.00">
			<failure type="failure" message="Failed (rc=1)">*** Booting Zephyr OS build v4.2.0-31-g663da2302b04 ***
Running TESTSUITE l6470_apply_model
===================================================================
START - test_program_core_params

    Assertion failed at WEST_TOPDIR/apps/stm32h753zi_stepper/tests/unit/test_l6470_apply_model.c:53: l6470_apply_model_test_program_core_params: (cap_cnt &gt;= 6 is false)
expected multiple register writes, got 0
 FAIL - test_program_core_params in 0.000 seconds
===================================================================
TESTSUITE l6470_apply_model failed.
Running TESTSUITE l6470_codec
===================================================================
START - test_build_get_status_tx_and_parse
 PASS - test_build_get_status_tx_and_parse in 0.000 seconds
===================================================================
START - test_pack_move_frame_dev1
 PASS - test_pack_move_frame_dev1 in 0.000 seconds
===================================================================
START - test_pack_run_frame_dev0
 PASS - test_pack_run_frame_dev0 in 0.000 seconds
===================================================================
TESTSUITE l6470_codec succeeded
Running TESTSUITE l6470_limits
===================================================================
START - test_move_rejects_too_many_steps
[00:00:00.000,000] &lt;err&gt; l6470: Requested steps 8388608 exceeds configured max 8388607
 PASS - test_move_rejects_too_many_steps in 0.000 seconds
===================================================================
START - test_run_rejects_high_speed
[00:00:00.000,000] &lt;err&gt; l6470: Requested speed 1300 exceeds model max 1200
 PASS - test_run_rejects_high_speed in 0.000 seconds
===================================================================
TESTSUITE l6470_limits succeeded
Running TESTSUITE l6470_strict
===================================================================
START - test_move_frame_bytes
 PASS - test_move_frame_bytes in 0.000 seconds
===================================================================
START - test_run_frame_bytes
 PASS - test_run_frame_bytes in 0.000 seconds
===================================================================
TESTSUITE l6470_strict succeeded
Running TESTSUITE stepper_models
===================================================================
START - test_persist_active
[00:00:00.000,000] &lt;inf&gt; l6470: Active model for axis 1 set to 17HS3001-20B
[00:00:00.000,000] &lt;err&gt; l6470: Failed to persist active model indices: -2
[00:00:00.000,000] &lt;err&gt; l6470: Failed to persist active model indices: -2
 PASS - test_persist_active in 0.000 seconds
===================================================================
START - test_switch_and_enforce
[00:00:00.000,000] &lt;inf&gt; l6470: Active model for axis 0 set to 17HS3001-20B
[00:00:00.000,000] &lt;err&gt; l6470: Failed to persist active model indices: -2
[00:00:00.000,000] &lt;err&gt; l6470: Requested speed 2200 exceeds model max 1200
[00:00:00.000,000] &lt;inf&gt; l6470: Active model for axis 0 set to NEMA23-HighTorque
[00:00:00.000,000] &lt;err&gt; l6470: Failed to persist active model indices: -2
[00:00:00.000,000] &lt;err&gt; l6470: Requested speed 3000 exceeds model max 2000
[00:00:00.000,000] &lt;inf&gt; l6470: RUN cmd sent to dev 0 dir=0 speed=1999
 PASS - test_switch_and_enforce in 0.000 seconds
===================================================================
TESTSUITE stepper_models succeeded

------ TESTSUITE SUMMARY START ------

SUITE FAIL -   0.00% [l6470_apply_model]: pass = 0, fail = 1, skip = 0, total = 1 duration = 0.000 seconds
 - FAIL - [l6470_apply_model.test_program_core_params] duration = 0.000 seconds

SUITE PASS - 100.00% [l6470_codec]: pass = 3, fail = 0, skip = 0, total = 3 duration = 0.000 seconds
 - PASS - [l6470_codec.test_build_get_status_tx_and_parse] duration = 0.000 seconds
 - PASS - [l6470_codec.test_pack_move_frame_dev1] duration = 0.000 seconds
 - PASS - [l6470_codec.test_pack_run_frame_dev0] duration = 0.000 seconds

SUITE PASS - 100.00% [l6470_limits]: pass = 2, fail = 0, skip = 0, total = 2 duration = 0.000 seconds
 - PASS - [l6470_limits.test_move_rejects_too_many_steps] duration = 0.000 seconds
 - PASS - [l6470_limits.test_run_rejects_high_speed] duration = 0.000 seconds

SUITE PASS - 100.00% [l6470_strict]: pass = 2, fail = 0, skip = 0, total = 2 duration = 0.000 seconds
 - PASS - [l6470_strict.test_move_frame_bytes] duration = 0.000 seconds
 - PASS - [l6470_strict.test_run_frame_bytes] duration = 0.000 seconds

SUITE PASS - 100.00% [stepper_models]: pass = 2, fail = 0, skip = 0, total = 2 duration = 0.000 seconds
 - PASS - [stepper_models.test_persist_active] duration = 0.000 seconds
 - PASS - [stepper_models.test_switch_and_enforce] duration = 0.000 seconds

------ TESTSUITE SUMMARY END ------

===================================================================
RunID: 4aa68fbd3234c45e9fe646f5eebdcc3d
PROJECT EXECUTION FAILED
</failure>
		</testcase>
	</testsuite>
</testsuites>