Loading Zephyr default modules (Zephyr base).
-- Application: /home/joeyw/zephyr-dev/apps/stm32h753zi_stepper/tests/unit
-- CMake version: 3.28.3
-- Found Python3: /home/joeyw/zephyr-dev/.venv/bin/python3 (found suitable version "3.12.3", minimum required is "3.10") found components: Interpreter 
-- Cache files will be written to: /home/joeyw/.cache/zephyr
-- Zephyr version: 4.2.0 (/home/joeyw/zephyr-dev/zephyr)
-- Found west (found suitable version "1.4.0", minimum required is "0.14.0")
-- Board: native_sim, qualifiers: native
-- Found host-tools: zephyr 0.17.2 (/home/joeyw/zephyr-sdk-0.17.2)
-- Found toolchain: host (gcc/ld)
-- Found Dtc: /home/joeyw/zephyr-sdk-0.17.2/sysroots/x86_64-pokysdk-linux/usr/bin/dtc (found suitable version "1.7.0", minimum required is "1.4.6") 
-- Found BOARD.dts: /home/joeyw/zephyr-dev/zephyr/boards/native/native_sim/native_sim.dts
-- Generated zephyr.dts: /home/joeyw/zephyr-dev/twister-out/native_sim_native/host/stm32h753zi_stepper.unit/zephyr/zephyr.dts
-- Generated pickled edt: /home/joeyw/zephyr-dev/twister-out/native_sim_native/host/stm32h753zi_stepper.unit/zephyr/edt.pickle
-- Generated devicetree_generated.h: /home/joeyw/zephyr-dev/twister-out/native_sim_native/host/stm32h753zi_stepper.unit/zephyr/include/generated/zephyr/devicetree_generated.h

warning: The choice symbol SETTINGS_FILE (defined at subsys/settings/Kconfig:75) was selected (set
=y), but SETTINGS_NONE (defined at subsys/settings/Kconfig:112) ended up as the choice selection.
See http://docs.zephyrproject.org/latest/kconfig.html#CONFIG_SETTINGS_FILE and/or look up
SETTINGS_FILE in the menuconfig/guiconfig interface. The Application Development Primer, Setting
Configuration Values, and Kconfig - Tips and Best Practices sections of the manual might be helpful
too.

Parsing /home/joeyw/zephyr-dev/zephyr/Kconfig
Loaded configuration '/home/joeyw/zephyr-dev/zephyr/boards/native/native_sim/native_sim_defconfig'
Merged configuration '/home/joeyw/zephyr-dev/apps/stm32h753zi_stepper/tests/unit/prj.conf'
Merged configuration '/home/joeyw/zephyr-dev/twister-out/native_sim_native/host/stm32h753zi_stepper.unit/zephyr/misc/generated/extra_kconfig_options.conf'
Configuration saved to '/home/joeyw/zephyr-dev/twister-out/native_sim_native/host/stm32h753zi_stepper.unit/zephyr/.config'
Kconfig header saved to '/home/joeyw/zephyr-dev/twister-out/native_sim_native/host/stm32h753zi_stepper.unit/zephyr/include/generated/zephyr/autoconf.h'
-- Found GnuLd: /usr/bin/ld.bfd (found version "2.42") 
-- The C compiler identification is GNU 13.3.0
-- The CXX compiler identification is GNU 13.3.0
-- The ASM compiler identification is GNU
-- Found assembler: /usr/bin/gcc
-- Using ccache: /usr/bin/ccache
-- Found gen_kobject_list: /home/joeyw/zephyr-dev/zephyr/scripts/build/gen_kobject_list.py
-- Configuring done (2.8s)
-- Generating done (0.0s)
CMake Warning:
  Manually-specified variables were not used by the project:

    TC_NAME


-- Build files have been written to: /home/joeyw/zephyr-dev/twister-out/native_sim_native/host/stm32h753zi_stepper.unit
[1/111] Preparing syscall dependency handling

[2/111] Generating include/generated/zephyr/version.h
-- Zephyr version: 4.2.0 (/home/joeyw/zephyr-dev/zephyr), build: v4.2.0-31-g663da2302b04
[3/111] Generating misc/generated/syscalls_subdirs.trigger
[4/111] Generating misc/generated/syscalls.json, misc/generated/struct_tags.json
[5/111] Generating include/generated/device-api-sections.ld, include/generated/device-api-sections.cmake
[6/111] Generating include/generated/zephyr/syscall_dispatch.c, include/generated/zephyr/syscall_exports_llext.c, syscall_weakdefs_llext.c, include/generated/zephyr/syscall_list.h
[7/111] Generating include/generated/zephyr/driver-validation.h
[8/111] Generating include/generated/zephyr/kobj-types-enum.h, include/generated/zephyr/otype-to-str.h, include/generated/zephyr/otype-to-size.h
[9/111] Building C object zephyr/CMakeFiles/offsets.dir/arch/posix/core/offsets/offsets.c.obj
[10/111] Generating include/generated/zephyr/offsets.h
[11/111] Building C object CMakeFiles/app.dir/test_l6470_strict_frames.c.obj
[12/111] Building C object CMakeFiles/app.dir/test_stepper_models.c.obj
FAILED: CMakeFiles/app.dir/test_stepper_models.c.obj 
ccache /usr/bin/gcc -DKERNEL -DK_HEAP_MEM_POOL_SIZE=0 -DTC_RUNID=7526dc86f326426fbb87a4e471940d99 -D__ZEPHYR__=1 -I/home/joeyw/zephyr-dev/twister-out/native_sim_native/host/stm32h753zi_stepper.unit/zephyr/include/generated/zephyr -I/home/joeyw/zephyr-dev/zephyr/include -I/home/joeyw/zephyr-dev/twister-out/native_sim_native/host/stm32h753zi_stepper.unit/zephyr/include/generated -I/home/joeyw/zephyr-dev/zephyr/soc/native/inf_clock -I/home/joeyw/zephyr-dev/zephyr/boards/native/native_sim -I/home/joeyw/zephyr-dev/zephyr/scripts/native_simulator/common/src/include -I/home/joeyw/zephyr-dev/zephyr/scripts/native_simulator/native/src/include -I/home/joeyw/zephyr-dev/zephyr/subsys/testsuite/include -I/home/joeyw/zephyr-dev/zephyr/subsys/testsuite/coverage -I/home/joeyw/zephyr-dev/zephyr/subsys/testsuite/ztest/include -I/home/joeyw/zephyr-dev/zephyr/subsys/settings/include -I/home/joeyw/zephyr-dev/modules/hal/ti/mspm0/source/ti/devices/msp/. -I/home/joeyw/zephyr-dev/modules/hal/ti/mspm0/source/ti/devices/msp/m0p -I/home/joeyw/zephyr-dev/modules/hal/ti/mspm0/source/ti/devices/msp/peripherals -I/home/joeyw/zephyr-dev/modules/hal/ti/mspm0/source/ti/devices/msp/peripherals/m0p -I/home/joeyw/zephyr-dev/modules/hal/ti/mspm0/source/ti/devices/msp/peripherals/m0p/sysctl -I/home/joeyw/zephyr-dev/apps/stm32h753zi_stepper/tests/unit/../../src -I/home/joeyw/zephyr-dev/apps/stm32h753zi_stepper/tests/unit/../../build/generated -fno-strict-aliasing -Werror -Os -imacros /home/joeyw/zephyr-dev/twister-out/native_sim_native/host/stm32h753zi_stepper.unit/zephyr/include/generated/zephyr/autoconf.h -fno-common -g -gdwarf-4 -fdiagnostics-color=always -Wall -Wformat -Wformat-security -Wno-format-zero-length -Wdouble-promotion -Wno-pointer-sign -Wpointer-arith -Wexpansion-to-defined -Wno-unused-but-set-variable -Werror=implicit-int -fno-pic -fno-pie -fno-asynchronous-unwind-tables -fno-reorder-functions --param=min-pagesize=0 -fno-defer-pop -fmacro-prefix-map=/home/joeyw/zephyr-dev/apps/stm32h753zi_stepper/tests/unit=CMAKE_SOURCE_DIR -fmacro-prefix-map=/home/joeyw/zephyr-dev/zephyr=ZEPHYR_BASE -fmacro-prefix-map=/home/joeyw/zephyr-dev=WEST_TOPDIR -ffunction-sections -fdata-sections -m32 -msse2 -mfpmath=sse -fvisibility=hidden -fno-freestanding -std=c11 -MD -MT CMakeFiles/app.dir/test_stepper_models.c.obj -MF CMakeFiles/app.dir/test_stepper_models.c.obj.d -o CMakeFiles/app.dir/test_stepper_models.c.obj -c /home/joeyw/zephyr-dev/apps/stm32h753zi_stepper/tests/unit/test_stepper_models.c
/home/joeyw/zephyr-dev/apps/stm32h753zi_stepper/tests/unit/test_stepper_models.c: In function ‘stepper_models_test_switch_and_enforce’:
/home/joeyw/zephyr-dev/apps/stm32h753zi_stepper/tests/unit/test_stepper_models.c:39:9: error: the address of ‘strict_spi_mock_register’ will always evaluate as ‘true’ [-Werror=address]
   39 |     if ((void *)strict_spi_mock_register) {
      |         ^
cc1: all warnings being treated as errors
[13/111] Building C object CMakeFiles/app.dir/test_l6470_limits.c.obj
[14/111] Building C object CMakeFiles/app.dir/strict_spi_mock.c.obj
[15/111] Building C object CMakeFiles/app.dir/test_l6470_codec.c.obj
[16/111] Building C object CMakeFiles/app.dir/home/joeyw/zephyr-dev/apps/stm32h753zi_stepper/src/stepper_models.c.obj
FAILED: CMakeFiles/app.dir/home/joeyw/zephyr-dev/apps/stm32h753zi_stepper/src/stepper_models.c.obj 
ccache /usr/bin/gcc -DKERNEL -DK_HEAP_MEM_POOL_SIZE=0 -DTC_RUNID=7526dc86f326426fbb87a4e471940d99 -D__ZEPHYR__=1 -I/home/joeyw/zephyr-dev/twister-out/native_sim_native/host/stm32h753zi_stepper.unit/zephyr/include/generated/zephyr -I/home/joeyw/zephyr-dev/zephyr/include -I/home/joeyw/zephyr-dev/twister-out/native_sim_native/host/stm32h753zi_stepper.unit/zephyr/include/generated -I/home/joeyw/zephyr-dev/zephyr/soc/native/inf_clock -I/home/joeyw/zephyr-dev/zephyr/boards/native/native_sim -I/home/joeyw/zephyr-dev/zephyr/scripts/native_simulator/common/src/include -I/home/joeyw/zephyr-dev/zephyr/scripts/native_simulator/native/src/include -I/home/joeyw/zephyr-dev/zephyr/subsys/testsuite/include -I/home/joeyw/zephyr-dev/zephyr/subsys/testsuite/coverage -I/home/joeyw/zephyr-dev/zephyr/subsys/testsuite/ztest/include -I/home/joeyw/zephyr-dev/zephyr/subsys/settings/include -I/home/joeyw/zephyr-dev/modules/hal/ti/mspm0/source/ti/devices/msp/. -I/home/joeyw/zephyr-dev/modules/hal/ti/mspm0/source/ti/devices/msp/m0p -I/home/joeyw/zephyr-dev/modules/hal/ti/mspm0/source/ti/devices/msp/peripherals -I/home/joeyw/zephyr-dev/modules/hal/ti/mspm0/source/ti/devices/msp/peripherals/m0p -I/home/joeyw/zephyr-dev/modules/hal/ti/mspm0/source/ti/devices/msp/peripherals/m0p/sysctl -I/home/joeyw/zephyr-dev/apps/stm32h753zi_stepper/tests/unit/../../src -I/home/joeyw/zephyr-dev/apps/stm32h753zi_stepper/tests/unit/../../build/generated -fno-strict-aliasing -Werror -Os -imacros /home/joeyw/zephyr-dev/twister-out/native_sim_native/host/stm32h753zi_stepper.unit/zephyr/include/generated/zephyr/autoconf.h -fno-common -g -gdwarf-4 -fdiagnostics-color=always -Wall -Wformat -Wformat-security -Wno-format-zero-length -Wdouble-promotion -Wno-pointer-sign -Wpointer-arith -Wexpansion-to-defined -Wno-unused-but-set-variable -Werror=implicit-int -fno-pic -fno-pie -fno-asynchronous-unwind-tables -fno-reorder-functions --param=min-pagesize=0 -fno-defer-pop -fmacro-prefix-map=/home/joeyw/zephyr-dev/apps/stm32h753zi_stepper/tests/unit=CMAKE_SOURCE_DIR -fmacro-prefix-map=/home/joeyw/zephyr-dev/zephyr=ZEPHYR_BASE -fmacro-prefix-map=/home/joeyw/zephyr-dev=WEST_TOPDIR -ffunction-sections -fdata-sections -m32 -msse2 -mfpmath=sse -fvisibility=hidden -fno-freestanding -std=c11 -MD -MT CMakeFiles/app.dir/home/joeyw/zephyr-dev/apps/stm32h753zi_stepper/src/stepper_models.c.obj -MF CMakeFiles/app.dir/home/joeyw/zephyr-dev/apps/stm32h753zi_stepper/src/stepper_models.c.obj.d -o CMakeFiles/app.dir/home/joeyw/zephyr-dev/apps/stm32h753zi_stepper/src/stepper_models.c.obj -c /home/joeyw/zephyr-dev/apps/stm32h753zi_stepper/src/stepper_models.c
In file included from /home/joeyw/zephyr-dev/zephyr/include/zephyr/device.h:13,
                 from /home/joeyw/zephyr-dev/zephyr/include/zephyr/sw_isr_table.h:18,
                 from /home/joeyw/zephyr-dev/zephyr/boards/native/native_sim/../common/irq/board_irq.h:11,
                 from /home/joeyw/zephyr-dev/zephyr/boards/native/native_sim/board_irq.h:10,
                 from /home/joeyw/zephyr-dev/zephyr/soc/native/inf_clock/soc_irq.h:10,
                 from /home/joeyw/zephyr-dev/zephyr/include/zephyr/arch/posix/posix_soc_if.h:18,
                 from /home/joeyw/zephyr-dev/zephyr/include/zephyr/arch/posix/asm_inline_gcc.h:29,
                 from /home/joeyw/zephyr-dev/zephyr/include/zephyr/arch/posix/asm_inline.h:18,
                 from /home/joeyw/zephyr-dev/zephyr/include/zephyr/arch/posix/arch.h:26,
                 from /home/joeyw/zephyr-dev/zephyr/include/zephyr/arch/cpu.h:29,
                 from /home/joeyw/zephyr-dev/zephyr/include/zephyr/sys/cbprintf_internal.h:17,
                 from /home/joeyw/zephyr-dev/zephyr/include/zephyr/sys/cbprintf.h:124,
                 from /home/joeyw/zephyr-dev/zephyr/include/zephyr/logging/log_msg.h:11,
                 from /home/joeyw/zephyr-dev/zephyr/include/zephyr/logging/log_core.h:9,
                 from /home/joeyw/zephyr-dev/zephyr/include/zephyr/logging/log.h:11,
                 from /home/joeyw/zephyr-dev/apps/stm32h753zi_stepper/src/stepper_models.c:3:
/home/joeyw/zephyr-dev/zephyr/include/zephyr/init.h:169:55: error: initialization of ‘int (*)(void)’ from incompatible pointer type ‘int (*)(const struct device *)’ [-Werror=incompatible-pointer-types]
  169 |                 Z_INIT_ENTRY_NAME(name) = {.init_fn = (init_fn_), .dev = NULL}            \
      |                                                       ^
/home/joeyw/zephyr-dev/zephyr/include/zephyr/init.h:151:9: note: in expansion of macro ‘SYS_INIT_NAMED’
  151 |         SYS_INIT_NAMED(init_fn, init_fn, level, prio)
      |         ^~~~~~~~~~~~~~
/home/joeyw/zephyr-dev/apps/stm32h753zi_stepper/src/stepper_models.c:99:1: note: in expansion of macro ‘SYS_INIT’
   99 | SYS_INIT(stepper_settings_init, APPLICATION, CONFIG_KERNEL_INIT_PRIORITY_DEFAULT);
      | ^~~~~~~~
/home/joeyw/zephyr-dev/zephyr/include/zephyr/init.h:169:55: note: (near initialization for ‘__init_stepper_settings_init.init_fn’)
  169 |                 Z_INIT_ENTRY_NAME(name) = {.init_fn = (init_fn_), .dev = NULL}            \
      |                                                       ^
/home/joeyw/zephyr-dev/zephyr/include/zephyr/init.h:151:9: note: in expansion of macro ‘SYS_INIT_NAMED’
  151 |         SYS_INIT_NAMED(init_fn, init_fn, level, prio)
      |         ^~~~~~~~~~~~~~
/home/joeyw/zephyr-dev/apps/stm32h753zi_stepper/src/stepper_models.c:99:1: note: in expansion of macro ‘SYS_INIT’
   99 | SYS_INIT(stepper_settings_init, APPLICATION, CONFIG_KERNEL_INIT_PRIORITY_DEFAULT);
      | ^~~~~~~~
cc1: all warnings being treated as errors
[17/111] Building C object zephyr/CMakeFiles/zephyr.dir/lib/os/cbprintf_packaged.c.obj
[18/111] Building C object zephyr/CMakeFiles/zephyr.dir/lib/os/clock.c.obj
[19/111] Building C object CMakeFiles/app.dir/home/joeyw/zephyr-dev/apps/stm32h753zi_stepper/src/l6470.c.obj
[20/111] Building C object zephyr/CMakeFiles/zephyr.dir/lib/os/printk.c.obj
[21/111] Building C object zephyr/CMakeFiles/zephyr.dir/lib/heap/heap.c.obj
ninja: build stopped: subcommand failed.
Loading Zephyr default modules (Zephyr base (cached)).
-- Application: /home/joeyw/zephyr-dev/apps/stm32h753zi_stepper/tests/unit
-- CMake version: 3.28.3
-- Found Python3: /home/joeyw/zephyr-dev/.venv/bin/python (found suitable version "3.12.3", minimum required is "3.10") found components: Interpreter 
-- Cache files will be written to: /home/joeyw/.cache/zephyr
-- Zephyr version: 4.2.0 (/home/joeyw/zephyr-dev/zephyr)
-- Found west (found suitable version "1.4.0", minimum required is "0.14.0")
-- Board: native_sim, qualifiers: native
-- Found host-tools: zephyr 0.17.2 (/home/joeyw/zephyr-sdk-0.17.2)
-- Found toolchain: host (gcc/ld)
-- Found BOARD.dts: /home/joeyw/zephyr-dev/zephyr/boards/native/native_sim/native_sim.dts
-- Generated zephyr.dts: /home/joeyw/zephyr-dev/twister-out/native_sim_native/host/stm32h753zi_stepper.unit/zephyr/zephyr.dts
-- Generated pickled edt: /home/joeyw/zephyr-dev/twister-out/native_sim_native/host/stm32h753zi_stepper.unit/zephyr/edt.pickle
-- Generated devicetree_generated.h: /home/joeyw/zephyr-dev/twister-out/native_sim_native/host/stm32h753zi_stepper.unit/zephyr/include/generated/zephyr/devicetree_generated.h
Parsing /home/joeyw/zephyr-dev/zephyr/Kconfig
Loaded configuration '/home/joeyw/zephyr-dev/zephyr/boards/native/native_sim/native_sim_defconfig'
Merged configuration '/home/joeyw/zephyr-dev/apps/stm32h753zi_stepper/tests/unit/prj.conf'
Merged configuration '/home/joeyw/zephyr-dev/twister-out/native_sim_native/host/stm32h753zi_stepper.unit/zephyr/misc/generated/extra_kconfig_options.conf'
No change to configuration in '/home/joeyw/zephyr-dev/twister-out/native_sim_native/host/stm32h753zi_stepper.unit/zephyr/.config'
No change to Kconfig header in '/home/joeyw/zephyr-dev/twister-out/native_sim_native/host/stm32h753zi_stepper.unit/zephyr/include/generated/zephyr/autoconf.h'
-- Using ccache: /usr/bin/ccache
-- Found gen_kobject_list: /home/joeyw/zephyr-dev/zephyr/scripts/build/gen_kobject_list.py
-- Configuring done (2.6s)
-- Generating done (0.0s)
-- Build files have been written to: /home/joeyw/zephyr-dev/twister-out/native_sim_native/host/stm32h753zi_stepper.unit
[1/109] Generating misc/generated/syscalls_subdirs.trigger
[2/109] Generating misc/generated/syscalls.json, misc/generated/struct_tags.json
[3/109] Generating include/generated/device-api-sections.ld, include/generated/device-api-sections.cmake
[4/109] Generating include/generated/zephyr/syscall_dispatch.c, include/generated/zephyr/syscall_exports_llext.c, syscall_weakdefs_llext.c, include/generated/zephyr/syscall_list.h
[5/109] Generating include/generated/zephyr/driver-validation.h
[6/109] Generating include/generated/zephyr/kobj-types-enum.h, include/generated/zephyr/otype-to-str.h, include/generated/zephyr/otype-to-size.h
[7/109] Building C object zephyr/CMakeFiles/offsets.dir/arch/posix/core/offsets/offsets.c.obj
[8/109] Generating include/generated/zephyr/offsets.h
[9/109] Building C object CMakeFiles/app.dir/test_l6470_codec.c.obj
[10/109] Building C object CMakeFiles/app.dir/test_l6470_limits.c.obj
[11/109] Building C object CMakeFiles/app.dir/test_l6470_strict_frames.c.obj
[12/109] Building C object CMakeFiles/app.dir/strict_spi_mock.c.obj
[13/109] Building C object CMakeFiles/app.dir/home/joeyw/zephyr-dev/apps/stm32h753zi_stepper/src/l6470.c.obj
[14/109] Building C object zephyr/CMakeFiles/zephyr.dir/lib/os/cbprintf_packaged.c.obj
[15/109] Building C object zephyr/CMakeFiles/zephyr.dir/lib/os/clock.c.obj
[16/109] Building C object zephyr/CMakeFiles/zephyr.dir/lib/os/printk.c.obj
[17/109] Building C object zephyr/CMakeFiles/zephyr.dir/lib/heap/heap.c.obj
[18/109] Building C object zephyr/CMakeFiles/zephyr.dir/lib/utils/dec.c.obj
[19/109] Building C object zephyr/CMakeFiles/zephyr.dir/lib/os/thread_entry.c.obj
[20/109] Building C object CMakeFiles/app.dir/test_stepper_models.c.obj
FAILED: CMakeFiles/app.dir/test_stepper_models.c.obj 
ccache /usr/bin/gcc -DKERNEL -DK_HEAP_MEM_POOL_SIZE=0 -DTC_RUNID=7526dc86f326426fbb87a4e471940d99 -D__ZEPHYR__=1 -I/home/joeyw/zephyr-dev/twister-out/native_sim_native/host/stm32h753zi_stepper.unit/zephyr/include/generated/zephyr -I/home/joeyw/zephyr-dev/zephyr/include -I/home/joeyw/zephyr-dev/twister-out/native_sim_native/host/stm32h753zi_stepper.unit/zephyr/include/generated -I/home/joeyw/zephyr-dev/zephyr/soc/native/inf_clock -I/home/joeyw/zephyr-dev/zephyr/boards/native/native_sim -I/home/joeyw/zephyr-dev/zephyr/scripts/native_simulator/common/src/include -I/home/joeyw/zephyr-dev/zephyr/scripts/native_simulator/native/src/include -I/home/joeyw/zephyr-dev/zephyr/subsys/testsuite/include -I/home/joeyw/zephyr-dev/zephyr/subsys/testsuite/coverage -I/home/joeyw/zephyr-dev/zephyr/subsys/testsuite/ztest/include -I/home/joeyw/zephyr-dev/zephyr/subsys/settings/include -I/home/joeyw/zephyr-dev/modules/hal/ti/mspm0/source/ti/devices/msp/. -I/home/joeyw/zephyr-dev/modules/hal/ti/mspm0/source/ti/devices/msp/m0p -I/home/joeyw/zephyr-dev/modules/hal/ti/mspm0/source/ti/devices/msp/peripherals -I/home/joeyw/zephyr-dev/modules/hal/ti/mspm0/source/ti/devices/msp/peripherals/m0p -I/home/joeyw/zephyr-dev/modules/hal/ti/mspm0/source/ti/devices/msp/peripherals/m0p/sysctl -I/home/joeyw/zephyr-dev/apps/stm32h753zi_stepper/tests/unit/../../src -I/home/joeyw/zephyr-dev/apps/stm32h753zi_stepper/tests/unit/../../build/generated -fno-strict-aliasing -Werror -Os -imacros /home/joeyw/zephyr-dev/twister-out/native_sim_native/host/stm32h753zi_stepper.unit/zephyr/include/generated/zephyr/autoconf.h -fno-common -g -gdwarf-4 -fdiagnostics-color=always -Wall -Wformat -Wformat-security -Wno-format-zero-length -Wdouble-promotion -Wno-pointer-sign -Wpointer-arith -Wexpansion-to-defined -Wno-unused-but-set-variable -Werror=implicit-int -fno-pic -fno-pie -fno-asynchronous-unwind-tables -fno-reorder-functions --param=min-pagesize=0 -fno-defer-pop -fmacro-prefix-map=/home/joeyw/zephyr-dev/apps/stm32h753zi_stepper/tests/unit=CMAKE_SOURCE_DIR -fmacro-prefix-map=/home/joeyw/zephyr-dev/zephyr=ZEPHYR_BASE -fmacro-prefix-map=/home/joeyw/zephyr-dev=WEST_TOPDIR -ffunction-sections -fdata-sections -m32 -msse2 -mfpmath=sse -fvisibility=hidden -fno-freestanding -std=c11 -MD -MT CMakeFiles/app.dir/test_stepper_models.c.obj -MF CMakeFiles/app.dir/test_stepper_models.c.obj.d -o CMakeFiles/app.dir/test_stepper_models.c.obj -c /home/joeyw/zephyr-dev/apps/stm32h753zi_stepper/tests/unit/test_stepper_models.c
/home/joeyw/zephyr-dev/apps/stm32h753zi_stepper/tests/unit/test_stepper_models.c: In function ‘stepper_models_test_switch_and_enforce’:
/home/joeyw/zephyr-dev/apps/stm32h753zi_stepper/tests/unit/test_stepper_models.c:39:9: error: the address of ‘strict_spi_mock_register’ will always evaluate as ‘true’ [-Werror=address]
   39 |     if ((void *)strict_spi_mock_register) {
      |         ^
cc1: all warnings being treated as errors
[21/109] Building C object zephyr/CMakeFiles/zephyr.dir/lib/os/assert.c.obj
[22/109] Building C object zephyr/CMakeFiles/zephyr.dir/lib/os/cbprintf.c.obj
[23/109] Building C object CMakeFiles/app.dir/home/joeyw/zephyr-dev/apps/stm32h753zi_stepper/src/stepper_models.c.obj
FAILED: CMakeFiles/app.dir/home/joeyw/zephyr-dev/apps/stm32h753zi_stepper/src/stepper_models.c.obj 
ccache /usr/bin/gcc -DKERNEL -DK_HEAP_MEM_POOL_SIZE=0 -DTC_RUNID=7526dc86f326426fbb87a4e471940d99 -D__ZEPHYR__=1 -I/home/joeyw/zephyr-dev/twister-out/native_sim_native/host/stm32h753zi_stepper.unit/zephyr/include/generated/zephyr -I/home/joeyw/zephyr-dev/zephyr/include -I/home/joeyw/zephyr-dev/twister-out/native_sim_native/host/stm32h753zi_stepper.unit/zephyr/include/generated -I/home/joeyw/zephyr-dev/zephyr/soc/native/inf_clock -I/home/joeyw/zephyr-dev/zephyr/boards/native/native_sim -I/home/joeyw/zephyr-dev/zephyr/scripts/native_simulator/common/src/include -I/home/joeyw/zephyr-dev/zephyr/scripts/native_simulator/native/src/include -I/home/joeyw/zephyr-dev/zephyr/subsys/testsuite/include -I/home/joeyw/zephyr-dev/zephyr/subsys/testsuite/coverage -I/home/joeyw/zephyr-dev/zephyr/subsys/testsuite/ztest/include -I/home/joeyw/zephyr-dev/zephyr/subsys/settings/include -I/home/joeyw/zephyr-dev/modules/hal/ti/mspm0/source/ti/devices/msp/. -I/home/joeyw/zephyr-dev/modules/hal/ti/mspm0/source/ti/devices/msp/m0p -I/home/joeyw/zephyr-dev/modules/hal/ti/mspm0/source/ti/devices/msp/peripherals -I/home/joeyw/zephyr-dev/modules/hal/ti/mspm0/source/ti/devices/msp/peripherals/m0p -I/home/joeyw/zephyr-dev/modules/hal/ti/mspm0/source/ti/devices/msp/peripherals/m0p/sysctl -I/home/joeyw/zephyr-dev/apps/stm32h753zi_stepper/tests/unit/../../src -I/home/joeyw/zephyr-dev/apps/stm32h753zi_stepper/tests/unit/../../build/generated -fno-strict-aliasing -Werror -Os -imacros /home/joeyw/zephyr-dev/twister-out/native_sim_native/host/stm32h753zi_stepper.unit/zephyr/include/generated/zephyr/autoconf.h -fno-common -g -gdwarf-4 -fdiagnostics-color=always -Wall -Wformat -Wformat-security -Wno-format-zero-length -Wdouble-promotion -Wno-pointer-sign -Wpointer-arith -Wexpansion-to-defined -Wno-unused-but-set-variable -Werror=implicit-int -fno-pic -fno-pie -fno-asynchronous-unwind-tables -fno-reorder-functions --param=min-pagesize=0 -fno-defer-pop -fmacro-prefix-map=/home/joeyw/zephyr-dev/apps/stm32h753zi_stepper/tests/unit=CMAKE_SOURCE_DIR -fmacro-prefix-map=/home/joeyw/zephyr-dev/zephyr=ZEPHYR_BASE -fmacro-prefix-map=/home/joeyw/zephyr-dev=WEST_TOPDIR -ffunction-sections -fdata-sections -m32 -msse2 -mfpmath=sse -fvisibility=hidden -fno-freestanding -std=c11 -MD -MT CMakeFiles/app.dir/home/joeyw/zephyr-dev/apps/stm32h753zi_stepper/src/stepper_models.c.obj -MF CMakeFiles/app.dir/home/joeyw/zephyr-dev/apps/stm32h753zi_stepper/src/stepper_models.c.obj.d -o CMakeFiles/app.dir/home/joeyw/zephyr-dev/apps/stm32h753zi_stepper/src/stepper_models.c.obj -c /home/joeyw/zephyr-dev/apps/stm32h753zi_stepper/src/stepper_models.c
In file included from /home/joeyw/zephyr-dev/zephyr/include/zephyr/device.h:13,
                 from /home/joeyw/zephyr-dev/zephyr/include/zephyr/sw_isr_table.h:18,
                 from /home/joeyw/zephyr-dev/zephyr/boards/native/native_sim/../common/irq/board_irq.h:11,
                 from /home/joeyw/zephyr-dev/zephyr/boards/native/native_sim/board_irq.h:10,
                 from /home/joeyw/zephyr-dev/zephyr/soc/native/inf_clock/soc_irq.h:10,
                 from /home/joeyw/zephyr-dev/zephyr/include/zephyr/arch/posix/posix_soc_if.h:18,
                 from /home/joeyw/zephyr-dev/zephyr/include/zephyr/arch/posix/asm_inline_gcc.h:29,
                 from /home/joeyw/zephyr-dev/zephyr/include/zephyr/arch/posix/asm_inline.h:18,
                 from /home/joeyw/zephyr-dev/zephyr/include/zephyr/arch/posix/arch.h:26,
                 from /home/joeyw/zephyr-dev/zephyr/include/zephyr/arch/cpu.h:29,
                 from /home/joeyw/zephyr-dev/zephyr/include/zephyr/sys/cbprintf_internal.h:17,
                 from /home/joeyw/zephyr-dev/zephyr/include/zephyr/sys/cbprintf.h:124,
                 from /home/joeyw/zephyr-dev/zephyr/include/zephyr/logging/log_msg.h:11,
                 from /home/joeyw/zephyr-dev/zephyr/include/zephyr/logging/log_core.h:9,
                 from /home/joeyw/zephyr-dev/zephyr/include/zephyr/logging/log.h:11,
                 from /home/joeyw/zephyr-dev/apps/stm32h753zi_stepper/src/stepper_models.c:3:
/home/joeyw/zephyr-dev/zephyr/include/zephyr/init.h:169:55: error: initialization of ‘int (*)(void)’ from incompatible pointer type ‘int (*)(const struct device *)’ [-Werror=incompatible-pointer-types]
  169 |                 Z_INIT_ENTRY_NAME(name) = {.init_fn = (init_fn_), .dev = NULL}            \
      |                                                       ^
/home/joeyw/zephyr-dev/zephyr/include/zephyr/init.h:151:9: note: in expansion of macro ‘SYS_INIT_NAMED’
  151 |         SYS_INIT_NAMED(init_fn, init_fn, level, prio)
      |         ^~~~~~~~~~~~~~
/home/joeyw/zephyr-dev/apps/stm32h753zi_stepper/src/stepper_models.c:99:1: note: in expansion of macro ‘SYS_INIT’
   99 | SYS_INIT(stepper_settings_init, APPLICATION, CONFIG_KERNEL_INIT_PRIORITY_DEFAULT);
      | ^~~~~~~~
/home/joeyw/zephyr-dev/zephyr/include/zephyr/init.h:169:55: note: (near initialization for ‘__init_stepper_settings_init.init_fn’)
  169 |                 Z_INIT_ENTRY_NAME(name) = {.init_fn = (init_fn_), .dev = NULL}            \
      |                                                       ^
/home/joeyw/zephyr-dev/zephyr/include/zephyr/init.h:151:9: note: in expansion of macro ‘SYS_INIT_NAMED’
  151 |         SYS_INIT_NAMED(init_fn, init_fn, level, prio)
      |         ^~~~~~~~~~~~~~
/home/joeyw/zephyr-dev/apps/stm32h753zi_stepper/src/stepper_models.c:99:1: note: in expansion of macro ‘SYS_INIT’
   99 | SYS_INIT(stepper_settings_init, APPLICATION, CONFIG_KERNEL_INIT_PRIORITY_DEFAULT);
      | ^~~~~~~~
cc1: all warnings being treated as errors
[24/109] Building C object zephyr/CMakeFiles/zephyr.dir/lib/utils/hex.c.obj
[25/109] Building C object zephyr/CMakeFiles/zephyr.dir/lib/os/sem.c.obj
[26/109] Building C object zephyr/CMakeFiles/zephyr.dir/lib/utils/rb.c.obj
[27/109] Building C object zephyr/CMakeFiles/zephyr.dir/lib/os/cbprintf_complete.c.obj
[28/109] Building C object zephyr/CMakeFiles/zephyr.dir/lib/utils/timeutil.c.obj
[29/109] Building C object zephyr/CMakeFiles/zephyr.dir/lib/utils/bitarray.c.obj
ninja: build stopped: subcommand failed.
Loading Zephyr default modules (Zephyr base (cached)).
-- Application: /home/joeyw/zephyr-dev/apps/stm32h753zi_stepper/tests/unit
-- CMake version: 3.28.3
-- Cache files will be written to: /home/joeyw/.cache/zephyr
-- Zephyr version: 4.2.0 (/home/joeyw/zephyr-dev/zephyr)
-- Found west (found suitable version "1.4.0", minimum required is "0.14.0")
-- Board: native_sim, qualifiers: native
-- Found host-tools: zephyr 0.17.2 (/home/joeyw/zephyr-sdk-0.17.2)
-- Found toolchain: host (gcc/ld)
-- Found BOARD.dts: /home/joeyw/zephyr-dev/zephyr/boards/native/native_sim/native_sim.dts
-- Generated zephyr.dts: /home/joeyw/zephyr-dev/twister-out/native_sim_native/host/stm32h753zi_stepper.unit/zephyr/zephyr.dts
-- Generated pickled edt: /home/joeyw/zephyr-dev/twister-out/native_sim_native/host/stm32h753zi_stepper.unit/zephyr/edt.pickle
-- Generated devicetree_generated.h: /home/joeyw/zephyr-dev/twister-out/native_sim_native/host/stm32h753zi_stepper.unit/zephyr/include/generated/zephyr/devicetree_generated.h
Parsing /home/joeyw/zephyr-dev/zephyr/Kconfig
Loaded configuration '/home/joeyw/zephyr-dev/twister-out/native_sim_native/host/stm32h753zi_stepper.unit/zephyr/.config'
No change to configuration in '/home/joeyw/zephyr-dev/twister-out/native_sim_native/host/stm32h753zi_stepper.unit/zephyr/.config'
No change to Kconfig header in '/home/joeyw/zephyr-dev/twister-out/native_sim_native/host/stm32h753zi_stepper.unit/zephyr/include/generated/zephyr/autoconf.h'
-- Using ccache: /usr/bin/ccache
-- Found gen_kobject_list: /home/joeyw/zephyr-dev/zephyr/scripts/build/gen_kobject_list.py
-- Configuring done (2.5s)
-- Generating done (0.0s)
-- Build files have been written to: /home/joeyw/zephyr-dev/twister-out/native_sim_native/host/stm32h753zi_stepper.unit
[1/106] Generating misc/generated/syscalls.json, misc/generated/struct_tags.json
[2/83] Building C object zephyr/CMakeFiles/zephyr.dir/misc/generated/configs.c.obj
[3/83] Building C object zephyr/CMakeFiles/zephyr.dir/subsys/logging/log_cache.c.obj
[4/83] Building C object zephyr/CMakeFiles/zephyr.dir/lib/utils/ring_buffer.c.obj
[5/83] Building C object zephyr/CMakeFiles/zephyr.dir/subsys/logging/backends/log_backend_native_posix.c.obj
[6/83] Building C object CMakeFiles/app.dir/test_stepper_models.c.obj
FAILED: CMakeFiles/app.dir/test_stepper_models.c.obj 
ccache /usr/bin/gcc -DKERNEL -DK_HEAP_MEM_POOL_SIZE=0 -DTC_RUNID=7526dc86f326426fbb87a4e471940d99 -D__ZEPHYR__=1 -I/home/joeyw/zephyr-dev/twister-out/native_sim_native/host/stm32h753zi_stepper.unit/zephyr/include/generated/zephyr -I/home/joeyw/zephyr-dev/zephyr/include -I/home/joeyw/zephyr-dev/twister-out/native_sim_native/host/stm32h753zi_stepper.unit/zephyr/include/generated -I/home/joeyw/zephyr-dev/zephyr/soc/native/inf_clock -I/home/joeyw/zephyr-dev/zephyr/boards/native/native_sim -I/home/joeyw/zephyr-dev/zephyr/scripts/native_simulator/common/src/include -I/home/joeyw/zephyr-dev/zephyr/scripts/native_simulator/native/src/include -I/home/joeyw/zephyr-dev/zephyr/subsys/testsuite/include -I/home/joeyw/zephyr-dev/zephyr/subsys/testsuite/coverage -I/home/joeyw/zephyr-dev/zephyr/subsys/testsuite/ztest/include -I/home/joeyw/zephyr-dev/zephyr/subsys/settings/include -I/home/joeyw/zephyr-dev/modules/hal/ti/mspm0/source/ti/devices/msp/. -I/home/joeyw/zephyr-dev/modules/hal/ti/mspm0/source/ti/devices/msp/m0p -I/home/joeyw/zephyr-dev/modules/hal/ti/mspm0/source/ti/devices/msp/peripherals -I/home/joeyw/zephyr-dev/modules/hal/ti/mspm0/source/ti/devices/msp/peripherals/m0p -I/home/joeyw/zephyr-dev/modules/hal/ti/mspm0/source/ti/devices/msp/peripherals/m0p/sysctl -I/home/joeyw/zephyr-dev/apps/stm32h753zi_stepper/tests/unit/../../src -I/home/joeyw/zephyr-dev/apps/stm32h753zi_stepper/tests/unit/../../build/generated -fno-strict-aliasing -Werror -Os -imacros /home/joeyw/zephyr-dev/twister-out/native_sim_native/host/stm32h753zi_stepper.unit/zephyr/include/generated/zephyr/autoconf.h -fno-common -g -gdwarf-4 -fdiagnostics-color=always -Wall -Wformat -Wformat-security -Wno-format-zero-length -Wdouble-promotion -Wno-pointer-sign -Wpointer-arith -Wexpansion-to-defined -Wno-unused-but-set-variable -Werror=implicit-int -fno-pic -fno-pie -fno-asynchronous-unwind-tables -fno-reorder-functions --param=min-pagesize=0 -fno-defer-pop -fmacro-prefix-map=/home/joeyw/zephyr-dev/apps/stm32h753zi_stepper/tests/unit=CMAKE_SOURCE_DIR -fmacro-prefix-map=/home/joeyw/zephyr-dev/zephyr=ZEPHYR_BASE -fmacro-prefix-map=/home/joeyw/zephyr-dev=WEST_TOPDIR -ffunction-sections -fdata-sections -m32 -msse2 -mfpmath=sse -fvisibility=hidden -fno-freestanding -std=c11 -MD -MT CMakeFiles/app.dir/test_stepper_models.c.obj -MF CMakeFiles/app.dir/test_stepper_models.c.obj.d -o CMakeFiles/app.dir/test_stepper_models.c.obj -c /home/joeyw/zephyr-dev/apps/stm32h753zi_stepper/tests/unit/test_stepper_models.c
/home/joeyw/zephyr-dev/apps/stm32h753zi_stepper/tests/unit/test_stepper_models.c: In function ‘stepper_models_test_switch_and_enforce’:
/home/joeyw/zephyr-dev/apps/stm32h753zi_stepper/tests/unit/test_stepper_models.c:39:9: error: the address of ‘strict_spi_mock_register’ will always evaluate as ‘true’ [-Werror=address]
   39 |     if ((void *)strict_spi_mock_register) {
      |         ^
cc1: all warnings being treated as errors
[7/83] Building C object CMakeFiles/app.dir/home/joeyw/zephyr-dev/apps/stm32h753zi_stepper/src/stepper_models.c.obj
FAILED: CMakeFiles/app.dir/home/joeyw/zephyr-dev/apps/stm32h753zi_stepper/src/stepper_models.c.obj 
ccache /usr/bin/gcc -DKERNEL -DK_HEAP_MEM_POOL_SIZE=0 -DTC_RUNID=7526dc86f326426fbb87a4e471940d99 -D__ZEPHYR__=1 -I/home/joeyw/zephyr-dev/twister-out/native_sim_native/host/stm32h753zi_stepper.unit/zephyr/include/generated/zephyr -I/home/joeyw/zephyr-dev/zephyr/include -I/home/joeyw/zephyr-dev/twister-out/native_sim_native/host/stm32h753zi_stepper.unit/zephyr/include/generated -I/home/joeyw/zephyr-dev/zephyr/soc/native/inf_clock -I/home/joeyw/zephyr-dev/zephyr/boards/native/native_sim -I/home/joeyw/zephyr-dev/zephyr/scripts/native_simulator/common/src/include -I/home/joeyw/zephyr-dev/zephyr/scripts/native_simulator/native/src/include -I/home/joeyw/zephyr-dev/zephyr/subsys/testsuite/include -I/home/joeyw/zephyr-dev/zephyr/subsys/testsuite/coverage -I/home/joeyw/zephyr-dev/zephyr/subsys/testsuite/ztest/include -I/home/joeyw/zephyr-dev/zephyr/subsys/settings/include -I/home/joeyw/zephyr-dev/modules/hal/ti/mspm0/source/ti/devices/msp/. -I/home/joeyw/zephyr-dev/modules/hal/ti/mspm0/source/ti/devices/msp/m0p -I/home/joeyw/zephyr-dev/modules/hal/ti/mspm0/source/ti/devices/msp/peripherals -I/home/joeyw/zephyr-dev/modules/hal/ti/mspm0/source/ti/devices/msp/peripherals/m0p -I/home/joeyw/zephyr-dev/modules/hal/ti/mspm0/source/ti/devices/msp/peripherals/m0p/sysctl -I/home/joeyw/zephyr-dev/apps/stm32h753zi_stepper/tests/unit/../../src -I/home/joeyw/zephyr-dev/apps/stm32h753zi_stepper/tests/unit/../../build/generated -fno-strict-aliasing -Werror -Os -imacros /home/joeyw/zephyr-dev/twister-out/native_sim_native/host/stm32h753zi_stepper.unit/zephyr/include/generated/zephyr/autoconf.h -fno-common -g -gdwarf-4 -fdiagnostics-color=always -Wall -Wformat -Wformat-security -Wno-format-zero-length -Wdouble-promotion -Wno-pointer-sign -Wpointer-arith -Wexpansion-to-defined -Wno-unused-but-set-variable -Werror=implicit-int -fno-pic -fno-pie -fno-asynchronous-unwind-tables -fno-reorder-functions --param=min-pagesize=0 -fno-defer-pop -fmacro-prefix-map=/home/joeyw/zephyr-dev/apps/stm32h753zi_stepper/tests/unit=CMAKE_SOURCE_DIR -fmacro-prefix-map=/home/joeyw/zephyr-dev/zephyr=ZEPHYR_BASE -fmacro-prefix-map=/home/joeyw/zephyr-dev=WEST_TOPDIR -ffunction-sections -fdata-sections -m32 -msse2 -mfpmath=sse -fvisibility=hidden -fno-freestanding -std=c11 -MD -MT CMakeFiles/app.dir/home/joeyw/zephyr-dev/apps/stm32h753zi_stepper/src/stepper_models.c.obj -MF CMakeFiles/app.dir/home/joeyw/zephyr-dev/apps/stm32h753zi_stepper/src/stepper_models.c.obj.d -o CMakeFiles/app.dir/home/joeyw/zephyr-dev/apps/stm32h753zi_stepper/src/stepper_models.c.obj -c /home/joeyw/zephyr-dev/apps/stm32h753zi_stepper/src/stepper_models.c
In file included from /home/joeyw/zephyr-dev/zephyr/include/zephyr/device.h:13,
                 from /home/joeyw/zephyr-dev/zephyr/include/zephyr/sw_isr_table.h:18,
                 from /home/joeyw/zephyr-dev/zephyr/boards/native/native_sim/../common/irq/board_irq.h:11,
                 from /home/joeyw/zephyr-dev/zephyr/boards/native/native_sim/board_irq.h:10,
                 from /home/joeyw/zephyr-dev/zephyr/soc/native/inf_clock/soc_irq.h:10,
                 from /home/joeyw/zephyr-dev/zephyr/include/zephyr/arch/posix/posix_soc_if.h:18,
                 from /home/joeyw/zephyr-dev/zephyr/include/zephyr/arch/posix/asm_inline_gcc.h:29,
                 from /home/joeyw/zephyr-dev/zephyr/include/zephyr/arch/posix/asm_inline.h:18,
                 from /home/joeyw/zephyr-dev/zephyr/include/zephyr/arch/posix/arch.h:26,
                 from /home/joeyw/zephyr-dev/zephyr/include/zephyr/arch/cpu.h:29,
                 from /home/joeyw/zephyr-dev/zephyr/include/zephyr/sys/cbprintf_internal.h:17,
                 from /home/joeyw/zephyr-dev/zephyr/include/zephyr/sys/cbprintf.h:124,
                 from /home/joeyw/zephyr-dev/zephyr/include/zephyr/logging/log_msg.h:11,
                 from /home/joeyw/zephyr-dev/zephyr/include/zephyr/logging/log_core.h:9,
                 from /home/joeyw/zephyr-dev/zephyr/include/zephyr/logging/log.h:11,
                 from /home/joeyw/zephyr-dev/apps/stm32h753zi_stepper/src/stepper_models.c:3:
/home/joeyw/zephyr-dev/zephyr/include/zephyr/init.h:169:55: error: initialization of ‘int (*)(void)’ from incompatible pointer type ‘int (*)(const struct device *)’ [-Werror=incompatible-pointer-types]
  169 |                 Z_INIT_ENTRY_NAME(name) = {.init_fn = (init_fn_), .dev = NULL}            \
      |                                                       ^
/home/joeyw/zephyr-dev/zephyr/include/zephyr/init.h:151:9: note: in expansion of macro ‘SYS_INIT_NAMED’
  151 |         SYS_INIT_NAMED(init_fn, init_fn, level, prio)
      |         ^~~~~~~~~~~~~~
/home/joeyw/zephyr-dev/apps/stm32h753zi_stepper/src/stepper_models.c:99:1: note: in expansion of macro ‘SYS_INIT’
   99 | SYS_INIT(stepper_settings_init, APPLICATION, CONFIG_KERNEL_INIT_PRIORITY_DEFAULT);
      | ^~~~~~~~
/home/joeyw/zephyr-dev/zephyr/include/zephyr/init.h:169:55: note: (near initialization for ‘__init_stepper_settings_init.init_fn’)
  169 |                 Z_INIT_ENTRY_NAME(name) = {.init_fn = (init_fn_), .dev = NULL}            \
      |                                                       ^
/home/joeyw/zephyr-dev/zephyr/include/zephyr/init.h:151:9: note: in expansion of macro ‘SYS_INIT_NAMED’
  151 |         SYS_INIT_NAMED(init_fn, init_fn, level, prio)
      |         ^~~~~~~~~~~~~~
/home/joeyw/zephyr-dev/apps/stm32h753zi_stepper/src/stepper_models.c:99:1: note: in expansion of macro ‘SYS_INIT’
   99 | SYS_INIT(stepper_settings_init, APPLICATION, CONFIG_KERNEL_INIT_PRIORITY_DEFAULT);
      | ^~~~~~~~
cc1: all warnings being treated as errors
[8/83] Building C object zephyr/CMakeFiles/zephyr.dir/subsys/logging/log_msg.c.obj
[9/83] Building C object zephyr/CMakeFiles/zephyr.dir/subsys/logging/log_mgmt.c.obj
[10/83] Building C object zephyr/CMakeFiles/zephyr.dir/subsys/tracing/tracing_none.c.obj
[11/83] Building C object zephyr/CMakeFiles/zephyr.dir/subsys/logging/log_core.c.obj
[12/83] Building C object zephyr/CMakeFiles/zephyr.dir/subsys/logging/log_output.c.obj
[13/83] Building C object zephyr/CMakeFiles/zephyr.dir/subsys/settings/src/settings_init.c.obj
[14/83] Building C object zephyr/CMakeFiles/zephyr.dir/subsys/settings/src/settings_store.c.obj
[15/83] Building C object zephyr/CMakeFiles/zephyr.dir/subsys/settings/src/settings.c.obj
ninja: build stopped: subcommand failed.
Loading Zephyr default modules (Zephyr base (cached)).
-- Application: /home/joeyw/zephyr-dev/apps/stm32h753zi_stepper/tests/unit
-- CMake version: 3.28.3
-- Cache files will be written to: /home/joeyw/.cache/zephyr
-- Zephyr version: 4.2.0 (/home/joeyw/zephyr-dev/zephyr)
-- Found west (found suitable version "1.4.0", minimum required is "0.14.0")
-- Board: native_sim, qualifiers: native
-- Found host-tools: zephyr 0.17.2 (/home/joeyw/zephyr-sdk-0.17.2)
-- Found toolchain: host (gcc/ld)
-- Found BOARD.dts: /home/joeyw/zephyr-dev/zephyr/boards/native/native_sim/native_sim.dts
-- Generated zephyr.dts: /home/joeyw/zephyr-dev/twister-out/native_sim_native/host/stm32h753zi_stepper.unit/zephyr/zephyr.dts
-- Generated pickled edt: /home/joeyw/zephyr-dev/twister-out/native_sim_native/host/stm32h753zi_stepper.unit/zephyr/edt.pickle
-- Generated devicetree_generated.h: /home/joeyw/zephyr-dev/twister-out/native_sim_native/host/stm32h753zi_stepper.unit/zephyr/include/generated/zephyr/devicetree_generated.h
Parsing /home/joeyw/zephyr-dev/zephyr/Kconfig
Loaded configuration '/home/joeyw/zephyr-dev/twister-out/native_sim_native/host/stm32h753zi_stepper.unit/zephyr/.config'
No change to configuration in '/home/joeyw/zephyr-dev/twister-out/native_sim_native/host/stm32h753zi_stepper.unit/zephyr/.config'
No change to Kconfig header in '/home/joeyw/zephyr-dev/twister-out/native_sim_native/host/stm32h753zi_stepper.unit/zephyr/include/generated/zephyr/autoconf.h'
-- Using ccache: /usr/bin/ccache
-- Found gen_kobject_list: /home/joeyw/zephyr-dev/zephyr/scripts/build/gen_kobject_list.py
-- Configuring done (2.5s)
-- Generating done (0.0s)
-- Build files have been written to: /home/joeyw/zephyr-dev/twister-out/native_sim_native/host/stm32h753zi_stepper.unit
[1/103] Generating misc/generated/syscalls.json, misc/generated/struct_tags.json
[2/71] Generating linker_zephyr_pre0.cmd
[3/71] Building C object zephyr/CMakeFiles/zephyr.dir/subsys/settings/src/settings_none.c.obj
[4/71] Building C object zephyr/CMakeFiles/zephyr_pre0.dir/misc/empty_file.c.obj
[5/71] Building C object zephyr/arch/arch/posix/core/CMakeFiles/arch__posix__core.dir/posix_core_nsi.c.obj
[6/71] Building C object zephyr/arch/arch/posix/core/CMakeFiles/arch__posix__core.dir/irq.c.obj
[7/71] Building C object zephyr/arch/arch/posix/core/CMakeFiles/arch__posix__core.dir/cpuhalt.c.obj
[8/71] Building C object zephyr/soc/soc/native/CMakeFiles/soc__native__inf_clock.dir/native_tasks.c.obj
[9/71] Building C object zephyr/arch/arch/posix/core/CMakeFiles/arch__posix__core.dir/swap.c.obj
[10/71] Building C object CMakeFiles/app.dir/home/joeyw/zephyr-dev/apps/stm32h753zi_stepper/src/stepper_models.c.obj
FAILED: CMakeFiles/app.dir/home/joeyw/zephyr-dev/apps/stm32h753zi_stepper/src/stepper_models.c.obj 
ccache /usr/bin/gcc -DKERNEL -DK_HEAP_MEM_POOL_SIZE=0 -DTC_RUNID=7526dc86f326426fbb87a4e471940d99 -D__ZEPHYR__=1 -I/home/joeyw/zephyr-dev/twister-out/native_sim_native/host/stm32h753zi_stepper.unit/zephyr/include/generated/zephyr -I/home/joeyw/zephyr-dev/zephyr/include -I/home/joeyw/zephyr-dev/twister-out/native_sim_native/host/stm32h753zi_stepper.unit/zephyr/include/generated -I/home/joeyw/zephyr-dev/zephyr/soc/native/inf_clock -I/home/joeyw/zephyr-dev/zephyr/boards/native/native_sim -I/home/joeyw/zephyr-dev/zephyr/scripts/native_simulator/common/src/include -I/home/joeyw/zephyr-dev/zephyr/scripts/native_simulator/native/src/include -I/home/joeyw/zephyr-dev/zephyr/subsys/testsuite/include -I/home/joeyw/zephyr-dev/zephyr/subsys/testsuite/coverage -I/home/joeyw/zephyr-dev/zephyr/subsys/testsuite/ztest/include -I/home/joeyw/zephyr-dev/zephyr/subsys/settings/include -I/home/joeyw/zephyr-dev/modules/hal/ti/mspm0/source/ti/devices/msp/. -I/home/joeyw/zephyr-dev/modules/hal/ti/mspm0/source/ti/devices/msp/m0p -I/home/joeyw/zephyr-dev/modules/hal/ti/mspm0/source/ti/devices/msp/peripherals -I/home/joeyw/zephyr-dev/modules/hal/ti/mspm0/source/ti/devices/msp/peripherals/m0p -I/home/joeyw/zephyr-dev/modules/hal/ti/mspm0/source/ti/devices/msp/peripherals/m0p/sysctl -I/home/joeyw/zephyr-dev/apps/stm32h753zi_stepper/tests/unit/../../src -I/home/joeyw/zephyr-dev/apps/stm32h753zi_stepper/tests/unit/../../build/generated -fno-strict-aliasing -Werror -Os -imacros /home/joeyw/zephyr-dev/twister-out/native_sim_native/host/stm32h753zi_stepper.unit/zephyr/include/generated/zephyr/autoconf.h -fno-common -g -gdwarf-4 -fdiagnostics-color=always -Wall -Wformat -Wformat-security -Wno-format-zero-length -Wdouble-promotion -Wno-pointer-sign -Wpointer-arith -Wexpansion-to-defined -Wno-unused-but-set-variable -Werror=implicit-int -fno-pic -fno-pie -fno-asynchronous-unwind-tables -fno-reorder-functions --param=min-pagesize=0 -fno-defer-pop -fmacro-prefix-map=/home/joeyw/zephyr-dev/apps/stm32h753zi_stepper/tests/unit=CMAKE_SOURCE_DIR -fmacro-prefix-map=/home/joeyw/zephyr-dev/zephyr=ZEPHYR_BASE -fmacro-prefix-map=/home/joeyw/zephyr-dev=WEST_TOPDIR -ffunction-sections -fdata-sections -m32 -msse2 -mfpmath=sse -fvisibility=hidden -fno-freestanding -std=c11 -MD -MT CMakeFiles/app.dir/home/joeyw/zephyr-dev/apps/stm32h753zi_stepper/src/stepper_models.c.obj -MF CMakeFiles/app.dir/home/joeyw/zephyr-dev/apps/stm32h753zi_stepper/src/stepper_models.c.obj.d -o CMakeFiles/app.dir/home/joeyw/zephyr-dev/apps/stm32h753zi_stepper/src/stepper_models.c.obj -c /home/joeyw/zephyr-dev/apps/stm32h753zi_stepper/src/stepper_models.c
In file included from /home/joeyw/zephyr-dev/zephyr/include/zephyr/device.h:13,
                 from /home/joeyw/zephyr-dev/zephyr/include/zephyr/sw_isr_table.h:18,
                 from /home/joeyw/zephyr-dev/zephyr/boards/native/native_sim/../common/irq/board_irq.h:11,
                 from /home/joeyw/zephyr-dev/zephyr/boards/native/native_sim/board_irq.h:10,
                 from /home/joeyw/zephyr-dev/zephyr/soc/native/inf_clock/soc_irq.h:10,
                 from /home/joeyw/zephyr-dev/zephyr/include/zephyr/arch/posix/posix_soc_if.h:18,
                 from /home/joeyw/zephyr-dev/zephyr/include/zephyr/arch/posix/asm_inline_gcc.h:29,
                 from /home/joeyw/zephyr-dev/zephyr/include/zephyr/arch/posix/asm_inline.h:18,
                 from /home/joeyw/zephyr-dev/zephyr/include/zephyr/arch/posix/arch.h:26,
                 from /home/joeyw/zephyr-dev/zephyr/include/zephyr/arch/cpu.h:29,
                 from /home/joeyw/zephyr-dev/zephyr/include/zephyr/sys/cbprintf_internal.h:17,
                 from /home/joeyw/zephyr-dev/zephyr/include/zephyr/sys/cbprintf.h:124,
                 from /home/joeyw/zephyr-dev/zephyr/include/zephyr/logging/log_msg.h:11,
                 from /home/joeyw/zephyr-dev/zephyr/include/zephyr/logging/log_core.h:9,
                 from /home/joeyw/zephyr-dev/zephyr/include/zephyr/logging/log.h:11,
                 from /home/joeyw/zephyr-dev/apps/stm32h753zi_stepper/src/stepper_models.c:3:
/home/joeyw/zephyr-dev/zephyr/include/zephyr/init.h:169:55: error: initialization of ‘int (*)(void)’ from incompatible pointer type ‘int (*)(const struct device *)’ [-Werror=incompatible-pointer-types]
  169 |                 Z_INIT_ENTRY_NAME(name) = {.init_fn = (init_fn_), .dev = NULL}            \
      |                                                       ^
/home/joeyw/zephyr-dev/zephyr/include/zephyr/init.h:151:9: note: in expansion of macro ‘SYS_INIT_NAMED’
  151 |         SYS_INIT_NAMED(init_fn, init_fn, level, prio)
      |         ^~~~~~~~~~~~~~
/home/joeyw/zephyr-dev/apps/stm32h753zi_stepper/src/stepper_models.c:99:1: note: in expansion of macro ‘SYS_INIT’
   99 | SYS_INIT(stepper_settings_init, APPLICATION, CONFIG_KERNEL_INIT_PRIORITY_DEFAULT);
      | ^~~~~~~~
/home/joeyw/zephyr-dev/zephyr/include/zephyr/init.h:169:55: note: (near initialization for ‘__init_stepper_settings_init.init_fn’)
  169 |                 Z_INIT_ENTRY_NAME(name) = {.init_fn = (init_fn_), .dev = NULL}            \
      |                                                       ^
/home/joeyw/zephyr-dev/zephyr/include/zephyr/init.h:151:9: note: in expansion of macro ‘SYS_INIT_NAMED’
  151 |         SYS_INIT_NAMED(init_fn, init_fn, level, prio)
      |         ^~~~~~~~~~~~~~
/home/joeyw/zephyr-dev/apps/stm32h753zi_stepper/src/stepper_models.c:99:1: note: in expansion of macro ‘SYS_INIT’
   99 | SYS_INIT(stepper_settings_init, APPLICATION, CONFIG_KERNEL_INIT_PRIORITY_DEFAULT);
      | ^~~~~~~~
cc1: all warnings being treated as errors
[11/71] Building C object zephyr/arch/arch/posix/core/CMakeFiles/arch__posix__core.dir/fatal.c.obj
[12/71] Building C object zephyr/soc/soc/native/CMakeFiles/soc__native__inf_clock.dir/native_remap.c.obj
[13/71] Building C object zephyr/boards/native/native_sim/CMakeFiles/boards__native__native_sim.dir/cmdline.c.obj
[14/71] Building C object CMakeFiles/app.dir/test_stepper_models.c.obj
FAILED: CMakeFiles/app.dir/test_stepper_models.c.obj 
ccache /usr/bin/gcc -DKERNEL -DK_HEAP_MEM_POOL_SIZE=0 -DTC_RUNID=7526dc86f326426fbb87a4e471940d99 -D__ZEPHYR__=1 -I/home/joeyw/zephyr-dev/twister-out/native_sim_native/host/stm32h753zi_stepper.unit/zephyr/include/generated/zephyr -I/home/joeyw/zephyr-dev/zephyr/include -I/home/joeyw/zephyr-dev/twister-out/native_sim_native/host/stm32h753zi_stepper.unit/zephyr/include/generated -I/home/joeyw/zephyr-dev/zephyr/soc/native/inf_clock -I/home/joeyw/zephyr-dev/zephyr/boards/native/native_sim -I/home/joeyw/zephyr-dev/zephyr/scripts/native_simulator/common/src/include -I/home/joeyw/zephyr-dev/zephyr/scripts/native_simulator/native/src/include -I/home/joeyw/zephyr-dev/zephyr/subsys/testsuite/include -I/home/joeyw/zephyr-dev/zephyr/subsys/testsuite/coverage -I/home/joeyw/zephyr-dev/zephyr/subsys/testsuite/ztest/include -I/home/joeyw/zephyr-dev/zephyr/subsys/settings/include -I/home/joeyw/zephyr-dev/modules/hal/ti/mspm0/source/ti/devices/msp/. -I/home/joeyw/zephyr-dev/modules/hal/ti/mspm0/source/ti/devices/msp/m0p -I/home/joeyw/zephyr-dev/modules/hal/ti/mspm0/source/ti/devices/msp/peripherals -I/home/joeyw/zephyr-dev/modules/hal/ti/mspm0/source/ti/devices/msp/peripherals/m0p -I/home/joeyw/zephyr-dev/modules/hal/ti/mspm0/source/ti/devices/msp/peripherals/m0p/sysctl -I/home/joeyw/zephyr-dev/apps/stm32h753zi_stepper/tests/unit/../../src -I/home/joeyw/zephyr-dev/apps/stm32h753zi_stepper/tests/unit/../../build/generated -fno-strict-aliasing -Werror -Os -imacros /home/joeyw/zephyr-dev/twister-out/native_sim_native/host/stm32h753zi_stepper.unit/zephyr/include/generated/zephyr/autoconf.h -fno-common -g -gdwarf-4 -fdiagnostics-color=always -Wall -Wformat -Wformat-security -Wno-format-zero-length -Wdouble-promotion -Wno-pointer-sign -Wpointer-arith -Wexpansion-to-defined -Wno-unused-but-set-variable -Werror=implicit-int -fno-pic -fno-pie -fno-asynchronous-unwind-tables -fno-reorder-functions --param=min-pagesize=0 -fno-defer-pop -fmacro-prefix-map=/home/joeyw/zephyr-dev/apps/stm32h753zi_stepper/tests/unit=CMAKE_SOURCE_DIR -fmacro-prefix-map=/home/joeyw/zephyr-dev/zephyr=ZEPHYR_BASE -fmacro-prefix-map=/home/joeyw/zephyr-dev=WEST_TOPDIR -ffunction-sections -fdata-sections -m32 -msse2 -mfpmath=sse -fvisibility=hidden -fno-freestanding -std=c11 -MD -MT CMakeFiles/app.dir/test_stepper_models.c.obj -MF CMakeFiles/app.dir/test_stepper_models.c.obj.d -o CMakeFiles/app.dir/test_stepper_models.c.obj -c /home/joeyw/zephyr-dev/apps/stm32h753zi_stepper/tests/unit/test_stepper_models.c
/home/joeyw/zephyr-dev/apps/stm32h753zi_stepper/tests/unit/test_stepper_models.c: In function ‘stepper_models_test_switch_and_enforce’:
/home/joeyw/zephyr-dev/apps/stm32h753zi_stepper/tests/unit/test_stepper_models.c:39:9: error: the address of ‘strict_spi_mock_register’ will always evaluate as ‘true’ [-Werror=address]
   39 |     if ((void *)strict_spi_mock_register) {
      |         ^
cc1: all warnings being treated as errors
[15/71] Building C object zephyr/arch/arch/posix/core/CMakeFiles/arch__posix__core.dir/thread.c.obj
[16/71] Building C object zephyr/CMakeFiles/zephyr.dir/subsys/settings/src/settings_line.c.obj
[17/71] Building C object zephyr/soc/soc/native/CMakeFiles/soc__native__inf_clock.dir/soc.c.obj
[18/71] Building C object zephyr/boards/native/native_sim/CMakeFiles/boards__native__native_sim.dir/cpu_wait.c.obj
[19/71] Building C object zephyr/boards/native/native_sim/CMakeFiles/boards__native__native_sim.dir/nsi_if.c.obj
ninja: build stopped: subcommand failed.
